#
# There is insufficient memory for the Java Runtime Environment to continue.
# Native memory allocation (malloc) failed to allocate 277568 bytes for Chunk::new
# Possible reasons:
#   The system is out of physical RAM or swap space
#   The process is running with CompressedOops enabled, and the Java Heap may be blocking the growth of the native heap
# Possible solutions:
#   Reduce memory load on the system
#   Increase physical memory or swap space
#   Check if swap backing store is full
#   Decrease Java heap size (-Xmx/-Xms)
#   Decrease number of Java threads
#   Decrease Java thread stack sizes (-Xss)
#   Set larger code cache with -XX:ReservedCodeCacheSize=
#   JVM is running with Unscaled Compressed Oops mode in which the Java heap is
#     placed in the first 4GB address space. The Java Heap base address is the
#     maximum limit for the native heap growth. Please use -XX:HeapBaseMinAddress
#     to set the Java Heap base and to place the Java Heap above 4GB virtual address.
# This output file may be truncated or incomplete.
#
#  Out of Memory Error (arena.cpp:184), pid=2864, tid=10208
#
# JRE version: Java(TM) SE Runtime Environment (20.0.2+9) (build 20.0.2+9-78)
# Java VM: Java HotSpot(TM) 64-Bit Server VM (20.0.2+9-78, mixed mode, sharing, tiered, compressed oops, compressed class ptrs, g1 gc, windows-amd64)
# No core dump will be written. Minidumps are not enabled by default on client versions of Windows
#

---------------  S U M M A R Y ------------

Command Line: --module-path=C:\Users\yassi\.m2\repository\org\openjfx\javafx-base\17\javafx-base-17-win.jar;C:\Users\yassi\.m2\repository\org\openjfx\javafx-base\17\javafx-base-17.jar;C:\Users\yassi\.m2\repository\org\openjfx\javafx-controls\17\javafx-controls-17-win.jar;C:\Users\yassi\.m2\repository\org\openjfx\javafx-controls\17\javafx-controls-17.jar;C:\Users\yassi\.m2\repository\org\openjfx\javafx-fxml\21.0.2\javafx-fxml-21.0.2-win.jar;C:\Users\yassi\.m2\repository\org\openjfx\javafx-fxml\21.0.2\javafx-fxml-21.0.2.jar;C:\Users\yassi\.m2\repository\org\openjfx\javafx-graphics\17\javafx-graphics-17-win.jar;C:\Users\yassi\.m2\repository\org\openjfx\javafx-graphics\17\javafx-graphics-17.jar --add-modules=javafx.base,javafx.base,javafx.controls,javafx.controls,javafx.fxml,javafx.graphics,javafx.graphics test.MainFX

Host: Intel(R) Core(TM) i5-10300H CPU @ 2.50GHz, 8 cores, 7G,  Windows 11 , 64 bit Build 22621 (10.0.22621.3085)
Time: Mon Feb 26 12:59:16 2024 Afr. centrale Ouest elapsed time: 1.155397 seconds (0d 0h 0m 1s)

---------------  T H R E A D  ---------------

Current thread (0x00000147e834a9d0):  JavaThread "C2 CompilerThread0" daemon [_thread_in_native, id=10208, stack(0x0000001c2fa00000,0x0000001c2fb00000)]


Current CompileTask:
C2:   1155 1028       4       java.util.Properties::loadConvert (540 bytes)

Stack: [0x0000001c2fa00000,0x0000001c2fb00000]
Native frames: (J=compiled Java code, j=interpreted, Vv=VM code, C=native code)
V  [jvm.dll+0x6bc25a]
V  [jvm.dll+0x84971a]
V  [jvm.dll+0x84b315]
V  [jvm.dll+0x84ba13]
V  [jvm.dll+0x280e4f]
V  [jvm.dll+0xc2ab1]
V  [jvm.dll+0xc2dd5]
V  [jvm.dll+0x3bb64c]
V  [jvm.dll+0x385b75]
V  [jvm.dll+0x384fea]
V  [jvm.dll+0x24b529]
V  [jvm.dll+0x24a921]
V  [jvm.dll+0x1ce761]
V  [jvm.dll+0x25a0eb]
V  [jvm.dll+0x2587c0]
V  [jvm.dll+0x3f2dd5]
V  [jvm.dll+0x7f5c76]
V  [jvm.dll+0x6baecb]
C  [ucrtbase.dll+0x29363]
C  [KERNEL32.DLL+0x1257d]
C  [ntdll.dll+0x5aa58]


---------------  P R O C E S S  ---------------

Threads class SMR info:
_java_thread_list=0x00000147f1c21950, length=18, elements={
0x00000147cb9df140, 0x00000147e8336150, 0x00000147e8336ff0, 0x00000147e833b980,
0x00000147e833d750, 0x00000147e8340940, 0x00000147e8341f60, 0x00000147e834a9d0,
0x00000147e836b970, 0x00000147ec617860, 0x00000147ec75c000, 0x00000147ec846e10,
0x00000147ecc47630, 0x00000147ecc50e40, 0x00000147f1b84e10, 0x00000147f1ba67c0,
0x00000147f1c3df20, 0x00000147f1b9afb0
}

Java Threads: ( => current thread )
  0x00000147cb9df140 JavaThread "main" [_thread_blocked, id=25888, stack(0x0000001c2ed00000,0x0000001c2ee00000)]
  0x00000147e8336150 JavaThread "Reference Handler" daemon [_thread_blocked, id=22900, stack(0x0000001c2f400000,0x0000001c2f500000)]
  0x00000147e8336ff0 JavaThread "Finalizer" daemon [_thread_blocked, id=22372, stack(0x0000001c2f500000,0x0000001c2f600000)]
  0x00000147e833b980 JavaThread "Signal Dispatcher" daemon [_thread_blocked, id=6900, stack(0x0000001c2f600000,0x0000001c2f700000)]
  0x00000147e833d750 JavaThread "Attach Listener" daemon [_thread_blocked, id=16140, stack(0x0000001c2f700000,0x0000001c2f800000)]
  0x00000147e8340940 JavaThread "Service Thread" daemon [_thread_blocked, id=18116, stack(0x0000001c2f800000,0x0000001c2f900000)]
  0x00000147e8341f60 JavaThread "Monitor Deflation Thread" daemon [_thread_blocked, id=19040, stack(0x0000001c2f900000,0x0000001c2fa00000)]
=>0x00000147e834a9d0 JavaThread "C2 CompilerThread0" daemon [_thread_in_native, id=10208, stack(0x0000001c2fa00000,0x0000001c2fb00000)]
  0x00000147e836b970 JavaThread "C1 CompilerThread0" daemon [_thread_in_native, id=17680, stack(0x0000001c2fb00000,0x0000001c2fc00000)]
  0x00000147ec617860 JavaThread "Common-Cleaner" daemon [_thread_blocked, id=26100, stack(0x0000001c2fc00000,0x0000001c2fd00000)]
  0x00000147ec75c000 JavaThread "Notification Thread" daemon [_thread_blocked, id=26336, stack(0x0000001c2fe00000,0x0000001c2ff00000)]
  0x00000147ec846e10 JavaThread "QuantumRenderer-0" daemon [_thread_blocked, id=20456, stack(0x0000001c2fd00000,0x0000001c2fe00000)]
  0x00000147ecc47630 JavaThread "InvokeLaterDispatcher" daemon [_thread_blocked, id=420, stack(0x0000001c30100000,0x0000001c30200000)]
  0x00000147ecc50e40 JavaThread "JavaFX Application Thread" [_thread_in_vm, id=9176, stack(0x0000001c30200000,0x0000001c30300000)]
  0x00000147f1b84e10 JavaThread "JavaFX-Launcher" [_thread_blocked, id=26512, stack(0x0000001c30600000,0x0000001c30700000)]
  0x00000147f1ba67c0 JavaThread "Thread-2" daemon [_thread_in_native, id=4276, stack(0x0000001c30500000,0x0000001c30600000)]
  0x00000147f1c3df20 JavaThread "mysql-cj-abandoned-connection-cleanup" daemon [_thread_blocked, id=14704, stack(0x0000001c30700000,0x0000001c30800000)]
  0x00000147f1b9afb0 JavaThread "C2 CompilerThread1" daemon [_thread_in_native, id=16372, stack(0x0000001c30800000,0x0000001c30900000)]

Other Threads:
  0x00000147e831a320 VMThread "VM Thread" [stack: 0x0000001c2f300000,0x0000001c2f400000] [id=21108]
  0x00000147cb9dfbb0 WatcherThread "VM Periodic Task Thread" [stack: 0x0000001c2ff00000,0x0000001c30000000] [id=26408]
  0x00000147cba3fcb0 WorkerThread "GC Thread#0" [stack: 0x0000001c2ee00000,0x0000001c2ef00000] [id=16620]
  0x00000147f1cea8a0 WorkerThread "GC Thread#1" [stack: 0x0000001c30900000,0x0000001c30a00000] [id=18948]
  0x00000147f1cebf20 WorkerThread "GC Thread#2" [stack: 0x0000001c30a00000,0x0000001c30b00000] [id=23176]
  0x00000147f1cec1f0 WorkerThread "GC Thread#3" [stack: 0x0000001c30b00000,0x0000001c30c00000] [id=18172]
  0x00000147f1ceae40 WorkerThread "GC Thread#4" [stack: 0x0000001c30c00000,0x0000001c30d00000] [id=7180]
  0x00000147f1ceb3e0 WorkerThread "GC Thread#5" [stack: 0x0000001c30d00000,0x0000001c30e00000] [id=21228]
  0x00000147f1ceb980 WorkerThread "GC Thread#6" [stack: 0x0000001c30e00000,0x0000001c30f00000] [id=20344]
  0x00000147cba506a0 ConcurrentGCThread "G1 Main Marker" [stack: 0x0000001c2ef00000,0x0000001c2f000000] [id=22316]
  0x00000147cba51870 WorkerThread "G1 Conc#0" [stack: 0x0000001c2f000000,0x0000001c2f100000] [id=25416]
  0x00000147e81db350 ConcurrentGCThread "G1 Refine#0" [stack: 0x0000001c2f100000,0x0000001c2f200000] [id=21512]
  0x00000147e81dbdf0 ConcurrentGCThread "G1 Service" [stack: 0x0000001c2f200000,0x0000001c2f300000] [id=16960]

Threads with active compile tasks:
C2 CompilerThread0     1196 1028       4       java.util.Properties::loadConvert (540 bytes)
C1 CompilerThread0     1196 1120       3       java.net.URLStreamHandler::setURL (156 bytes)
C2 CompilerThread1     1196 1122   !   4       java.util.concurrent.ConcurrentHashMap::putVal (432 bytes)

VM state: not at safepoint (normal execution)

VM Mutex/Monitor currently owned by a thread: None

Heap address: 0x0000000083600000, size: 1994 MB, Compressed Oops mode: 32-bit

CDS archive(s) mapped at: [0x0000014780000000-0x0000014780c60000-0x0000014780c60000), size 12976128, SharedBaseAddress: 0x0000014780000000, ArchiveRelocationMode: 1.
Compressed class space mapped at: 0x0000014781000000-0x00000147c1000000, reserved size: 1073741824
Narrow klass base: 0x0000014780000000, Narrow klass shift: 0, Narrow klass range: 0x100000000

GC Precious Log:
 CardTable entry size: 512
 Card Set container configuration: InlinePtr #cards 5 size 8 Array Of Cards #cards 12 size 40 Howl #buckets 4 coarsen threshold 1843 Howl Bitmap #cards 512 size 80 coarsen threshold 460 Card regions per heap region 1 cards per card region 2048
 CPUs: 8 total, 8 available
 Memory: 7968M
 Large Page Support: Disabled
 NUMA Support: Disabled
 Compressed Oops: Enabled (32-bit)
 Heap Region Size: 1M
 Heap Min Capacity: 8M
 Heap Initial Capacity: 126M
 Heap Max Capacity: 1994M
 Pre-touch: Disabled
 Parallel Workers: 8
 Concurrent Workers: 2
 Concurrent Refinement Workers: 8
 Periodic GC: Disabled

Heap:
 garbage-first heap   total 129024K, used 7001K [0x0000000083600000, 0x0000000100000000)
  region size 1024K, 7 young (7168K), 3 survivors (3072K)
 Metaspace       used 7106K, committed 7296K, reserved 1114112K
  class space    used 750K, committed 832K, reserved 1048576K

Heap Regions: E=young(eden), S=young(survivor), O=old, HS=humongous(starts), HC=humongous(continues), CS=collection set, F=free, OA=open archive, CA=closed archive, TAMS=top-at-mark-start, PB=parsable bottom
|   0|0x0000000083600000, 0x00000000836d6400, 0x0000000083700000| 83%| O|  |TAMS 0x0000000083600000| PB 0x0000000083600000| Untracked 
|   1|0x0000000083700000, 0x0000000083700000, 0x0000000083800000|  0%| F|  |TAMS 0x0000000083700000| PB 0x0000000083700000| Untracked 
|   2|0x0000000083800000, 0x0000000083800000, 0x0000000083900000|  0%| F|  |TAMS 0x0000000083800000| PB 0x0000000083800000| Untracked 
|   3|0x0000000083900000, 0x0000000083900000, 0x0000000083a00000|  0%| F|  |TAMS 0x0000000083900000| PB 0x0000000083900000| Untracked 
|   4|0x0000000083a00000, 0x0000000083a00000, 0x0000000083b00000|  0%| F|  |TAMS 0x0000000083a00000| PB 0x0000000083a00000| Untracked 
|   5|0x0000000083b00000, 0x0000000083b00000, 0x0000000083c00000|  0%| F|  |TAMS 0x0000000083b00000| PB 0x0000000083b00000| Untracked 
|   6|0x0000000083c00000, 0x0000000083c00000, 0x0000000083d00000|  0%| F|  |TAMS 0x0000000083c00000| PB 0x0000000083c00000| Untracked 
|   7|0x0000000083d00000, 0x0000000083d00000, 0x0000000083e00000|  0%| F|  |TAMS 0x0000000083d00000| PB 0x0000000083d00000| Untracked 
|   8|0x0000000083e00000, 0x0000000083e00000, 0x0000000083f00000|  0%| F|  |TAMS 0x0000000083e00000| PB 0x0000000083e00000| Untracked 
|   9|0x0000000083f00000, 0x0000000083f00000, 0x0000000084000000|  0%| F|  |TAMS 0x0000000083f00000| PB 0x0000000083f00000| Untracked 
|  10|0x0000000084000000, 0x0000000084000000, 0x0000000084100000|  0%| F|  |TAMS 0x0000000084000000| PB 0x0000000084000000| Untracked 
|  11|0x0000000084100000, 0x0000000084100000, 0x0000000084200000|  0%| F|  |TAMS 0x0000000084100000| PB 0x0000000084100000| Untracked 
|  12|0x0000000084200000, 0x0000000084200000, 0x0000000084300000|  0%| F|  |TAMS 0x0000000084200000| PB 0x0000000084200000| Untracked 
|  13|0x0000000084300000, 0x0000000084300000, 0x0000000084400000|  0%| F|  |TAMS 0x0000000084300000| PB 0x0000000084300000| Untracked 
|  14|0x0000000084400000, 0x0000000084400000, 0x0000000084500000|  0%| F|  |TAMS 0x0000000084400000| PB 0x0000000084400000| Untracked 
|  15|0x0000000084500000, 0x0000000084500000, 0x0000000084600000|  0%| F|  |TAMS 0x0000000084500000| PB 0x0000000084500000| Untracked 
|  16|0x0000000084600000, 0x0000000084600000, 0x0000000084700000|  0%| F|  |TAMS 0x0000000084600000| PB 0x0000000084600000| Untracked 
|  17|0x0000000084700000, 0x0000000084700000, 0x0000000084800000|  0%| F|  |TAMS 0x0000000084700000| PB 0x0000000084700000| Untracked 
|  18|0x0000000084800000, 0x0000000084800000, 0x0000000084900000|  0%| F|  |TAMS 0x0000000084800000| PB 0x0000000084800000| Untracked 
|  19|0x0000000084900000, 0x0000000084900000, 0x0000000084a00000|  0%| F|  |TAMS 0x0000000084900000| PB 0x0000000084900000| Untracked 
|  20|0x0000000084a00000, 0x0000000084a00000, 0x0000000084b00000|  0%| F|  |TAMS 0x0000000084a00000| PB 0x0000000084a00000| Untracked 
|  21|0x0000000084b00000, 0x0000000084b00000, 0x0000000084c00000|  0%| F|  |TAMS 0x0000000084b00000| PB 0x0000000084b00000| Untracked 
|  22|0x0000000084c00000, 0x0000000084c00000, 0x0000000084d00000|  0%| F|  |TAMS 0x0000000084c00000| PB 0x0000000084c00000| Untracked 
|  23|0x0000000084d00000, 0x0000000084d00000, 0x0000000084e00000|  0%| F|  |TAMS 0x0000000084d00000| PB 0x0000000084d00000| Untracked 
|  24|0x0000000084e00000, 0x0000000084e00000, 0x0000000084f00000|  0%| F|  |TAMS 0x0000000084e00000| PB 0x0000000084e00000| Untracked 
|  25|0x0000000084f00000, 0x0000000084f00000, 0x0000000085000000|  0%| F|  |TAMS 0x0000000084f00000| PB 0x0000000084f00000| Untracked 
|  26|0x0000000085000000, 0x0000000085000000, 0x0000000085100000|  0%| F|  |TAMS 0x0000000085000000| PB 0x0000000085000000| Untracked 
|  27|0x0000000085100000, 0x0000000085100000, 0x0000000085200000|  0%| F|  |TAMS 0x0000000085100000| PB 0x0000000085100000| Untracked 
|  28|0x0000000085200000, 0x0000000085200000, 0x0000000085300000|  0%| F|  |TAMS 0x0000000085200000| PB 0x0000000085200000| Untracked 
|  29|0x0000000085300000, 0x0000000085300000, 0x0000000085400000|  0%| F|  |TAMS 0x0000000085300000| PB 0x0000000085300000| Untracked 
|  30|0x0000000085400000, 0x0000000085400000, 0x0000000085500000|  0%| F|  |TAMS 0x0000000085400000| PB 0x0000000085400000| Untracked 
|  31|0x0000000085500000, 0x0000000085500000, 0x0000000085600000|  0%| F|  |TAMS 0x0000000085500000| PB 0x0000000085500000| Untracked 
|  32|0x0000000085600000, 0x0000000085600000, 0x0000000085700000|  0%| F|  |TAMS 0x0000000085600000| PB 0x0000000085600000| Untracked 
|  33|0x0000000085700000, 0x0000000085700000, 0x0000000085800000|  0%| F|  |TAMS 0x0000000085700000| PB 0x0000000085700000| Untracked 
|  34|0x0000000085800000, 0x0000000085800000, 0x0000000085900000|  0%| F|  |TAMS 0x0000000085800000| PB 0x0000000085800000| Untracked 
|  35|0x0000000085900000, 0x0000000085900000, 0x0000000085a00000|  0%| F|  |TAMS 0x0000000085900000| PB 0x0000000085900000| Untracked 
|  36|0x0000000085a00000, 0x0000000085a00000, 0x0000000085b00000|  0%| F|  |TAMS 0x0000000085a00000| PB 0x0000000085a00000| Untracked 
|  37|0x0000000085b00000, 0x0000000085b00000, 0x0000000085c00000|  0%| F|  |TAMS 0x0000000085b00000| PB 0x0000000085b00000| Untracked 
|  38|0x0000000085c00000, 0x0000000085c00000, 0x0000000085d00000|  0%| F|  |TAMS 0x0000000085c00000| PB 0x0000000085c00000| Untracked 
|  39|0x0000000085d00000, 0x0000000085d00000, 0x0000000085e00000|  0%| F|  |TAMS 0x0000000085d00000| PB 0x0000000085d00000| Untracked 
|  40|0x0000000085e00000, 0x0000000085e00000, 0x0000000085f00000|  0%| F|  |TAMS 0x0000000085e00000| PB 0x0000000085e00000| Untracked 
|  41|0x0000000085f00000, 0x0000000085f00000, 0x0000000086000000|  0%| F|  |TAMS 0x0000000085f00000| PB 0x0000000085f00000| Untracked 
|  42|0x0000000086000000, 0x0000000086000000, 0x0000000086100000|  0%| F|  |TAMS 0x0000000086000000| PB 0x0000000086000000| Untracked 
|  43|0x0000000086100000, 0x0000000086100000, 0x0000000086200000|  0%| F|  |TAMS 0x0000000086100000| PB 0x0000000086100000| Untracked 
|  44|0x0000000086200000, 0x0000000086200000, 0x0000000086300000|  0%| F|  |TAMS 0x0000000086200000| PB 0x0000000086200000| Untracked 
|  45|0x0000000086300000, 0x0000000086300000, 0x0000000086400000|  0%| F|  |TAMS 0x0000000086300000| PB 0x0000000086300000| Untracked 
|  46|0x0000000086400000, 0x0000000086400000, 0x0000000086500000|  0%| F|  |TAMS 0x0000000086400000| PB 0x0000000086400000| Untracked 
|  47|0x0000000086500000, 0x0000000086500000, 0x0000000086600000|  0%| F|  |TAMS 0x0000000086500000| PB 0x0000000086500000| Untracked 
|  48|0x0000000086600000, 0x0000000086600000, 0x0000000086700000|  0%| F|  |TAMS 0x0000000086600000| PB 0x0000000086600000| Untracked 
|  49|0x0000000086700000, 0x0000000086700000, 0x0000000086800000|  0%| F|  |TAMS 0x0000000086700000| PB 0x0000000086700000| Untracked 
|  50|0x0000000086800000, 0x0000000086800000, 0x0000000086900000|  0%| F|  |TAMS 0x0000000086800000| PB 0x0000000086800000| Untracked 
|  51|0x0000000086900000, 0x0000000086900000, 0x0000000086a00000|  0%| F|  |TAMS 0x0000000086900000| PB 0x0000000086900000| Untracked 
|  52|0x0000000086a00000, 0x0000000086a00000, 0x0000000086b00000|  0%| F|  |TAMS 0x0000000086a00000| PB 0x0000000086a00000| Untracked 
|  53|0x0000000086b00000, 0x0000000086b00000, 0x0000000086c00000|  0%| F|  |TAMS 0x0000000086b00000| PB 0x0000000086b00000| Untracked 
|  54|0x0000000086c00000, 0x0000000086c00000, 0x0000000086d00000|  0%| F|  |TAMS 0x0000000086c00000| PB 0x0000000086c00000| Untracked 
|  55|0x0000000086d00000, 0x0000000086d00000, 0x0000000086e00000|  0%| F|  |TAMS 0x0000000086d00000| PB 0x0000000086d00000| Untracked 
|  56|0x0000000086e00000, 0x0000000086e00000, 0x0000000086f00000|  0%| F|  |TAMS 0x0000000086e00000| PB 0x0000000086e00000| Untracked 
|  57|0x0000000086f00000, 0x0000000086f00000, 0x0000000087000000|  0%| F|  |TAMS 0x0000000086f00000| PB 0x0000000086f00000| Untracked 
|  58|0x0000000087000000, 0x0000000087000000, 0x0000000087100000|  0%| F|  |TAMS 0x0000000087000000| PB 0x0000000087000000| Untracked 
|  59|0x0000000087100000, 0x0000000087100000, 0x0000000087200000|  0%| F|  |TAMS 0x0000000087100000| PB 0x0000000087100000| Untracked 
|  60|0x0000000087200000, 0x0000000087200000, 0x0000000087300000|  0%| F|  |TAMS 0x0000000087200000| PB 0x0000000087200000| Untracked 
|  61|0x0000000087300000, 0x0000000087300000, 0x0000000087400000|  0%| F|  |TAMS 0x0000000087300000| PB 0x0000000087300000| Untracked 
|  62|0x0000000087400000, 0x0000000087400000, 0x0000000087500000|  0%| F|  |TAMS 0x0000000087400000| PB 0x0000000087400000| Untracked 
|  63|0x0000000087500000, 0x0000000087500000, 0x0000000087600000|  0%| F|  |TAMS 0x0000000087500000| PB 0x0000000087500000| Untracked 
|  64|0x0000000087600000, 0x0000000087600000, 0x0000000087700000|  0%| F|  |TAMS 0x0000000087600000| PB 0x0000000087600000| Untracked 
|  65|0x0000000087700000, 0x0000000087700000, 0x0000000087800000|  0%| F|  |TAMS 0x0000000087700000| PB 0x0000000087700000| Untracked 
|  66|0x0000000087800000, 0x0000000087800000, 0x0000000087900000|  0%| F|  |TAMS 0x0000000087800000| PB 0x0000000087800000| Untracked 
|  67|0x0000000087900000, 0x0000000087900000, 0x0000000087a00000|  0%| F|  |TAMS 0x0000000087900000| PB 0x0000000087900000| Untracked 
|  68|0x0000000087a00000, 0x0000000087a00000, 0x0000000087b00000|  0%| F|  |TAMS 0x0000000087a00000| PB 0x0000000087a00000| Untracked 
|  69|0x0000000087b00000, 0x0000000087b00000, 0x0000000087c00000|  0%| F|  |TAMS 0x0000000087b00000| PB 0x0000000087b00000| Untracked 
|  70|0x0000000087c00000, 0x0000000087c00000, 0x0000000087d00000|  0%| F|  |TAMS 0x0000000087c00000| PB 0x0000000087c00000| Untracked 
|  71|0x0000000087d00000, 0x0000000087d00000, 0x0000000087e00000|  0%| F|  |TAMS 0x0000000087d00000| PB 0x0000000087d00000| Untracked 
|  72|0x0000000087e00000, 0x0000000087e00000, 0x0000000087f00000|  0%| F|  |TAMS 0x0000000087e00000| PB 0x0000000087e00000| Untracked 
|  73|0x0000000087f00000, 0x0000000087f00000, 0x0000000088000000|  0%| F|  |TAMS 0x0000000087f00000| PB 0x0000000087f00000| Untracked 
|  74|0x0000000088000000, 0x0000000088000000, 0x0000000088100000|  0%| F|  |TAMS 0x0000000088000000| PB 0x0000000088000000| Untracked 
|  75|0x0000000088100000, 0x0000000088100000, 0x0000000088200000|  0%| F|  |TAMS 0x0000000088100000| PB 0x0000000088100000| Untracked 
|  76|0x0000000088200000, 0x0000000088200000, 0x0000000088300000|  0%| F|  |TAMS 0x0000000088200000| PB 0x0000000088200000| Untracked 
|  77|0x0000000088300000, 0x0000000088300000, 0x0000000088400000|  0%| F|  |TAMS 0x0000000088300000| PB 0x0000000088300000| Untracked 
|  78|0x0000000088400000, 0x0000000088400000, 0x0000000088500000|  0%| F|  |TAMS 0x0000000088400000| PB 0x0000000088400000| Untracked 
|  79|0x0000000088500000, 0x0000000088500000, 0x0000000088600000|  0%| F|  |TAMS 0x0000000088500000| PB 0x0000000088500000| Untracked 
|  80|0x0000000088600000, 0x0000000088600000, 0x0000000088700000|  0%| F|  |TAMS 0x0000000088600000| PB 0x0000000088600000| Untracked 
|  81|0x0000000088700000, 0x0000000088700000, 0x0000000088800000|  0%| F|  |TAMS 0x0000000088700000| PB 0x0000000088700000| Untracked 
|  82|0x0000000088800000, 0x0000000088800000, 0x0000000088900000|  0%| F|  |TAMS 0x0000000088800000| PB 0x0000000088800000| Untracked 
|  83|0x0000000088900000, 0x0000000088900000, 0x0000000088a00000|  0%| F|  |TAMS 0x0000000088900000| PB 0x0000000088900000| Untracked 
|  84|0x0000000088a00000, 0x0000000088a00000, 0x0000000088b00000|  0%| F|  |TAMS 0x0000000088a00000| PB 0x0000000088a00000| Untracked 
|  85|0x0000000088b00000, 0x0000000088b00000, 0x0000000088c00000|  0%| F|  |TAMS 0x0000000088b00000| PB 0x0000000088b00000| Untracked 
|  86|0x0000000088c00000, 0x0000000088c00000, 0x0000000088d00000|  0%| F|  |TAMS 0x0000000088c00000| PB 0x0000000088c00000| Untracked 
|  87|0x0000000088d00000, 0x0000000088d00000, 0x0000000088e00000|  0%| F|  |TAMS 0x0000000088d00000| PB 0x0000000088d00000| Untracked 
|  88|0x0000000088e00000, 0x0000000088e00000, 0x0000000088f00000|  0%| F|  |TAMS 0x0000000088e00000| PB 0x0000000088e00000| Untracked 
|  89|0x0000000088f00000, 0x0000000088f00000, 0x0000000089000000|  0%| F|  |TAMS 0x0000000088f00000| PB 0x0000000088f00000| Untracked 
|  90|0x0000000089000000, 0x0000000089000000, 0x0000000089100000|  0%| F|  |TAMS 0x0000000089000000| PB 0x0000000089000000| Untracked 
|  91|0x0000000089100000, 0x0000000089100000, 0x0000000089200000|  0%| F|  |TAMS 0x0000000089100000| PB 0x0000000089100000| Untracked 
|  92|0x0000000089200000, 0x0000000089200000, 0x0000000089300000|  0%| F|  |TAMS 0x0000000089200000| PB 0x0000000089200000| Untracked 
|  93|0x0000000089300000, 0x0000000089300000, 0x0000000089400000|  0%| F|  |TAMS 0x0000000089300000| PB 0x0000000089300000| Untracked 
|  94|0x0000000089400000, 0x0000000089400000, 0x0000000089500000|  0%| F|  |TAMS 0x0000000089400000| PB 0x0000000089400000| Untracked 
|  95|0x0000000089500000, 0x0000000089500000, 0x0000000089600000|  0%| F|  |TAMS 0x0000000089500000| PB 0x0000000089500000| Untracked 
|  96|0x0000000089600000, 0x0000000089600000, 0x0000000089700000|  0%| F|  |TAMS 0x0000000089600000| PB 0x0000000089600000| Untracked 
|  97|0x0000000089700000, 0x0000000089700000, 0x0000000089800000|  0%| F|  |TAMS 0x0000000089700000| PB 0x0000000089700000| Untracked 
|  98|0x0000000089800000, 0x0000000089800000, 0x0000000089900000|  0%| F|  |TAMS 0x0000000089800000| PB 0x0000000089800000| Untracked 
|  99|0x0000000089900000, 0x0000000089900000, 0x0000000089a00000|  0%| F|  |TAMS 0x0000000089900000| PB 0x0000000089900000| Untracked 
| 100|0x0000000089a00000, 0x0000000089b00000, 0x0000000089b00000|100%| S|CS|TAMS 0x0000000089a00000| PB 0x0000000089a00000| Complete 
| 101|0x0000000089b00000, 0x0000000089c00000, 0x0000000089c00000|100%| S|CS|TAMS 0x0000000089b00000| PB 0x0000000089b00000| Complete 
| 102|0x0000000089c00000, 0x0000000089d00000, 0x0000000089d00000|100%| S|CS|TAMS 0x0000000089c00000| PB 0x0000000089c00000| Complete 
| 103|0x0000000089d00000, 0x0000000089d00000, 0x0000000089e00000|  0%| F|  |TAMS 0x0000000089d00000| PB 0x0000000089d00000| Untracked 
| 104|0x0000000089e00000, 0x0000000089e00000, 0x0000000089f00000|  0%| F|  |TAMS 0x0000000089e00000| PB 0x0000000089e00000| Untracked 
| 105|0x0000000089f00000, 0x0000000089f00000, 0x000000008a000000|  0%| F|  |TAMS 0x0000000089f00000| PB 0x0000000089f00000| Untracked 
| 106|0x000000008a000000, 0x000000008a000000, 0x000000008a100000|  0%| F|  |TAMS 0x000000008a000000| PB 0x000000008a000000| Untracked 
| 107|0x000000008a100000, 0x000000008a100000, 0x000000008a200000|  0%| F|  |TAMS 0x000000008a100000| PB 0x000000008a100000| Untracked 
| 108|0x000000008a200000, 0x000000008a200000, 0x000000008a300000|  0%| F|  |TAMS 0x000000008a200000| PB 0x000000008a200000| Untracked 
| 109|0x000000008a300000, 0x000000008a300000, 0x000000008a400000|  0%| F|  |TAMS 0x000000008a300000| PB 0x000000008a300000| Untracked 
| 110|0x000000008a400000, 0x000000008a400000, 0x000000008a500000|  0%| F|  |TAMS 0x000000008a400000| PB 0x000000008a400000| Untracked 
| 111|0x000000008a500000, 0x000000008a500000, 0x000000008a600000|  0%| F|  |TAMS 0x000000008a500000| PB 0x000000008a500000| Untracked 
| 112|0x000000008a600000, 0x000000008a600000, 0x000000008a700000|  0%| F|  |TAMS 0x000000008a600000| PB 0x000000008a600000| Untracked 
| 113|0x000000008a700000, 0x000000008a700000, 0x000000008a800000|  0%| F|  |TAMS 0x000000008a700000| PB 0x000000008a700000| Untracked 
| 114|0x000000008a800000, 0x000000008a800000, 0x000000008a900000|  0%| F|  |TAMS 0x000000008a800000| PB 0x000000008a800000| Untracked 
| 115|0x000000008a900000, 0x000000008a900000, 0x000000008aa00000|  0%| F|  |TAMS 0x000000008a900000| PB 0x000000008a900000| Untracked 
| 116|0x000000008aa00000, 0x000000008aa00000, 0x000000008ab00000|  0%| F|  |TAMS 0x000000008aa00000| PB 0x000000008aa00000| Untracked 
| 117|0x000000008ab00000, 0x000000008ab00000, 0x000000008ac00000|  0%| F|  |TAMS 0x000000008ab00000| PB 0x000000008ab00000| Untracked 
| 118|0x000000008ac00000, 0x000000008ac00000, 0x000000008ad00000|  0%| F|  |TAMS 0x000000008ac00000| PB 0x000000008ac00000| Untracked 
| 119|0x000000008ad00000, 0x000000008ad00000, 0x000000008ae00000|  0%| F|  |TAMS 0x000000008ad00000| PB 0x000000008ad00000| Untracked 
| 120|0x000000008ae00000, 0x000000008ae00000, 0x000000008af00000|  0%| F|  |TAMS 0x000000008ae00000| PB 0x000000008ae00000| Untracked 
| 121|0x000000008af00000, 0x000000008af00000, 0x000000008b000000|  0%| F|  |TAMS 0x000000008af00000| PB 0x000000008af00000| Untracked 
| 122|0x000000008b000000, 0x000000008b09bb10, 0x000000008b100000| 60%| E|  |TAMS 0x000000008b000000| PB 0x000000008b000000| Complete 
| 123|0x000000008b100000, 0x000000008b200000, 0x000000008b200000|100%| E|CS|TAMS 0x000000008b100000| PB 0x000000008b100000| Complete 
| 124|0x000000008b200000, 0x000000008b300000, 0x000000008b300000|100%| E|CS|TAMS 0x000000008b200000| PB 0x000000008b200000| Complete 
| 125|0x000000008b300000, 0x000000008b400000, 0x000000008b400000|100%| E|CS|TAMS 0x000000008b300000| PB 0x000000008b300000| Complete 

Card table byte_map: [0x00000147e31d0000,0x00000147e35c0000] _byte_map_base: 0x00000147e2db5000

Marking Bits: (CMBitMap*) 0x00000147cba402e0
 Bits: [0x00000147e39b0000, 0x00000147e58d8000)

Polling page: 0x00000147cb1a0000

Metaspace:

Usage:
  Non-class:      6.24 MB used.
      Class:    758.02 KB used.
       Both:      6.98 MB used.

Virtual space:
  Non-class space:       64.00 MB reserved,       6.38 MB ( 10%) committed,  1 nodes.
      Class space:        1.00 GB reserved,     832.00 KB ( <1%) committed,  1 nodes.
             Both:        1.06 GB reserved,       7.19 MB ( <1%) committed. 

Chunk freelists:
   Non-Class:  304.00 KB
       Class:  3.20 MB
        Both:  3.50 MB

MaxMetaspaceSize: unlimited
CompressedClassSpaceSize: 1.00 GB
Initial GC threshold: 21.00 MB
Current GC threshold: 21.00 MB
CDS: on
MetaspaceReclaimPolicy: balanced
 - commit_granule_bytes: 65536.
 - commit_granule_words: 8192.
 - virtual_space_node_default_size: 8388608.
 - enlarge_chunks_in_place: 1.
 - new_chunks_are_fully_committed: 0.
 - uncommit_free_chunks: 1.
 - use_allocation_guard: 0.


Internal statistics:

num_allocs_failed_limit: 0.
num_arena_births: 142.
num_arena_deaths: 0.
num_vsnodes_births: 2.
num_vsnodes_deaths: 0.
num_space_committed: 115.
num_space_uncommitted: 0.
num_chunks_returned_to_freelist: 0.
num_chunks_taken_from_freelist: 347.
num_chunk_merges: 0.
num_chunk_splits: 231.
num_chunks_enlarged: 161.
num_inconsistent_stats: 0.

CodeHeap 'non-profiled nmethods': size=120000Kb used=358Kb max_used=358Kb free=119641Kb
 bounds [0x00000147db580000, 0x00000147db7f0000, 0x00000147e2ab0000]
CodeHeap 'profiled nmethods': size=120000Kb used=1772Kb max_used=1772Kb free=118227Kb
 bounds [0x00000147d3ab0000, 0x00000147d3d20000, 0x00000147dafe0000]
CodeHeap 'non-nmethods': size=5760Kb used=1533Kb max_used=1543Kb free=4226Kb
 bounds [0x00000147dafe0000, 0x00000147db250000, 0x00000147db580000]
 total_blobs=1679 nmethods=1125 adapters=465
 compilation: enabled
              stopped_count=0, restarted_count=0
 full_count=0

Compilation events (20 events):
Event: 1.146 Thread 0x00000147e836b970 nmethod 1055 0x00000147d3c4e890 code [0x00000147d3c4eaa0, 0x00000147d3c4f210]
Event: 1.146 Thread 0x00000147f1b9afb0 nmethod 1029% 0x00000147db5d0610 code [0x00000147db5d0800, 0x00000147db5d17b8]
Event: 1.146 Thread 0x00000147e836b970 1056       3       jdk.internal.org.objectweb.asm.SymbolTable::addConstantMethodref (24 bytes)
Event: 1.146 Thread 0x00000147e836b970 nmethod 1056 0x00000147d3c4f510 code [0x00000147d3c4f6a0, 0x00000147d3c4f848]
Event: 1.146 Thread 0x00000147f1b9afb0 1062       4       java.util.concurrent.locks.AbstractQueuedSynchronizer::compareAndSetState (13 bytes)
Event: 1.146 Thread 0x00000147e836b970 1054       3       java.lang.invoke.InvokerBytecodeGenerator::refKindOpcode (112 bytes)
Event: 1.146 Thread 0x00000147e836b970 nmethod 1054 0x00000147d3c4f910 code [0x00000147d3c4fb60, 0x00000147d3c50378]
Event: 1.146 Thread 0x00000147f1b9afb0 nmethod 1062 0x00000147db5d2090 code [0x00000147db5d2200, 0x00000147db5d22a0]
Event: 1.147 Thread 0x00000147f1b9afb0 1027       4       java.lang.AbstractStringBuilder::append (77 bytes)
Event: 1.149 Thread 0x00000147e836b970 1066       3       java.io.File::exists (34 bytes)
Event: 1.149 Thread 0x00000147e836b970 nmethod 1066 0x00000147d3c50610 code [0x00000147d3c507e0, 0x00000147d3c50c00]
Event: 1.149 Thread 0x00000147e836b970 1067       3       java.util.jar.JarFile::getEntry (35 bytes)
Event: 1.149 Thread 0x00000147e836b970 nmethod 1067 0x00000147d3c50d90 code [0x00000147d3c50f80, 0x00000147d3c51410]
Event: 1.149 Thread 0x00000147e836b970 1068       3       java.util.jar.JarFile::getJarEntry (9 bytes)
Event: 1.150 Thread 0x00000147e836b970 nmethod 1068 0x00000147d3c51590 code [0x00000147d3c51720, 0x00000147d3c519d8]
Event: 1.150 Thread 0x00000147f1b9afb0 nmethod 1027 0x00000147db5d2390 code [0x00000147db5d2520, 0x00000147db5d2a38]
Event: 1.150 Thread 0x00000147f1b9afb0 1043   !   4       java.nio.DirectByteBuffer::get (34 bytes)
Event: 1.151 Thread 0x00000147f1b9afb0 nmethod 1043 0x00000147db5d2c90 code [0x00000147db5d2e20, 0x00000147db5d2f58]
Event: 1.152 Thread 0x00000147e836b970 1069       3       jdk.internal.jimage.BasicImageReader::match (37 bytes)
Event: 1.152 Thread 0x00000147e836b970 nmethod 1069 0x00000147d3c51a90 code [0x00000147d3c51c40, 0x00000147d3c51ee8]

GC Heap History (2 events):
Event: 1.139 GC heap before
{Heap before GC invocations=0 (full 0):
 garbage-first heap   total 129024K, used 22528K [0x0000000083600000, 0x0000000100000000)
  region size 1024K, 23 young (23552K), 0 survivors (0K)
 Metaspace       used 5882K, committed 6144K, reserved 1114112K
  class space    used 648K, committed 768K, reserved 1048576K
}
Event: 1.143 GC heap after
{Heap after GC invocations=1 (full 0):
 garbage-first heap   total 129024K, used 3929K [0x0000000083600000, 0x0000000100000000)
  region size 1024K, 3 young (3072K), 3 survivors (3072K)
 Metaspace       used 5882K, committed 6144K, reserved 1114112K
  class space    used 648K, committed 768K, reserved 1048576K
}

Dll operation events (20 events):
Event: 0.554 Loaded shared library C:\Users\yassi\.openjfx\cache\17\api-ms-win-crt-environment-l1-1-0.dll
Event: 0.565 Loaded shared library C:\Users\yassi\.openjfx\cache\17\api-ms-win-crt-filesystem-l1-1-0.dll
Event: 0.574 Loaded shared library C:\Users\yassi\.openjfx\cache\17\api-ms-win-crt-heap-l1-1-0.dll
Event: 0.581 Loaded shared library C:\Users\yassi\.openjfx\cache\17\api-ms-win-crt-locale-l1-1-0.dll
Event: 0.586 Loaded shared library C:\Users\yassi\.openjfx\cache\17\api-ms-win-crt-math-l1-1-0.dll
Event: 0.591 Loaded shared library C:\Users\yassi\.openjfx\cache\17\api-ms-win-crt-multibyte-l1-1-0.dll
Event: 0.596 Loaded shared library C:\Users\yassi\.openjfx\cache\17\api-ms-win-crt-private-l1-1-0.dll
Event: 0.601 Loaded shared library C:\Users\yassi\.openjfx\cache\17\api-ms-win-crt-process-l1-1-0.dll
Event: 0.605 Loaded shared library C:\Users\yassi\.openjfx\cache\17\api-ms-win-crt-runtime-l1-1-0.dll
Event: 0.610 Loaded shared library C:\Users\yassi\.openjfx\cache\17\api-ms-win-crt-stdio-l1-1-0.dll
Event: 0.614 Loaded shared library C:\Users\yassi\.openjfx\cache\17\api-ms-win-crt-string-l1-1-0.dll
Event: 0.618 Loaded shared library C:\Users\yassi\.openjfx\cache\17\api-ms-win-crt-time-l1-1-0.dll
Event: 0.622 Loaded shared library C:\Users\yassi\.openjfx\cache\17\api-ms-win-crt-utility-l1-1-0.dll
Event: 0.639 Loaded shared library C:\Users\yassi\.openjfx\cache\17\ucrtbase.dll
Event: 0.643 Loaded shared library C:\Users\yassi\.openjfx\cache\17\vcruntime140.dll
Event: 0.647 Loaded shared library C:\Users\yassi\.openjfx\cache\17\vcruntime140_1.dll
Event: 0.655 Loaded shared library C:\Users\yassi\.openjfx\cache\17\msvcp140.dll
Event: 0.695 Loaded shared library C:\Users\yassi\.openjfx\cache\17\prism_d3d.dll
Event: 0.783 Loaded shared library C:\Users\yassi\.openjfx\cache\17\glass.dll
Event: 1.040 Loaded shared library C:\Program Files\Java\jdk-20\bin\jimage.dll

Deoptimization events (20 events):
Event: 0.774 Thread 0x00000147cb9df140 Uncommon trap: trap_request=0xffffffc6 fr.pc=0x00000147db59f3f8 relative=0x0000000000000bd8
Event: 0.774 Thread 0x00000147cb9df140 Uncommon trap: reason=bimorphic_or_optimized_type_check action=maybe_recompile pc=0x00000147db59f3f8 method=java.util.HashMap.putVal(ILjava/lang/Object;Ljava/lang/Object;ZZ)Ljava/lang/Object; @ 56 c2
Event: 0.774 Thread 0x00000147cb9df140 DEOPT PACKING pc=0x00000147db59f3f8 sp=0x0000001c2edfd830
Event: 0.774 Thread 0x00000147cb9df140 DEOPT UNPACKING pc=0x00000147db049d22 sp=0x0000001c2edfd7b8 mode 2
Event: 0.775 Thread 0x00000147cb9df140 Uncommon trap: trap_request=0xffffffc6 fr.pc=0x00000147db59f3f8 relative=0x0000000000000bd8
Event: 0.775 Thread 0x00000147cb9df140 Uncommon trap: reason=bimorphic_or_optimized_type_check action=maybe_recompile pc=0x00000147db59f3f8 method=java.util.HashMap.putVal(ILjava/lang/Object;Ljava/lang/Object;ZZ)Ljava/lang/Object; @ 56 c2
Event: 0.775 Thread 0x00000147cb9df140 DEOPT PACKING pc=0x00000147db59f3f8 sp=0x0000001c2edfd830
Event: 0.775 Thread 0x00000147cb9df140 DEOPT UNPACKING pc=0x00000147db049d22 sp=0x0000001c2edfd7b8 mode 2
Event: 0.793 Thread 0x00000147ecc50e40 Uncommon trap: trap_request=0xffffff45 fr.pc=0x00000147db5b3438 relative=0x0000000000000278
Event: 0.793 Thread 0x00000147ecc50e40 Uncommon trap: reason=unstable_if action=reinterpret pc=0x00000147db5b3438 method=java.lang.invoke.VarHandle.checkAccessModeThenIsDirect(Ljava/lang/invoke/VarHandle$AccessDescriptor;)Z @ 4 c2
Event: 0.793 Thread 0x00000147ecc50e40 DEOPT PACKING pc=0x00000147db5b3438 sp=0x0000001c302fe730
Event: 0.793 Thread 0x00000147ecc50e40 DEOPT UNPACKING pc=0x00000147db049d22 sp=0x0000001c302fe688 mode 2
Event: 1.046 Thread 0x00000147ecc50e40 Uncommon trap: trap_request=0xffffff45 fr.pc=0x00000147db5a1ed8 relative=0x0000000000000818
Event: 1.046 Thread 0x00000147ecc50e40 Uncommon trap: reason=unstable_if action=reinterpret pc=0x00000147db5a1ed8 method=java.util.zip.ZipFile$Source.checkAndAddEntry(II)I @ 128 c2
Event: 1.046 Thread 0x00000147ecc50e40 DEOPT PACKING pc=0x00000147db5a1ed8 sp=0x0000001c302fc080
Event: 1.046 Thread 0x00000147ecc50e40 DEOPT UNPACKING pc=0x00000147db049d22 sp=0x0000001c302fbff0 mode 2
Event: 1.122 Thread 0x00000147ecc50e40 Uncommon trap: trap_request=0xffffff45 fr.pc=0x00000147db592288 relative=0x0000000000000108
Event: 1.122 Thread 0x00000147ecc50e40 Uncommon trap: reason=unstable_if action=reinterpret pc=0x00000147db592288 method=java.lang.StringLatin1.lastIndexOf([BI[BII)I @ 86 c2
Event: 1.122 Thread 0x00000147ecc50e40 DEOPT PACKING pc=0x00000147db592288 sp=0x0000001c302faca0
Event: 1.122 Thread 0x00000147ecc50e40 DEOPT UNPACKING pc=0x00000147db049d22 sp=0x0000001c302fabf8 mode 2

Classes loaded (20 events):
Event: 1.123 Loading class java/util/PropertyResourceBundle
Event: 1.123 Loading class java/util/PropertyResourceBundle done
Event: 1.123 Loading class sun/util/PropertyResourceBundleCharset
Event: 1.123 Loading class sun/util/PropertyResourceBundleCharset done
Event: 1.124 Loading class sun/util/PropertyResourceBundleCharset$PropertiesFileDecoder
Event: 1.124 Loading class sun/util/PropertyResourceBundleCharset$PropertiesFileDecoder done
Event: 1.131 Loading class java/util/ResourceBundle$BundleReference
Event: 1.131 Loading class java/util/ResourceBundle$BundleReference done
Event: 1.132 Loading class java/text/MessageFormat
Event: 1.133 Loading class java/text/MessageFormat done
Event: 1.133 Loading class java/math/BigDecimal
Event: 1.134 Loading class java/math/BigDecimal done
Event: 1.134 Loading class java/math/MathContext
Event: 1.134 Loading class java/math/MathContext done
Event: 1.137 Loading class java/util/Collections$UnmodifiableMap$UnmodifiableEntrySet
Event: 1.137 Loading class java/util/Collections$UnmodifiableMap$UnmodifiableEntrySet done
Event: 1.137 Loading class java/util/Collections$UnmodifiableMap$UnmodifiableEntrySet$UnmodifiableEntrySetSpliterator
Event: 1.137 Loading class java/util/Collections$UnmodifiableMap$UnmodifiableEntrySet$UnmodifiableEntrySetSpliterator done
Event: 1.137 Loading class java/util/HashMap$EntrySpliterator
Event: 1.137 Loading class java/util/HashMap$EntrySpliterator done

Classes unloaded (0 events):
No events

Classes redefined (0 events):
No events

Internal exceptions (14 events):
Event: 0.157 Thread 0x00000147cb9df140 Exception <a 'java/lang/NoSuchMethodError'{0x000000008ac27c30}: 'void java.lang.invoke.DirectMethodHandle$Holder.invokeStatic(java.lang.Object, java.lang.Object, java.lang.Object, java.lang.Object)'> (0x000000008ac27c30) 
thrown [s\open\src\hotspot\share\interpreter\linkResolver.cpp, line 773]
Event: 0.158 Thread 0x00000147cb9df140 Exception <a 'java/lang/NoSuchMethodError'{0x000000008ac2b968}: 'void java.lang.invoke.DirectMethodHandle$Holder.invokeSpecial(java.lang.Object, java.lang.Object, java.lang.Object, java.lang.Object, java.lang.Object)'> (0x000000008ac2b968) 
thrown [s\open\src\hotspot\share\interpreter\linkResolver.cpp, line 773]
Event: 0.161 Thread 0x00000147cb9df140 Exception <a 'java/lang/NoSuchMethodError'{0x000000008ac42da0}: 'java.lang.Object java.lang.invoke.Invokers$Holder.invokeExact_MT(java.lang.Object, java.lang.Object, java.lang.Object, java.lang.Object, java.lang.Object, java.lang.Object)'> (0x000000008ac42da0) 
thrown [s\open\src\hotspot\share\interpreter\linkResolver.cpp, line 773]
Event: 0.162 Thread 0x00000147cb9df140 Exception <a 'java/lang/NoSuchMethodError'{0x000000008ac47ae0}: 'void java.lang.invoke.DirectMethodHandle$Holder.invokeStatic(java.lang.Object, java.lang.Object)'> (0x000000008ac47ae0) 
thrown [s\open\src\hotspot\share\interpreter\linkResolver.cpp, line 773]
Event: 0.678 Thread 0x00000147cb9df140 Exception <a 'java/lang/NoSuchMethodError'{0x000000008a7f3c48}: 'void java.lang.invoke.DirectMethodHandle$Holder.invokeSpecial(java.lang.Object, java.lang.Object, java.lang.Object)'> (0x000000008a7f3c48) 
thrown [s\open\src\hotspot\share\interpreter\linkResolver.cpp, line 773]
Event: 0.685 Thread 0x00000147cb9df140 Exception <a 'java/lang/NoSuchMethodError'{0x000000008a62b850}: 'void java.lang.invoke.DirectMethodHandle$Holder.invokeStatic(java.lang.Object, java.lang.Object, java.lang.Object)'> (0x000000008a62b850) 
thrown [s\open\src\hotspot\share\interpreter\linkResolver.cpp, line 773]
Event: 0.767 Thread 0x00000147cb9df140 Exception <a 'java/lang/NoSuchMethodError'{0x000000008a647a10}: 'int java.lang.invoke.DirectMethodHandle$Holder.invokeStaticInit(java.lang.Object, java.lang.Object, java.lang.Object)'> (0x000000008a647a10) 
thrown [s\open\src\hotspot\share\interpreter\linkResolver.cpp, line 773]
Event: 0.786 Thread 0x00000147cb9df140 Exception <a 'java/lang/NoSuchMethodError'{0x000000008a5f07f0}: 'java.lang.Object java.lang.invoke.DirectMethodHandle$Holder.newInvokeSpecial(java.lang.Object, java.lang.Object, int, java.lang.Object)'> (0x000000008a5f07f0) 
thrown [s\open\src\hotspot\share\interpreter\linkResolver.cpp, line 773]
Event: 0.787 Thread 0x00000147cb9df140 Exception <a 'java/lang/NoSuchMethodError'{0x000000008a5f4948}: 'java.lang.Object java.lang.invoke.DirectMethodHandle$Holder.invokeSpecial(java.lang.Object, java.lang.Object, java.lang.Object, int, java.lang.Object)'> (0x000000008a5f4948) 
thrown [s\open\src\hotspot\share\interpreter\linkResolver.cpp, line 773]
Event: 1.005 Thread 0x00000147ecc50e40 Exception <a 'java/lang/NoSuchMethodError'{0x000000008a295a48}: 'void java.lang.invoke.DirectMethodHandle$Holder.invokeStaticInit(java.lang.Object)'> (0x000000008a295a48) 
thrown [s\open\src\hotspot\share\interpreter\linkResolver.cpp, line 773]
Event: 1.007 Thread 0x00000147cb9df140 Exception <a 'java/lang/NoSuchMethodError'{0x000000008a409020}: 'java.lang.Object java.lang.invoke.DirectMethodHandle$Holder.newInvokeSpecial(java.lang.Object, java.lang.Object, java.lang.Object, java.lang.Object, java.lang.Object, java.lang.Object)'> (0x000000008a409020) 
thrown [s\open\src\hotspot\share\interpreter\linkResolver.cpp, line 773]
Event: 1.014 Thread 0x00000147cb9df140 Exception <a 'java/lang/NoSuchMethodError'{0x000000008a441928}: 'java.lang.Object java.lang.invoke.DirectMethodHandle$Holder.newInvokeSpecial(java.lang.Object, java.lang.Object, java.lang.Object, java.lang.Object, java.lang.Object)'> (0x000000008a441928) 
thrown [s\open\src\hotspot\share\interpreter\linkResolver.cpp, line 773]
Event: 1.120 Thread 0x00000147ecc50e40 Exception <a 'java/lang/NoSuchMethodError'{0x0000000089d6fde8}: 'java.lang.Object java.lang.invoke.DirectMethodHandle$Holder.invokeInterface(java.lang.Object, java.lang.Object)'> (0x0000000089d6fde8) 
thrown [s\open\src\hotspot\share\interpreter\linkResolver.cpp, line 773]
Event: 1.138 Thread 0x00000147ecc50e40 Exception <a 'java/lang/NoSuchMethodError'{0x0000000089df4fd8}: 'java.lang.Object java.lang.invoke.DirectMethodHandle$Holder.invokeVirtual(java.lang.Object, java.lang.Object, java.lang.Object)'> (0x0000000089df4fd8) 
thrown [s\open\src\hotspot\share\interpreter\linkResolver.cpp, line 773]

VM Operations (20 events):
Event: 0.133 Executing VM operation: HandshakeAllThreads
Event: 0.133 Executing VM operation: HandshakeAllThreads done
Event: 0.774 Executing VM operation: HandshakeAllThreads
Event: 0.774 Executing VM operation: HandshakeAllThreads done
Event: 1.094 Executing VM operation: HandshakeAllThreads
Event: 1.094 Executing VM operation: HandshakeAllThreads done
Event: 1.094 Executing VM operation: Cleanup
Event: 1.094 Executing VM operation: Cleanup done
Event: 1.095 Executing VM operation: HandshakeAllThreads
Event: 1.095 Executing VM operation: HandshakeAllThreads done
Event: 1.103 Executing VM operation: HandshakeAllThreads
Event: 1.103 Executing VM operation: HandshakeAllThreads done
Event: 1.106 Executing VM operation: HandshakeAllThreads
Event: 1.106 Executing VM operation: HandshakeAllThreads done
Event: 1.121 Executing VM operation: HandshakeAllThreads
Event: 1.121 Executing VM operation: HandshakeAllThreads done
Event: 1.133 Executing VM operation: HandshakeAllThreads
Event: 1.133 Executing VM operation: HandshakeAllThreads done
Event: 1.139 Executing VM operation: G1CollectForAllocation
Event: 1.143 Executing VM operation: G1CollectForAllocation done

Events (20 events):
Event: 0.024 Thread 0x00000147cb9df140 Thread added: 0x00000147cb9df140
Event: 0.035 Thread 0x00000147e8336150 Thread added: 0x00000147e8336150
Event: 0.035 Thread 0x00000147e8336ff0 Thread added: 0x00000147e8336ff0
Event: 0.035 Thread 0x00000147e833b980 Thread added: 0x00000147e833b980
Event: 0.035 Thread 0x00000147e833d750 Thread added: 0x00000147e833d750
Event: 0.035 Thread 0x00000147e8340940 Thread added: 0x00000147e8340940
Event: 0.035 Thread 0x00000147e8341f60 Thread added: 0x00000147e8341f60
Event: 0.035 Thread 0x00000147e834a9d0 Thread added: 0x00000147e834a9d0
Event: 0.035 Thread 0x00000147e836b970 Thread added: 0x00000147e836b970
Event: 0.060 Thread 0x00000147ec617860 Thread added: 0x00000147ec617860
Event: 0.109 Thread 0x00000147ec72b240 Thread added: 0x00000147ec72b240
Event: 0.144 Thread 0x00000147ec75c000 Thread added: 0x00000147ec75c000
Event: 0.379 Thread 0x00000147ec72b240 Thread exited: 0x00000147ec72b240
Event: 0.685 Thread 0x00000147ec846e10 Thread added: 0x00000147ec846e10
Event: 0.784 Thread 0x00000147ecc47630 Thread added: 0x00000147ecc47630
Event: 0.788 Thread 0x00000147ecc50e40 Thread added: 0x00000147ecc50e40
Event: 1.015 Thread 0x00000147f1b84e10 Thread added: 0x00000147f1b84e10
Event: 1.026 Thread 0x00000147f1ba67c0 Thread added: 0x00000147f1ba67c0
Event: 1.103 Thread 0x00000147f1c3df20 Thread added: 0x00000147f1c3df20
Event: 1.128 Thread 0x00000147f1b9afb0 Thread added: 0x00000147f1b9afb0


Dynamic libraries:
0x00007ff70a440000 - 0x00007ff70a450000 	C:\Program Files\Java\jdk-20\bin\java.exe
0x00007ff939730000 - 0x00007ff939947000 	C:\WINDOWS\SYSTEM32\ntdll.dll
0x00007ff937af0000 - 0x00007ff937bb4000 	C:\WINDOWS\System32\KERNEL32.DLL
0x00007ff936f30000 - 0x00007ff9372d6000 	C:\WINDOWS\System32\KERNELBASE.dll
0x00007ff937360000 - 0x00007ff937471000 	C:\WINDOWS\System32\ucrtbase.dll
0x00007ff9134c0000 - 0x00007ff9134d9000 	C:\Program Files\Java\jdk-20\bin\jli.dll
0x00007ff9120a0000 - 0x00007ff9120bb000 	C:\Program Files\Java\jdk-20\bin\VCRUNTIME140.dll
0x00007ff937550000 - 0x00007ff937603000 	C:\WINDOWS\System32\ADVAPI32.dll
0x00007ff937610000 - 0x00007ff9376b7000 	C:\WINDOWS\System32\msvcrt.dll
0x00007ff9388e0000 - 0x00007ff938988000 	C:\WINDOWS\System32\sechost.dll
0x00007ff936a70000 - 0x00007ff936a98000 	C:\WINDOWS\System32\bcrypt.dll
0x00007ff938770000 - 0x00007ff938887000 	C:\WINDOWS\System32\RPCRT4.dll
0x00007ff9390b0000 - 0x00007ff93925e000 	C:\WINDOWS\System32\USER32.dll
0x00007ff936c80000 - 0x00007ff936ca6000 	C:\WINDOWS\System32\win32u.dll
0x00007ff911380000 - 0x00007ff911613000 	C:\WINDOWS\WinSxS\amd64_microsoft.windows.common-controls_6595b64144ccf1df_6.0.22621.2506_none_270c5ae97388e100\COMCTL32.dll
0x00007ff937520000 - 0x00007ff937549000 	C:\WINDOWS\System32\GDI32.dll
0x00007ff936e10000 - 0x00007ff936f28000 	C:\WINDOWS\System32\gdi32full.dll
0x00007ff936d70000 - 0x00007ff936e0a000 	C:\WINDOWS\System32\msvcp_win.dll
0x00007ff9307b0000 - 0x00007ff9307ba000 	C:\WINDOWS\SYSTEM32\VERSION.dll
0x00007ff938b40000 - 0x00007ff938b71000 	C:\WINDOWS\System32\IMM32.DLL
0x00007ff91bdf0000 - 0x00007ff91bdfc000 	C:\Program Files\Java\jdk-20\bin\vcruntime140_1.dll
0x00007ff9038a0000 - 0x00007ff90392e000 	C:\Program Files\Java\jdk-20\bin\msvcp140.dll
0x00007ff8d0d30000 - 0x00007ff8d19c8000 	C:\Program Files\Java\jdk-20\bin\server\jvm.dll
0x00007ff9302a0000 - 0x00007ff9302d4000 	C:\WINDOWS\SYSTEM32\WINMM.dll
0x00007ff9317b0000 - 0x00007ff9317b9000 	C:\WINDOWS\SYSTEM32\WSOCK32.dll
0x00007ff9374a0000 - 0x00007ff937511000 	C:\WINDOWS\System32\WS2_32.dll
0x00007ff935ba0000 - 0x00007ff935bb8000 	C:\WINDOWS\SYSTEM32\kernel.appcore.dll
0x00007ff91a5e0000 - 0x00007ff91a5ea000 	C:\Program Files\Java\jdk-20\bin\jimage.dll
0x00007ff933ea0000 - 0x00007ff9340d3000 	C:\WINDOWS\SYSTEM32\DBGHELP.DLL
0x00007ff938d20000 - 0x00007ff9390a9000 	C:\WINDOWS\System32\combase.dll
0x00007ff9379e0000 - 0x00007ff937ab7000 	C:\WINDOWS\System32\OLEAUT32.dll
0x00007ff922ea0000 - 0x00007ff922ed2000 	C:\WINDOWS\SYSTEM32\dbgcore.DLL
0x00007ff9372e0000 - 0x00007ff93735a000 	C:\WINDOWS\System32\bcryptPrimitives.dll
0x00007ff910480000 - 0x00007ff9104a6000 	C:\Program Files\Java\jdk-20\bin\java.dll
0x00007ff8d71b0000 - 0x00007ff8d7287000 	C:\Program Files\Java\jdk-20\bin\jsvml.dll
0x00007ff937eb0000 - 0x00007ff93870b000 	C:\WINDOWS\System32\SHELL32.dll
0x00007ff9349e0000 - 0x00007ff9352d6000 	C:\WINDOWS\SYSTEM32\windows.storage.dll
0x00007ff9348a0000 - 0x00007ff9349de000 	C:\WINDOWS\SYSTEM32\wintypes.dll
0x00007ff937720000 - 0x00007ff937813000 	C:\WINDOWS\System32\SHCORE.dll
0x00007ff938710000 - 0x00007ff93876e000 	C:\WINDOWS\System32\shlwapi.dll
0x00007ff9369a0000 - 0x00007ff9369c6000 	C:\WINDOWS\SYSTEM32\profapi.dll
0x00007ff9056f0000 - 0x00007ff905703000 	C:\Program Files\Java\jdk-20\bin\net.dll
0x00007ff9312a0000 - 0x00007ff9313d7000 	C:\WINDOWS\SYSTEM32\WINHTTP.dll
0x00007ff936020000 - 0x00007ff936089000 	C:\WINDOWS\system32\mswsock.dll
0x00007ff903c60000 - 0x00007ff903c76000 	C:\Program Files\Java\jdk-20\bin\nio.dll
0x00007ff903c40000 - 0x00007ff903c58000 	C:\Program Files\Java\jdk-20\bin\zip.dll
0x00000147e83a0000 - 0x00000147e83a3000 	C:\Users\yassi\.openjfx\cache\17\api-ms-win-core-console-l1-1-0.dll
0x00000147e83b0000 - 0x00000147e83b3000 	C:\Users\yassi\.openjfx\cache\17\api-ms-win-core-console-l1-2-0.dll
0x00000147e83c0000 - 0x00000147e83c3000 	C:\Users\yassi\.openjfx\cache\17\api-ms-win-core-datetime-l1-1-0.dll
0x00000147e83d0000 - 0x00000147e83d3000 	C:\Users\yassi\.openjfx\cache\17\api-ms-win-core-debug-l1-1-0.dll
0x00000147e83e0000 - 0x00000147e83e3000 	C:\Users\yassi\.openjfx\cache\17\api-ms-win-core-errorhandling-l1-1-0.dll
0x00000147e83f0000 - 0x00000147e83f4000 	C:\Users\yassi\.openjfx\cache\17\api-ms-win-core-file-l1-1-0.dll
0x00000147ed130000 - 0x00000147ed133000 	C:\Users\yassi\.openjfx\cache\17\api-ms-win-core-file-l1-2-0.dll
0x00000147ed140000 - 0x00000147ed143000 	C:\Users\yassi\.openjfx\cache\17\api-ms-win-core-file-l2-1-0.dll
0x00000147ed150000 - 0x00000147ed153000 	C:\Users\yassi\.openjfx\cache\17\api-ms-win-core-handle-l1-1-0.dll
0x00000147ed160000 - 0x00000147ed163000 	C:\Users\yassi\.openjfx\cache\17\api-ms-win-core-heap-l1-1-0.dll
0x00000147ed170000 - 0x00000147ed173000 	C:\Users\yassi\.openjfx\cache\17\api-ms-win-core-interlocked-l1-1-0.dll
0x00000147ed180000 - 0x00000147ed183000 	C:\Users\yassi\.openjfx\cache\17\api-ms-win-core-libraryloader-l1-1-0.dll
0x00000147ed190000 - 0x00000147ed193000 	C:\Users\yassi\.openjfx\cache\17\api-ms-win-core-localization-l1-2-0.dll
0x00000147ed1a0000 - 0x00000147ed1a3000 	C:\Users\yassi\.openjfx\cache\17\api-ms-win-core-memory-l1-1-0.dll
0x00000147ed1b0000 - 0x00000147ed1b3000 	C:\Users\yassi\.openjfx\cache\17\api-ms-win-core-namedpipe-l1-1-0.dll
0x00000147ed1c0000 - 0x00000147ed1c3000 	C:\Users\yassi\.openjfx\cache\17\api-ms-win-core-processenvironment-l1-1-0.dll
0x00000147ed1d0000 - 0x00000147ed1d3000 	C:\Users\yassi\.openjfx\cache\17\api-ms-win-core-processthreads-l1-1-0.dll
0x00000147ed1e0000 - 0x00000147ed1e3000 	C:\Users\yassi\.openjfx\cache\17\api-ms-win-core-processthreads-l1-1-1.dll
0x00000147ed1f0000 - 0x00000147ed1f3000 	C:\Users\yassi\.openjfx\cache\17\api-ms-win-core-profile-l1-1-0.dll
0x00000147ed200000 - 0x00000147ed203000 	C:\Users\yassi\.openjfx\cache\17\api-ms-win-core-rtlsupport-l1-1-0.dll
0x00000147ed210000 - 0x00000147ed213000 	C:\Users\yassi\.openjfx\cache\17\api-ms-win-core-string-l1-1-0.dll
0x00000147ed220000 - 0x00000147ed223000 	C:\Users\yassi\.openjfx\cache\17\api-ms-win-core-synch-l1-1-0.dll
0x00000147ed230000 - 0x00000147ed233000 	C:\Users\yassi\.openjfx\cache\17\api-ms-win-core-synch-l1-2-0.dll
0x00000147ed240000 - 0x00000147ed243000 	C:\Users\yassi\.openjfx\cache\17\api-ms-win-core-sysinfo-l1-1-0.dll
0x00000147ed250000 - 0x00000147ed253000 	C:\Users\yassi\.openjfx\cache\17\api-ms-win-core-timezone-l1-1-0.dll
0x00000147ed260000 - 0x00000147ed263000 	C:\Users\yassi\.openjfx\cache\17\api-ms-win-core-util-l1-1-0.dll
0x00000147ed270000 - 0x00000147ed273000 	C:\Users\yassi\.openjfx\cache\17\api-ms-win-crt-conio-l1-1-0.dll
0x00000147ed280000 - 0x00000147ed284000 	C:\Users\yassi\.openjfx\cache\17\api-ms-win-crt-convert-l1-1-0.dll
0x00000147ed290000 - 0x00000147ed293000 	C:\Users\yassi\.openjfx\cache\17\api-ms-win-crt-environment-l1-1-0.dll
0x00000147ed2a0000 - 0x00000147ed2a3000 	C:\Users\yassi\.openjfx\cache\17\api-ms-win-crt-filesystem-l1-1-0.dll
0x00000147ed2b0000 - 0x00000147ed2b3000 	C:\Users\yassi\.openjfx\cache\17\api-ms-win-crt-heap-l1-1-0.dll
0x00000147ed2c0000 - 0x00000147ed2c3000 	C:\Users\yassi\.openjfx\cache\17\api-ms-win-crt-locale-l1-1-0.dll
0x00000147ed2d0000 - 0x00000147ed2d5000 	C:\Users\yassi\.openjfx\cache\17\api-ms-win-crt-math-l1-1-0.dll
0x00000147ed2e0000 - 0x00000147ed2e5000 	C:\Users\yassi\.openjfx\cache\17\api-ms-win-crt-multibyte-l1-1-0.dll
0x00000147ed2f0000 - 0x00000147ed300000 	C:\Users\yassi\.openjfx\cache\17\api-ms-win-crt-private-l1-1-0.dll
0x00000147ed300000 - 0x00000147ed303000 	C:\Users\yassi\.openjfx\cache\17\api-ms-win-crt-process-l1-1-0.dll
0x00000147ed310000 - 0x00000147ed314000 	C:\Users\yassi\.openjfx\cache\17\api-ms-win-crt-runtime-l1-1-0.dll
0x00000147ed320000 - 0x00000147ed324000 	C:\Users\yassi\.openjfx\cache\17\api-ms-win-crt-stdio-l1-1-0.dll
0x00000147ed330000 - 0x00000147ed334000 	C:\Users\yassi\.openjfx\cache\17\api-ms-win-crt-string-l1-1-0.dll
0x00000147ed340000 - 0x00000147ed343000 	C:\Users\yassi\.openjfx\cache\17\api-ms-win-crt-time-l1-1-0.dll
0x00000147ed350000 - 0x00000147ed353000 	C:\Users\yassi\.openjfx\cache\17\api-ms-win-crt-utility-l1-1-0.dll
0x00007ff8cabf0000 - 0x00007ff8cacec000 	C:\Users\yassi\.openjfx\cache\17\ucrtbase.dll
0x00007ff903960000 - 0x00007ff90397a000 	C:\Users\yassi\.openjfx\cache\17\vcruntime140.dll
0x00007ff91bdd0000 - 0x00007ff91bddc000 	C:\Users\yassi\.openjfx\cache\17\vcruntime140_1.dll
0x00007ff8d5670000 - 0x00007ff8d56fd000 	C:\Users\yassi\.openjfx\cache\17\msvcp140.dll
0x00007ff8de3b0000 - 0x00007ff8de3da000 	C:\Users\yassi\.openjfx\cache\17\prism_d3d.dll
0x00007ff915340000 - 0x00007ff9154e9000 	C:\WINDOWS\system32\d3d9.dll
0x00007ff933d10000 - 0x00007ff933d3b000 	C:\WINDOWS\SYSTEM32\dwmapi.dll
0x00007ff933d80000 - 0x00007ff933db9000 	C:\WINDOWS\SYSTEM32\dxcore.dll
0x00007ff933a90000 - 0x00007ff933b3b000 	C:\WINDOWS\system32\uxtheme.dll
0x00007ff92fdb0000 - 0x00007ff92fdfa000 	C:\WINDOWS\SYSTEM32\directxdatabasehelper.dll
0x00007ff9362d0000 - 0x00007ff9362e2000 	C:\WINDOWS\SYSTEM32\msasn1.dll
0x00007ff923470000 - 0x00007ff9234a2000 	C:\WINDOWS\SYSTEM32\cryptnet.dll
0x00007ff936b10000 - 0x00007ff936c76000 	C:\WINDOWS\System32\CRYPT32.dll
0x00007ff936290000 - 0x00007ff93629c000 	C:\WINDOWS\SYSTEM32\cryptbase.dll
0x00007ff936aa0000 - 0x00007ff936b0b000 	C:\WINDOWS\System32\wintrust.dll
0x00007ff937ad0000 - 0x00007ff937aef000 	C:\WINDOWS\System32\imagehlp.dll
0x00007ff936270000 - 0x00007ff93628b000 	C:\WINDOWS\SYSTEM32\CRYPTSP.dll
0x00007ff935b00000 - 0x00007ff935b35000 	C:\WINDOWS\system32\rsaenh.dll
0x00007ff8d7630000 - 0x00007ff8d7672000 	C:\Users\yassi\.openjfx\cache\17\glass.dll
0x00007ff938990000 - 0x00007ff938a89000 	C:\WINDOWS\System32\COMDLG32.dll
0x00007ff938b80000 - 0x00007ff938d20000 	C:\WINDOWS\System32\ole32.dll
0x00007ff937c50000 - 0x00007ff937da1000 	C:\WINDOWS\System32\MSCTF.dll
0x00007ff910790000 - 0x00007ff91084c000 	C:\WINDOWS\System32\DriverStore\FileRepository\nvhm.inf_amd64_28ac5867493a0477\nvldumdx.dll
0x00007ff923310000 - 0x00007ff923468000 	C:\WINDOWS\SYSTEM32\drvstore.dll
0x00007ff936780000 - 0x00007ff9367ac000 	C:\WINDOWS\SYSTEM32\devobj.dll
0x00007ff936730000 - 0x00007ff93677e000 	C:\WINDOWS\SYSTEM32\CFGMGR32.dll
0x00007ff936340000 - 0x00007ff93638b000 	C:\WINDOWS\SYSTEM32\wldp.dll
0x00007ff90de00000 - 0x00007ff90ffeb000 	C:\WINDOWS\System32\DriverStore\FileRepository\nvhm.inf_amd64_28ac5867493a0477\nvgpucomp64.dll
0x00007ff8a2850000 - 0x00007ff8a5212000 	C:\WINDOWS\System32\DriverStore\FileRepository\nvhm.inf_amd64_28ac5867493a0477\nvd3dumx.dll
0x00007ff9066e0000 - 0x00007ff906997000 	C:\WINDOWS\system32\nvspcap64.dll
0x00007ff935bc0000 - 0x00007ff935bf4000 	C:\WINDOWS\SYSTEM32\ntmarta.dll
0x00007ff9360b0000 - 0x00007ff9360d6000 	C:\WINDOWS\SYSTEM32\gpapi.dll
0x00007ff8ad5a0000 - 0x00007ff8ad74c000 	C:\WINDOWS\System32\DriverStore\FileRepository\iigd_dch.inf_amd64_237b1b6e9066be9c\igdumdim64.dll
0x00007ff8a8d40000 - 0x00007ff8ad59b000 	C:\WINDOWS\System32\DriverStore\FileRepository\iigd_dch.inf_amd64_237b1b6e9066be9c\igd9dxva64.dll
0x00007ff939260000 - 0x00007ff9396d4000 	C:\WINDOWS\System32\SETUPAPI.dll
0x00007ff929970000 - 0x00007ff929d7a000 	C:\WINDOWS\System32\DriverStore\FileRepository\iigd_dch.inf_amd64_237b1b6e9066be9c\igdgmm64.dll
0x00007ff8ce790000 - 0x00007ff8ce7b7000 	C:\WINDOWS\System32\DriverStore\FileRepository\iigd_dch.inf_amd64_237b1b6e9066be9c\igdinfo64.dll
0x00007ff9251c0000 - 0x00007ff929830000 	C:\WINDOWS\System32\DriverStore\FileRepository\iigd_dch.inf_amd64_237b1b6e9066be9c\igc64.dll

dbghelp: loaded successfully - version: 4.0.5 - missing functions: none
symbol engine: initialized successfully - sym options: 0x614 - pdb path: .;C:\Program Files\Java\jdk-20\bin;C:\WINDOWS\SYSTEM32;C:\WINDOWS\WinSxS\amd64_microsoft.windows.common-controls_6595b64144ccf1df_6.0.22621.2506_none_270c5ae97388e100;C:\Program Files\Java\jdk-20\bin\server;C:\Users\yassi\.openjfx\cache\17;C:\WINDOWS\System32\DriverStore\FileRepository\nvhm.inf_amd64_28ac5867493a0477;C:\WINDOWS\System32\DriverStore\FileRepository\iigd_dch.inf_amd64_237b1b6e9066be9c

VM Arguments:
jvm_args: --module-path=C:\Users\yassi\.m2\repository\org\openjfx\javafx-base\17\javafx-base-17-win.jar;C:\Users\yassi\.m2\repository\org\openjfx\javafx-base\17\javafx-base-17.jar;C:\Users\yassi\.m2\repository\org\openjfx\javafx-controls\17\javafx-controls-17-win.jar;C:\Users\yassi\.m2\repository\org\openjfx\javafx-controls\17\javafx-controls-17.jar;C:\Users\yassi\.m2\repository\org\openjfx\javafx-fxml\21.0.2\javafx-fxml-21.0.2-win.jar;C:\Users\yassi\.m2\repository\org\openjfx\javafx-fxml\21.0.2\javafx-fxml-21.0.2.jar;C:\Users\yassi\.m2\repository\org\openjfx\javafx-graphics\17\javafx-graphics-17-win.jar;C:\Users\yassi\.m2\repository\org\openjfx\javafx-graphics\17\javafx-graphics-17.jar --add-modules=javafx.base,javafx.base,javafx.controls,javafx.controls,javafx.fxml,javafx.graphics,javafx.graphics 
java_command: test.MainFX
java_class_path (initial): C:\Users\yassi\IdeaProjects\SuiviPi1\target\classes;C:\Users\yassi\.m2\repository\com\google\protobuf\protobuf-java\3.21.9\protobuf-java-3.21.9.jar;C:\Users\yassi\.m2\repository\com\mysql\mysql-connector-j\8.2.0\mysql-connector-j-8.2.0.jar;C:\Users\yassi\.m2\repository\de\jensd\fontawesomefx-commons\9.1.2\fontawesomefx-commons-9.1.2.jar;C:\Users\yassi\.m2\repository\de\jensd\fontawesomefx-fontawesome\4.7.0-9.1.2\fontawesomefx-fontawesome-4.7.0-9.1.2.jar
Launcher Type: SUN_STANDARD

[Global flags]
     intx CICompilerCount                          = 4                                         {product} {ergonomic}
     uint ConcGCThreads                            = 2                                         {product} {ergonomic}
     uint G1ConcRefinementThreads                  = 8                                         {product} {ergonomic}
   size_t G1HeapRegionSize                         = 1048576                                   {product} {ergonomic}
    uintx GCDrainStackTargetSize                   = 64                                        {product} {ergonomic}
   size_t InitialHeapSize                          = 132120576                                 {product} {ergonomic}
   size_t MarkStackSize                            = 4194304                                   {product} {ergonomic}
   size_t MaxHeapSize                              = 2090860544                                {product} {ergonomic}
   size_t MaxNewSize                               = 1254096896                                {product} {ergonomic}
   size_t MinHeapDeltaBytes                        = 1048576                                   {product} {ergonomic}
   size_t MinHeapSize                              = 8388608                                   {product} {ergonomic}
    uintx NonNMethodCodeHeapSize                   = 5839372                                {pd product} {ergonomic}
    uintx NonProfiledCodeHeapSize                  = 122909434                              {pd product} {ergonomic}
    uintx ProfiledCodeHeapSize                     = 122909434                              {pd product} {ergonomic}
    uintx ReservedCodeCacheSize                    = 251658240                              {pd product} {ergonomic}
     bool SegmentedCodeCache                       = true                                      {product} {ergonomic}
   size_t SoftMaxHeapSize                          = 2090860544                             {manageable} {ergonomic}
     bool UseCompressedClassPointers               = true                           {product lp64_product} {ergonomic}
     bool UseCompressedOops                        = true                           {product lp64_product} {ergonomic}
     bool UseG1GC                                  = true                                      {product} {ergonomic}
     bool UseLargePagesIndividualAllocation        = false                                  {pd product} {ergonomic}

Logging:
Log output configuration:
 #0: stdout all=warning uptime,level,tags foldmultilines=false
 #1: stderr all=off uptime,level,tags foldmultilines=false

Environment Variables:
JAVA_HOME=C:\Program Files\Java\jdk-20
PATH=C:\Users\yassi\.jdks\jbr-17.0.8.1;C:\oraclexe\app\oracle\product\10.2.0\server\bin;C:\Program Files (x86)\Common Files\Oracle\Java\javapath;C:\windows\system32;C:\windows;C:\windows\System32\Wbem;C:\windows\System32\WindowsPowerShell\v1.0\;C:\windows\System32\OpenSSH\;C:\Program Files (x86)\NVIDIA Corporation\PhysX\Common;C:\Program Files\NVIDIA Corporation\NVIDIA NvDLISR;C:\WINDOWS\system32;C:\WINDOWS;C:\WINDOWS\System32\Wbem;C:\WINDOWS\System32\WindowsPowerShell\v1.0\;C:\WINDOWS\System32\OpenSSH\;C:\Program Files\Java\jdk-20\bin;C:\xampp\php;C:\ProgramData\ComposerSetup\bin;C:\Users\yassi\scoop\shims;C:\Users\yassi\AppData\Local\Microsoft\WindowsApps;C:\Users\yassi\AppData\Local\Programs\Microsoft VS Code\bin;C:\Users\yassi\AppData\Local\GitHubDesktop\bin;C:\Program Files\JetBrains\IntelliJ IDEA 2023.2.2\bin;;C:\Users\yassi\AppData\Roaming\Composer\vendor\bin
USERNAME=yassi
OS=Windows_NT
PROCESSOR_IDENTIFIER=Intel64 Family 6 Model 165 Stepping 2, GenuineIntel
TMP=C:\Users\yassi\AppData\Local\Temp
TEMP=C:\Users\yassi\AppData\Local\Temp




---------------  S Y S T E M  ---------------

OS:
 Windows 11 , 64 bit Build 22621 (10.0.22621.3085)
OS uptime: 1 days 6:45 hours

CPU: total 8 (initial active 8) (4 cores per cpu, 2 threads per core) family 6 model 165 stepping 2 microcode 0xf0, cx8, cmov, fxsr, ht, mmx, 3dnowpref, sse, sse2, sse3, ssse3, sse4.1, sse4.2, popcnt, lzcnt, tsc, tscinvbit, avx, avx2, aes, erms, clmul, bmi1, bmi2, adx, fma, vzeroupper, clflush, clflushopt, rdtscp, f16c, pku

Memory: 4k page, system-wide physical 7968M (441M free)
TotalPageFile size 32544M (AvailPageFile size 2M)
current process WorkingSet (physical memory assigned to process): 108M, peak: 108M
current process commit charge ("private bytes"): 265M, peak: 265M

vm_info: Java HotSpot(TM) 64-Bit Server VM (20.0.2+9-78) for windows-amd64 JRE (20.0.2+9-78), built on 2023-06-14T10:08:48Z by "mach5one" with MS VC++ 17.1 (VS2022)

END.
