#
# There is insufficient memory for the Java Runtime Environment to continue.
# Native memory allocation (malloc) failed to allocate 1524352 bytes for Chunk::new
# Possible reasons:
#   The system is out of physical RAM or swap space
#   The process is running with CompressedOops enabled, and the Java Heap may be blocking the growth of the native heap
# Possible solutions:
#   Reduce memory load on the system
#   Increase physical memory or swap space
#   Check if swap backing store is full
#   Decrease Java heap size (-Xmx/-Xms)
#   Decrease number of Java threads
#   Decrease Java thread stack sizes (-Xss)
#   Set larger code cache with -XX:ReservedCodeCacheSize=
#   JVM is running with Unscaled Compressed Oops mode in which the Java heap is
#     placed in the first 4GB address space. The Java Heap base address is the
#     maximum limit for the native heap growth. Please use -XX:HeapBaseMinAddress
#     to set the Java Heap base and to place the Java Heap above 4GB virtual address.
# This output file may be truncated or incomplete.
#
#  Out of Memory Error (arena.cpp:184), pid=21928, tid=26128
#
# JRE version: Java(TM) SE Runtime Environment (20.0.2+9) (build 20.0.2+9-78)
# Java VM: Java HotSpot(TM) 64-Bit Server VM (20.0.2+9-78, mixed mode, sharing, tiered, compressed oops, compressed class ptrs, g1 gc, windows-amd64)
# No core dump will be written. Minidumps are not enabled by default on client versions of Windows
#

---------------  S U M M A R Y ------------

Command Line: -Dmaven.multiModuleProjectDirectory=C:\Users\yassi\IdeaProjects\SuiviPi1 -Djansi.passthrough=true -Dmaven.home=C:\Program Files\JetBrains\IntelliJ IDEA 2023.2.2\plugins\maven\lib\maven3 -Dclassworlds.conf=C:\Program Files\JetBrains\IntelliJ IDEA 2023.2.2\plugins\maven\lib\maven3\bin\m2.conf -Dmaven.ext.class.path=C:\Program Files\JetBrains\IntelliJ IDEA 2023.2.2\plugins\maven\lib\maven-event-listener.jar -javaagent:C:\Program Files\JetBrains\IntelliJ IDEA 2023.2.2\lib\idea_rt.jar=59930:C:\Program Files\JetBrains\IntelliJ IDEA 2023.2.2\bin -Dfile.encoding=UTF-8 -Dsun.stdout.encoding=UTF-8 -Dsun.stderr.encoding=UTF-8 org.codehaus.classworlds.Launcher -Didea.version=2023.2.2 javafx:run

Host: Intel(R) Core(TM) i5-10300H CPU @ 2.50GHz, 8 cores, 7G,  Windows 11 , 64 bit Build 22621 (10.0.22621.3085)
Time: Mon Feb 26 12:50:32 2024 Afr. centrale Ouest elapsed time: 2.069605 seconds (0d 0h 0m 2s)

---------------  T H R E A D  ---------------

Current thread (0x000001f5e4e30250):  JavaThread "C2 CompilerThread1" daemon [_thread_in_native, id=26128, stack(0x0000006957100000,0x0000006957200000)]


Current CompileTask:
C2:   2069 3832       4       java.lang.invoke.MethodType::makeImpl (109 bytes)

Stack: [0x0000006957100000,0x0000006957200000]
Native frames: (J=compiled Java code, j=interpreted, Vv=VM code, C=native code)
V  [jvm.dll+0x6bc25a]
V  [jvm.dll+0x84971a]
V  [jvm.dll+0x84b315]
V  [jvm.dll+0x84ba13]
V  [jvm.dll+0x280e4f]
V  [jvm.dll+0xc2ab1]
V  [jvm.dll+0xc2dd5]
V  [jvm.dll+0x3bb64c]
V  [jvm.dll+0x385b75]
V  [jvm.dll+0x384fea]
V  [jvm.dll+0x24b529]
V  [jvm.dll+0x24a921]
V  [jvm.dll+0x1ce761]
V  [jvm.dll+0x25a0eb]
V  [jvm.dll+0x2587c0]
V  [jvm.dll+0x3f2dd5]
V  [jvm.dll+0x7f5c76]
V  [jvm.dll+0x6baecb]
C  [ucrtbase.dll+0x29363]
C  [KERNEL32.DLL+0x1257d]
C  [ntdll.dll+0x5aa58]


---------------  P R O C E S S  ---------------

Threads class SMR info:
_java_thread_list=0x000001f5e4fe80c0, length=14, elements={
0x000001f5c1ae09a0, 0x000001f5e03d70c0, 0x000001f5e03d7ec0, 0x000001f5e03dc100,
0x000001f5e03dde00, 0x000001f5e03de740, 0x000001f5e03e2970, 0x000001f5e03e63b0,
0x000001f5e03e70e0, 0x000001f5e042e230, 0x000001f5e49905b0, 0x000001f5e4990b00,
0x000001f5e4e30250, 0x000001f5e50326e0
}

Java Threads: ( => current thread )
  0x000001f5c1ae09a0 JavaThread "main" [_thread_in_native, id=5800, stack(0x0000006955e00000,0x0000006955f00000)]
  0x000001f5e03d70c0 JavaThread "Reference Handler" daemon [_thread_blocked, id=3792, stack(0x0000006956500000,0x0000006956600000)]
  0x000001f5e03d7ec0 JavaThread "Finalizer" daemon [_thread_blocked, id=12224, stack(0x0000006956600000,0x0000006956700000)]
  0x000001f5e03dc100 JavaThread "Signal Dispatcher" daemon [_thread_blocked, id=26252, stack(0x0000006956700000,0x0000006956800000)]
  0x000001f5e03dde00 JavaThread "Attach Listener" daemon [_thread_blocked, id=19852, stack(0x0000006956800000,0x0000006956900000)]
  0x000001f5e03de740 JavaThread "Service Thread" daemon [_thread_blocked, id=26604, stack(0x0000006956900000,0x0000006956a00000)]
  0x000001f5e03e2970 JavaThread "Monitor Deflation Thread" daemon [_thread_blocked, id=19380, stack(0x0000006956a00000,0x0000006956b00000)]
  0x000001f5e03e63b0 JavaThread "C2 CompilerThread0" daemon [_thread_in_native, id=26276, stack(0x0000006956b00000,0x0000006956c00000)]
  0x000001f5e03e70e0 JavaThread "C1 CompilerThread0" daemon [_thread_blocked, id=25632, stack(0x0000006956c00000,0x0000006956d00000)]
  0x000001f5e042e230 JavaThread "Common-Cleaner" daemon [_thread_blocked, id=25472, stack(0x0000006956d00000,0x0000006956e00000)]
  0x000001f5e49905b0 JavaThread "Monitor Ctrl-Break" daemon [_thread_in_native, id=21672, stack(0x0000006956e00000,0x0000006956f00000)]
  0x000001f5e4990b00 JavaThread "Notification Thread" daemon [_thread_blocked, id=18796, stack(0x0000006956f00000,0x0000006957000000)]
=>0x000001f5e4e30250 JavaThread "C2 CompilerThread1" daemon [_thread_in_native, id=26128, stack(0x0000006957100000,0x0000006957200000)]
  0x000001f5e50326e0 JavaThread "C2 CompilerThread2" daemon [_thread_blocked, id=26076, stack(0x0000006957200000,0x0000006957300000)]

Other Threads:
  0x000001f5e03b7ae0 VMThread "VM Thread" [stack: 0x0000006956400000,0x0000006956500000] [id=14544]
  0x000001f5e4a52c80 WatcherThread "VM Periodic Task Thread" [stack: 0x0000006957000000,0x0000006957100000] [id=672]
  0x000001f5c1b3ebd0 WorkerThread "GC Thread#0" [stack: 0x0000006955f00000,0x0000006956000000] [id=4276]
  0x000001f5e590bf70 WorkerThread "GC Thread#1" [stack: 0x0000006957300000,0x0000006957400000] [id=25792]
  0x000001f5e5032120 WorkerThread "GC Thread#2" [stack: 0x0000006957400000,0x0000006957500000] [id=14272]
  0x000001f5e5448060 WorkerThread "GC Thread#3" [stack: 0x0000006957500000,0x0000006957600000] [id=6900]
  0x000001f5e54496e0 WorkerThread "GC Thread#4" [stack: 0x0000006957600000,0x0000006957700000] [id=19872]
  0x000001f5e5448e70 WorkerThread "GC Thread#5" [stack: 0x0000006957700000,0x0000006957800000] [id=26552]
  0x000001f5e5448600 WorkerThread "GC Thread#6" [stack: 0x0000006957800000,0x0000006957900000] [id=25756]
  0x000001f5e54499b0 WorkerThread "GC Thread#7" [stack: 0x0000006957900000,0x0000006957a00000] [id=25140]
  0x000001f5c1b4f330 ConcurrentGCThread "G1 Main Marker" [stack: 0x0000006956000000,0x0000006956100000] [id=12500]
  0x000001f5c1b50dd0 WorkerThread "G1 Conc#0" [stack: 0x0000006956100000,0x0000006956200000] [id=26364]
  0x000001f5c1b9e4b0 ConcurrentGCThread "G1 Refine#0" [stack: 0x0000006956200000,0x0000006956300000] [id=15524]
  0x000001f5e02764f0 ConcurrentGCThread "G1 Service" [stack: 0x0000006956300000,0x0000006956400000] [id=17680]

Threads with active compile tasks:
C2 CompilerThread0     2103 3906       4       org.codehaus.plexus.util.xml.pull.MXParser::parseAttribute (1429 bytes)
C1 CompilerThread0     2103 3962       3       org.codehaus.plexus.util.xml.Xpp3DomBuilder::build (7 bytes)
C2 CompilerThread1     2103 3832       4       java.lang.invoke.MethodType::makeImpl (109 bytes)

VM state: not at safepoint (normal execution)

VM Mutex/Monitor currently owned by a thread: None

Heap address: 0x0000000083600000, size: 1994 MB, Compressed Oops mode: 32-bit

CDS archive(s) mapped at: [0x000001f580000000-0x000001f580c60000-0x000001f580c60000), size 12976128, SharedBaseAddress: 0x000001f580000000, ArchiveRelocationMode: 1.
Compressed class space mapped at: 0x000001f581000000-0x000001f5c1000000, reserved size: 1073741824
Narrow klass base: 0x000001f580000000, Narrow klass shift: 0, Narrow klass range: 0x100000000

GC Precious Log:
 CardTable entry size: 512
 Card Set container configuration: InlinePtr #cards 5 size 8 Array Of Cards #cards 12 size 40 Howl #buckets 4 coarsen threshold 1843 Howl Bitmap #cards 512 size 80 coarsen threshold 460 Card regions per heap region 1 cards per card region 2048
 CPUs: 8 total, 8 available
 Memory: 7968M
 Large Page Support: Disabled
 NUMA Support: Disabled
 Compressed Oops: Enabled (32-bit)
 Heap Region Size: 1M
 Heap Min Capacity: 8M
 Heap Initial Capacity: 126M
 Heap Max Capacity: 1994M
 Pre-touch: Disabled
 Parallel Workers: 8
 Concurrent Workers: 2
 Concurrent Refinement Workers: 8
 Periodic GC: Disabled

Heap:
 garbage-first heap   total 129024K, used 70593K [0x0000000083600000, 0x0000000100000000)
  region size 1024K, 66 young (67584K), 2 survivors (2048K)
 Metaspace       used 17824K, committed 18112K, reserved 1114112K
  class space    used 2020K, committed 2176K, reserved 1048576K

Heap Regions: E=young(eden), S=young(survivor), O=old, HS=humongous(starts), HC=humongous(continues), CS=collection set, F=free, OA=open archive, CA=closed archive, TAMS=top-at-mark-start, PB=parsable bottom
|   0|0x0000000083600000, 0x0000000083700000, 0x0000000083700000|100%| O|  |TAMS 0x0000000083600000| PB 0x0000000083600000| Untracked 
|   1|0x0000000083700000, 0x0000000083800000, 0x0000000083800000|100%| O|  |TAMS 0x0000000083700000| PB 0x0000000083700000| Untracked 
|   2|0x0000000083800000, 0x0000000083900000, 0x0000000083900000|100%| O|  |TAMS 0x0000000083800000| PB 0x0000000083800000| Untracked 
|   3|0x0000000083900000, 0x0000000083a00000, 0x0000000083a00000|100%| O|  |TAMS 0x0000000083900000| PB 0x0000000083900000| Untracked 
|   4|0x0000000083a00000, 0x0000000083a00000, 0x0000000083b00000|  0%| F|  |TAMS 0x0000000083a00000| PB 0x0000000083a00000| Untracked 
|   5|0x0000000083b00000, 0x0000000083b00000, 0x0000000083c00000|  0%| F|  |TAMS 0x0000000083b00000| PB 0x0000000083b00000| Untracked 
|   6|0x0000000083c00000, 0x0000000083c00000, 0x0000000083d00000|  0%| F|  |TAMS 0x0000000083c00000| PB 0x0000000083c00000| Untracked 
|   7|0x0000000083d00000, 0x0000000083d00000, 0x0000000083e00000|  0%| F|  |TAMS 0x0000000083d00000| PB 0x0000000083d00000| Untracked 
|   8|0x0000000083e00000, 0x0000000083e00000, 0x0000000083f00000|  0%| F|  |TAMS 0x0000000083e00000| PB 0x0000000083e00000| Untracked 
|   9|0x0000000083f00000, 0x0000000083f00000, 0x0000000084000000|  0%| F|  |TAMS 0x0000000083f00000| PB 0x0000000083f00000| Untracked 
|  10|0x0000000084000000, 0x0000000084000000, 0x0000000084100000|  0%| F|  |TAMS 0x0000000084000000| PB 0x0000000084000000| Untracked 
|  11|0x0000000084100000, 0x0000000084100000, 0x0000000084200000|  0%| F|  |TAMS 0x0000000084100000| PB 0x0000000084100000| Untracked 
|  12|0x0000000084200000, 0x0000000084200000, 0x0000000084300000|  0%| F|  |TAMS 0x0000000084200000| PB 0x0000000084200000| Untracked 
|  13|0x0000000084300000, 0x0000000084300000, 0x0000000084400000|  0%| F|  |TAMS 0x0000000084300000| PB 0x0000000084300000| Untracked 
|  14|0x0000000084400000, 0x0000000084400000, 0x0000000084500000|  0%| F|  |TAMS 0x0000000084400000| PB 0x0000000084400000| Untracked 
|  15|0x0000000084500000, 0x0000000084500000, 0x0000000084600000|  0%| F|  |TAMS 0x0000000084500000| PB 0x0000000084500000| Untracked 
|  16|0x0000000084600000, 0x0000000084600000, 0x0000000084700000|  0%| F|  |TAMS 0x0000000084600000| PB 0x0000000084600000| Untracked 
|  17|0x0000000084700000, 0x0000000084700000, 0x0000000084800000|  0%| F|  |TAMS 0x0000000084700000| PB 0x0000000084700000| Untracked 
|  18|0x0000000084800000, 0x0000000084800000, 0x0000000084900000|  0%| F|  |TAMS 0x0000000084800000| PB 0x0000000084800000| Untracked 
|  19|0x0000000084900000, 0x0000000084900000, 0x0000000084a00000|  0%| F|  |TAMS 0x0000000084900000| PB 0x0000000084900000| Untracked 
|  20|0x0000000084a00000, 0x0000000084a00000, 0x0000000084b00000|  0%| F|  |TAMS 0x0000000084a00000| PB 0x0000000084a00000| Untracked 
|  21|0x0000000084b00000, 0x0000000084b00000, 0x0000000084c00000|  0%| F|  |TAMS 0x0000000084b00000| PB 0x0000000084b00000| Untracked 
|  22|0x0000000084c00000, 0x0000000084c00000, 0x0000000084d00000|  0%| F|  |TAMS 0x0000000084c00000| PB 0x0000000084c00000| Untracked 
|  23|0x0000000084d00000, 0x0000000084d00000, 0x0000000084e00000|  0%| F|  |TAMS 0x0000000084d00000| PB 0x0000000084d00000| Untracked 
|  24|0x0000000084e00000, 0x0000000084e00000, 0x0000000084f00000|  0%| F|  |TAMS 0x0000000084e00000| PB 0x0000000084e00000| Untracked 
|  25|0x0000000084f00000, 0x0000000084f00000, 0x0000000085000000|  0%| F|  |TAMS 0x0000000084f00000| PB 0x0000000084f00000| Untracked 
|  26|0x0000000085000000, 0x0000000085000000, 0x0000000085100000|  0%| F|  |TAMS 0x0000000085000000| PB 0x0000000085000000| Untracked 
|  27|0x0000000085100000, 0x0000000085100000, 0x0000000085200000|  0%| F|  |TAMS 0x0000000085100000| PB 0x0000000085100000| Untracked 
|  28|0x0000000085200000, 0x0000000085200000, 0x0000000085300000|  0%| F|  |TAMS 0x0000000085200000| PB 0x0000000085200000| Untracked 
|  29|0x0000000085300000, 0x0000000085300000, 0x0000000085400000|  0%| F|  |TAMS 0x0000000085300000| PB 0x0000000085300000| Untracked 
|  30|0x0000000085400000, 0x0000000085400000, 0x0000000085500000|  0%| F|  |TAMS 0x0000000085400000| PB 0x0000000085400000| Untracked 
|  31|0x0000000085500000, 0x0000000085500000, 0x0000000085600000|  0%| F|  |TAMS 0x0000000085500000| PB 0x0000000085500000| Untracked 
|  32|0x0000000085600000, 0x0000000085600000, 0x0000000085700000|  0%| F|  |TAMS 0x0000000085600000| PB 0x0000000085600000| Untracked 
|  33|0x0000000085700000, 0x0000000085700000, 0x0000000085800000|  0%| F|  |TAMS 0x0000000085700000| PB 0x0000000085700000| Untracked 
|  34|0x0000000085800000, 0x0000000085800000, 0x0000000085900000|  0%| F|  |TAMS 0x0000000085800000| PB 0x0000000085800000| Untracked 
|  35|0x0000000085900000, 0x0000000085900000, 0x0000000085a00000|  0%| F|  |TAMS 0x0000000085900000| PB 0x0000000085900000| Untracked 
|  36|0x0000000085a00000, 0x0000000085a00000, 0x0000000085b00000|  0%| F|  |TAMS 0x0000000085a00000| PB 0x0000000085a00000| Untracked 
|  37|0x0000000085b00000, 0x0000000085b00000, 0x0000000085c00000|  0%| F|  |TAMS 0x0000000085b00000| PB 0x0000000085b00000| Untracked 
|  38|0x0000000085c00000, 0x0000000085c00000, 0x0000000085d00000|  0%| F|  |TAMS 0x0000000085c00000| PB 0x0000000085c00000| Untracked 
|  39|0x0000000085d00000, 0x0000000085d00000, 0x0000000085e00000|  0%| F|  |TAMS 0x0000000085d00000| PB 0x0000000085d00000| Untracked 
|  40|0x0000000085e00000, 0x0000000085e00000, 0x0000000085f00000|  0%| F|  |TAMS 0x0000000085e00000| PB 0x0000000085e00000| Untracked 
|  41|0x0000000085f00000, 0x0000000085f00000, 0x0000000086000000|  0%| F|  |TAMS 0x0000000085f00000| PB 0x0000000085f00000| Untracked 
|  42|0x0000000086000000, 0x0000000086000000, 0x0000000086100000|  0%| F|  |TAMS 0x0000000086000000| PB 0x0000000086000000| Untracked 
|  43|0x0000000086100000, 0x0000000086100000, 0x0000000086200000|  0%| F|  |TAMS 0x0000000086100000| PB 0x0000000086100000| Untracked 
|  44|0x0000000086200000, 0x0000000086200000, 0x0000000086300000|  0%| F|  |TAMS 0x0000000086200000| PB 0x0000000086200000| Untracked 
|  45|0x0000000086300000, 0x0000000086300000, 0x0000000086400000|  0%| F|  |TAMS 0x0000000086300000| PB 0x0000000086300000| Untracked 
|  46|0x0000000086400000, 0x0000000086400000, 0x0000000086500000|  0%| F|  |TAMS 0x0000000086400000| PB 0x0000000086400000| Untracked 
|  47|0x0000000086500000, 0x0000000086500000, 0x0000000086600000|  0%| F|  |TAMS 0x0000000086500000| PB 0x0000000086500000| Untracked 
|  48|0x0000000086600000, 0x0000000086600000, 0x0000000086700000|  0%| F|  |TAMS 0x0000000086600000| PB 0x0000000086600000| Untracked 
|  49|0x0000000086700000, 0x0000000086700000, 0x0000000086800000|  0%| F|  |TAMS 0x0000000086700000| PB 0x0000000086700000| Untracked 
|  50|0x0000000086800000, 0x0000000086800000, 0x0000000086900000|  0%| F|  |TAMS 0x0000000086800000| PB 0x0000000086800000| Untracked 
|  51|0x0000000086900000, 0x0000000086900000, 0x0000000086a00000|  0%| F|  |TAMS 0x0000000086900000| PB 0x0000000086900000| Untracked 
|  52|0x0000000086a00000, 0x0000000086a00000, 0x0000000086b00000|  0%| F|  |TAMS 0x0000000086a00000| PB 0x0000000086a00000| Untracked 
|  53|0x0000000086b00000, 0x0000000086b00000, 0x0000000086c00000|  0%| F|  |TAMS 0x0000000086b00000| PB 0x0000000086b00000| Untracked 
|  54|0x0000000086c00000, 0x0000000086c00000, 0x0000000086d00000|  0%| F|  |TAMS 0x0000000086c00000| PB 0x0000000086c00000| Untracked 
|  55|0x0000000086d00000, 0x0000000086d00000, 0x0000000086e00000|  0%| F|  |TAMS 0x0000000086d00000| PB 0x0000000086d00000| Untracked 
|  56|0x0000000086e00000, 0x0000000086e00000, 0x0000000086f00000|  0%| F|  |TAMS 0x0000000086e00000| PB 0x0000000086e00000| Untracked 
|  57|0x0000000086f00000, 0x0000000086f00000, 0x0000000087000000|  0%| F|  |TAMS 0x0000000086f00000| PB 0x0000000086f00000| Untracked 
|  58|0x0000000087000000, 0x0000000087000000, 0x0000000087100000|  0%| F|  |TAMS 0x0000000087000000| PB 0x0000000087000000| Untracked 
|  59|0x0000000087100000, 0x0000000087100000, 0x0000000087200000|  0%| F|  |TAMS 0x0000000087100000| PB 0x0000000087100000| Untracked 
|  60|0x0000000087200000, 0x0000000087280800, 0x0000000087300000| 50%| E|  |TAMS 0x0000000087200000| PB 0x0000000087200000| Complete 
|  61|0x0000000087300000, 0x0000000087400000, 0x0000000087400000|100%| E|CS|TAMS 0x0000000087300000| PB 0x0000000087300000| Complete 
|  62|0x0000000087400000, 0x0000000087500000, 0x0000000087500000|100%| E|CS|TAMS 0x0000000087400000| PB 0x0000000087400000| Complete 
|  63|0x0000000087500000, 0x0000000087600000, 0x0000000087600000|100%| E|CS|TAMS 0x0000000087500000| PB 0x0000000087500000| Complete 
|  64|0x0000000087600000, 0x0000000087700000, 0x0000000087700000|100%| E|CS|TAMS 0x0000000087600000| PB 0x0000000087600000| Complete 
|  65|0x0000000087700000, 0x0000000087800000, 0x0000000087800000|100%| E|CS|TAMS 0x0000000087700000| PB 0x0000000087700000| Complete 
|  66|0x0000000087800000, 0x0000000087900000, 0x0000000087900000|100%| E|CS|TAMS 0x0000000087800000| PB 0x0000000087800000| Complete 
|  67|0x0000000087900000, 0x0000000087a00000, 0x0000000087a00000|100%| E|CS|TAMS 0x0000000087900000| PB 0x0000000087900000| Complete 
|  68|0x0000000087a00000, 0x0000000087b00000, 0x0000000087b00000|100%| E|CS|TAMS 0x0000000087a00000| PB 0x0000000087a00000| Complete 
|  69|0x0000000087b00000, 0x0000000087c00000, 0x0000000087c00000|100%| E|CS|TAMS 0x0000000087b00000| PB 0x0000000087b00000| Complete 
|  70|0x0000000087c00000, 0x0000000087d00000, 0x0000000087d00000|100%| E|CS|TAMS 0x0000000087c00000| PB 0x0000000087c00000| Complete 
|  71|0x0000000087d00000, 0x0000000087e00000, 0x0000000087e00000|100%| E|CS|TAMS 0x0000000087d00000| PB 0x0000000087d00000| Complete 
|  72|0x0000000087e00000, 0x0000000087f00000, 0x0000000087f00000|100%| E|CS|TAMS 0x0000000087e00000| PB 0x0000000087e00000| Complete 
|  73|0x0000000087f00000, 0x0000000088000000, 0x0000000088000000|100%| E|CS|TAMS 0x0000000087f00000| PB 0x0000000087f00000| Complete 
|  74|0x0000000088000000, 0x0000000088100000, 0x0000000088100000|100%| E|CS|TAMS 0x0000000088000000| PB 0x0000000088000000| Complete 
|  75|0x0000000088100000, 0x0000000088200000, 0x0000000088200000|100%| E|CS|TAMS 0x0000000088100000| PB 0x0000000088100000| Complete 
|  76|0x0000000088200000, 0x0000000088300000, 0x0000000088300000|100%| E|CS|TAMS 0x0000000088200000| PB 0x0000000088200000| Complete 
|  77|0x0000000088300000, 0x0000000088400000, 0x0000000088400000|100%| E|CS|TAMS 0x0000000088300000| PB 0x0000000088300000| Complete 
|  78|0x0000000088400000, 0x0000000088500000, 0x0000000088500000|100%| E|CS|TAMS 0x0000000088400000| PB 0x0000000088400000| Complete 
|  79|0x0000000088500000, 0x0000000088600000, 0x0000000088600000|100%| E|CS|TAMS 0x0000000088500000| PB 0x0000000088500000| Complete 
|  80|0x0000000088600000, 0x0000000088700000, 0x0000000088700000|100%| E|CS|TAMS 0x0000000088600000| PB 0x0000000088600000| Complete 
|  81|0x0000000088700000, 0x0000000088800000, 0x0000000088800000|100%| E|CS|TAMS 0x0000000088700000| PB 0x0000000088700000| Complete 
|  82|0x0000000088800000, 0x0000000088900000, 0x0000000088900000|100%| E|CS|TAMS 0x0000000088800000| PB 0x0000000088800000| Complete 
|  83|0x0000000088900000, 0x0000000088a00000, 0x0000000088a00000|100%| E|CS|TAMS 0x0000000088900000| PB 0x0000000088900000| Complete 
|  84|0x0000000088a00000, 0x0000000088b00000, 0x0000000088b00000|100%| E|CS|TAMS 0x0000000088a00000| PB 0x0000000088a00000| Complete 
|  85|0x0000000088b00000, 0x0000000088c00000, 0x0000000088c00000|100%| E|CS|TAMS 0x0000000088b00000| PB 0x0000000088b00000| Complete 
|  86|0x0000000088c00000, 0x0000000088d00000, 0x0000000088d00000|100%| E|CS|TAMS 0x0000000088c00000| PB 0x0000000088c00000| Complete 
|  87|0x0000000088d00000, 0x0000000088e00000, 0x0000000088e00000|100%| E|CS|TAMS 0x0000000088d00000| PB 0x0000000088d00000| Complete 
|  88|0x0000000088e00000, 0x0000000088f00000, 0x0000000088f00000|100%| E|CS|TAMS 0x0000000088e00000| PB 0x0000000088e00000| Complete 
|  89|0x0000000088f00000, 0x0000000089000000, 0x0000000089000000|100%| E|CS|TAMS 0x0000000088f00000| PB 0x0000000088f00000| Complete 
|  90|0x0000000089000000, 0x0000000089100000, 0x0000000089100000|100%| E|CS|TAMS 0x0000000089000000| PB 0x0000000089000000| Complete 
|  91|0x0000000089100000, 0x00000000891f0510, 0x0000000089200000| 93%| S|CS|TAMS 0x0000000089100000| PB 0x0000000089100000| Complete 
|  92|0x0000000089200000, 0x0000000089300000, 0x0000000089300000|100%| S|CS|TAMS 0x0000000089200000| PB 0x0000000089200000| Complete 
|  93|0x0000000089300000, 0x0000000089400000, 0x0000000089400000|100%| E|CS|TAMS 0x0000000089300000| PB 0x0000000089300000| Complete 
|  94|0x0000000089400000, 0x0000000089500000, 0x0000000089500000|100%| E|CS|TAMS 0x0000000089400000| PB 0x0000000089400000| Complete 
|  95|0x0000000089500000, 0x0000000089600000, 0x0000000089600000|100%| E|CS|TAMS 0x0000000089500000| PB 0x0000000089500000| Complete 
|  96|0x0000000089600000, 0x0000000089700000, 0x0000000089700000|100%| E|CS|TAMS 0x0000000089600000| PB 0x0000000089600000| Complete 
|  97|0x0000000089700000, 0x0000000089800000, 0x0000000089800000|100%| E|CS|TAMS 0x0000000089700000| PB 0x0000000089700000| Complete 
|  98|0x0000000089800000, 0x0000000089900000, 0x0000000089900000|100%| E|CS|TAMS 0x0000000089800000| PB 0x0000000089800000| Complete 
|  99|0x0000000089900000, 0x0000000089a00000, 0x0000000089a00000|100%| E|CS|TAMS 0x0000000089900000| PB 0x0000000089900000| Complete 
| 100|0x0000000089a00000, 0x0000000089b00000, 0x0000000089b00000|100%| E|CS|TAMS 0x0000000089a00000| PB 0x0000000089a00000| Complete 
| 101|0x0000000089b00000, 0x0000000089c00000, 0x0000000089c00000|100%| E|CS|TAMS 0x0000000089b00000| PB 0x0000000089b00000| Complete 
| 102|0x0000000089c00000, 0x0000000089d00000, 0x0000000089d00000|100%| E|CS|TAMS 0x0000000089c00000| PB 0x0000000089c00000| Complete 
| 103|0x0000000089d00000, 0x0000000089e00000, 0x0000000089e00000|100%| E|CS|TAMS 0x0000000089d00000| PB 0x0000000089d00000| Complete 
| 104|0x0000000089e00000, 0x0000000089f00000, 0x0000000089f00000|100%| E|CS|TAMS 0x0000000089e00000| PB 0x0000000089e00000| Complete 
| 105|0x0000000089f00000, 0x000000008a000000, 0x000000008a000000|100%| E|CS|TAMS 0x0000000089f00000| PB 0x0000000089f00000| Complete 
| 106|0x000000008a000000, 0x000000008a100000, 0x000000008a100000|100%| E|CS|TAMS 0x000000008a000000| PB 0x000000008a000000| Complete 
| 107|0x000000008a100000, 0x000000008a200000, 0x000000008a200000|100%| E|CS|TAMS 0x000000008a100000| PB 0x000000008a100000| Complete 
| 108|0x000000008a200000, 0x000000008a300000, 0x000000008a300000|100%| E|CS|TAMS 0x000000008a200000| PB 0x000000008a200000| Complete 
| 109|0x000000008a300000, 0x000000008a400000, 0x000000008a400000|100%| E|CS|TAMS 0x000000008a300000| PB 0x000000008a300000| Complete 
| 110|0x000000008a400000, 0x000000008a500000, 0x000000008a500000|100%| E|CS|TAMS 0x000000008a400000| PB 0x000000008a400000| Complete 
| 111|0x000000008a500000, 0x000000008a600000, 0x000000008a600000|100%| E|CS|TAMS 0x000000008a500000| PB 0x000000008a500000| Complete 
| 112|0x000000008a600000, 0x000000008a700000, 0x000000008a700000|100%| E|CS|TAMS 0x000000008a600000| PB 0x000000008a600000| Complete 
| 113|0x000000008a700000, 0x000000008a800000, 0x000000008a800000|100%| E|CS|TAMS 0x000000008a700000| PB 0x000000008a700000| Complete 
| 114|0x000000008a800000, 0x000000008a900000, 0x000000008a900000|100%| E|CS|TAMS 0x000000008a800000| PB 0x000000008a800000| Complete 
| 115|0x000000008a900000, 0x000000008aa00000, 0x000000008aa00000|100%| E|CS|TAMS 0x000000008a900000| PB 0x000000008a900000| Complete 
| 116|0x000000008aa00000, 0x000000008ab00000, 0x000000008ab00000|100%| E|CS|TAMS 0x000000008aa00000| PB 0x000000008aa00000| Complete 
| 117|0x000000008ab00000, 0x000000008ac00000, 0x000000008ac00000|100%| E|CS|TAMS 0x000000008ab00000| PB 0x000000008ab00000| Complete 
| 118|0x000000008ac00000, 0x000000008ad00000, 0x000000008ad00000|100%| E|CS|TAMS 0x000000008ac00000| PB 0x000000008ac00000| Complete 
| 119|0x000000008ad00000, 0x000000008ae00000, 0x000000008ae00000|100%| E|CS|TAMS 0x000000008ad00000| PB 0x000000008ad00000| Complete 
| 120|0x000000008ae00000, 0x000000008af00000, 0x000000008af00000|100%| E|CS|TAMS 0x000000008ae00000| PB 0x000000008ae00000| Complete 
| 121|0x000000008af00000, 0x000000008b000000, 0x000000008b000000|100%| E|CS|TAMS 0x000000008af00000| PB 0x000000008af00000| Complete 
| 122|0x000000008b000000, 0x000000008b100000, 0x000000008b100000|100%| E|CS|TAMS 0x000000008b000000| PB 0x000000008b000000| Complete 
| 123|0x000000008b100000, 0x000000008b200000, 0x000000008b200000|100%| E|CS|TAMS 0x000000008b100000| PB 0x000000008b100000| Complete 
| 124|0x000000008b200000, 0x000000008b300000, 0x000000008b300000|100%| E|CS|TAMS 0x000000008b200000| PB 0x000000008b200000| Complete 
| 125|0x000000008b300000, 0x000000008b400000, 0x000000008b400000|100%| E|CS|TAMS 0x000000008b300000| PB 0x000000008b300000| Complete 

Card table byte_map: [0x000001f5db200000,0x000001f5db5f0000] _byte_map_base: 0x000001f5dade5000

Marking Bits: (CMBitMap*) 0x000001f5c1b3f110
 Bits: [0x000001f5db9e0000, 0x000001f5dd908000)

Polling page: 0x000001f5c1ba0000

Metaspace:

Usage:
  Non-class:     15.43 MB used.
      Class:      1.97 MB used.
       Both:     17.41 MB used.

Virtual space:
  Non-class space:       64.00 MB reserved,      15.56 MB ( 24%) committed,  1 nodes.
      Class space:        1.00 GB reserved,       2.12 MB ( <1%) committed,  1 nodes.
             Both:        1.06 GB reserved,      17.69 MB (  2%) committed. 

Chunk freelists:
   Non-Class:  3.56 MB
       Class:  1.91 MB
        Both:  5.48 MB

MaxMetaspaceSize: unlimited
CompressedClassSpaceSize: 1.00 GB
Initial GC threshold: 21.00 MB
Current GC threshold: 21.00 MB
CDS: on
MetaspaceReclaimPolicy: balanced
 - commit_granule_bytes: 65536.
 - commit_granule_words: 8192.
 - virtual_space_node_default_size: 8388608.
 - enlarge_chunks_in_place: 1.
 - new_chunks_are_fully_committed: 0.
 - uncommit_free_chunks: 1.
 - use_allocation_guard: 0.


Internal statistics:

num_allocs_failed_limit: 0.
num_arena_births: 190.
num_arena_deaths: 0.
num_vsnodes_births: 2.
num_vsnodes_deaths: 0.
num_space_committed: 283.
num_space_uncommitted: 0.
num_chunks_returned_to_freelist: 0.
num_chunks_taken_from_freelist: 786.
num_chunk_merges: 0.
num_chunk_splits: 553.
num_chunks_enlarged: 446.
num_inconsistent_stats: 0.

CodeHeap 'non-profiled nmethods': size=120000Kb used=1874Kb max_used=1874Kb free=118125Kb
 bounds [0x000001f5d2e50000, 0x000001f5d30c0000, 0x000001f5da380000]
CodeHeap 'profiled nmethods': size=120000Kb used=7640Kb max_used=7640Kb free=112359Kb
 bounds [0x000001f5cb380000, 0x000001f5cbb00000, 0x000001f5d28b0000]
CodeHeap 'non-nmethods': size=5760Kb used=1473Kb max_used=1523Kb free=4286Kb
 bounds [0x000001f5d28b0000, 0x000001f5d2b20000, 0x000001f5d2e50000]
 total_blobs=4469 nmethods=3966 adapters=413
 compilation: enabled
              stopped_count=0, restarted_count=0
 full_count=0

Compilation events (20 events):
Event: 2.063 Thread 0x000001f5e03e70e0 nmethod 3881 0x000001f5cbad8890 code [0x000001f5cbad8bc0, 0x000001f5cbada390]
Event: 2.063 Thread 0x000001f5e03e70e0 3883       3       java.util.IdentityHashMap::init (11 bytes)
Event: 2.063 Thread 0x000001f5e03e70e0 nmethod 3883 0x000001f5cbada990 code [0x000001f5cbadab20, 0x000001f5cbadad18]
Event: 2.063 Thread 0x000001f5e03e70e0 3880       1       org.eclipse.aether.internal.impl.collect.DataPool$ConstraintKey::hashCode (5 bytes)
Event: 2.063 Thread 0x000001f5e03e70e0 nmethod 3880 0x000001f5d3017f10 code [0x000001f5d3018080, 0x000001f5d3018148]
Event: 2.063 Thread 0x000001f5e03e70e0 3887       1       org.eclipse.aether.util.graph.transformer.ConflictResolver$ConflictItem::getDepth (5 bytes)
Event: 2.063 Thread 0x000001f5e03e70e0 nmethod 3887 0x000001f5d3018210 code [0x000001f5d3018380, 0x000001f5d3018448]
Event: 2.063 Thread 0x000001f5e03e70e0 3886       1       org.eclipse.aether.util.graph.transformer.ConflictResolver$ConflictContext::getItems (5 bytes)
Event: 2.064 Thread 0x000001f5e03e70e0 nmethod 3886 0x000001f5d3018510 code [0x000001f5d3018680, 0x000001f5d3018748]
Event: 2.064 Thread 0x000001f5e03e70e0 3882       1       org.eclipse.aether.resolution.ArtifactDescriptorResult::getArtifact (5 bytes)
Event: 2.064 Thread 0x000001f5e03e70e0 nmethod 3882 0x000001f5d3018810 code [0x000001f5d3018980, 0x000001f5d3018a48]
Event: 2.064 Thread 0x000001f5e03e70e0 3890       1       java.lang.Thread::threadId (5 bytes)
Event: 2.064 Thread 0x000001f5e03e70e0 nmethod 3890 0x000001f5d3018b10 code [0x000001f5d3018c80, 0x000001f5d3018d48]
Event: 2.067 Thread 0x000001f5e03e70e0 3891   !   3       org.apache.maven.eventspy.internal.EventSpyDispatcher::onEvent (67 bytes)
Event: 2.067 Thread 0x000001f5e03e63b0 nmethod 3867 0x000001f5d3018e10 code [0x000001f5d3018fe0, 0x000001f5d3019db0]
Event: 2.067 Thread 0x000001f5e03e63b0 3888       4       java.util.HashMap::get (19 bytes)
Event: 2.068 Thread 0x000001f5e50326e0 nmethod 3884 0x000001f5d301a690 code [0x000001f5d301a840, 0x000001f5d301ade8]
Event: 2.068 Thread 0x000001f5e50326e0 3889       4       java.util.concurrent.ConcurrentHashMap::addCount (280 bytes)
Event: 2.068 Thread 0x000001f5e03e70e0 nmethod 3891 0x000001f5cbadae10 code [0x000001f5cbadb020, 0x000001f5cbadb788]
Event: 2.068 Thread 0x000001f5e03e70e0 3892   !   3       org.jetbrains.maven.server.IntellijMavenSpy::onEvent (74 bytes)

GC Heap History (4 events):
Event: 0.532 GC heap before
{Heap before GC invocations=0 (full 0):
 garbage-first heap   total 129024K, used 22528K [0x0000000083600000, 0x0000000100000000)
  region size 1024K, 23 young (23552K), 0 survivors (0K)
 Metaspace       used 5987K, committed 6144K, reserved 1114112K
  class space    used 683K, committed 768K, reserved 1048576K
}
Event: 0.537 GC heap after
{Heap after GC invocations=1 (full 0):
 garbage-first heap   total 129024K, used 3995K [0x0000000083600000, 0x0000000100000000)
  region size 1024K, 3 young (3072K), 3 survivors (3072K)
 Metaspace       used 5987K, committed 6144K, reserved 1114112K
  class space    used 683K, committed 768K, reserved 1048576K
}
Event: 1.015 GC heap before
{Heap before GC invocations=1 (full 0):
 garbage-first heap   total 129024K, used 34715K [0x0000000083600000, 0x0000000100000000)
  region size 1024K, 33 young (33792K), 3 survivors (3072K)
 Metaspace       used 10397K, committed 10560K, reserved 1114112K
  class space    used 1224K, committed 1280K, reserved 1048576K
}
Event: 1.020 GC heap after
{Heap after GC invocations=2 (full 0):
 garbage-first heap   total 129024K, used 6081K [0x0000000083600000, 0x0000000100000000)
  region size 1024K, 2 young (2048K), 2 survivors (2048K)
 Metaspace       used 10397K, committed 10560K, reserved 1114112K
  class space    used 1224K, committed 1280K, reserved 1048576K
}

Dll operation events (12 events):
Event: 0.013 Loaded shared library C:\Program Files\Java\jdk-20\bin\java.dll
Event: 0.037 Loaded shared library C:\Program Files\Java\jdk-20\bin\jsvml.dll
Event: 0.078 Loaded shared library C:\Program Files\Java\jdk-20\bin\zip.dll
Event: 0.081 Loaded shared library C:\Program Files\Java\jdk-20\bin\instrument.dll
Event: 0.086 Loaded shared library C:\Program Files\Java\jdk-20\bin\net.dll
Event: 0.088 Loaded shared library C:\Program Files\Java\jdk-20\bin\nio.dll
Event: 0.090 Loaded shared library C:\Program Files\Java\jdk-20\bin\zip.dll
Event: 0.100 Loaded shared library C:\Program Files\JetBrains\IntelliJ IDEA 2023.2.2\bin\breakgen64.dll
Event: 0.107 Loaded shared library C:\Program Files\Java\jdk-20\bin\extnet.dll
Event: 0.179 Loaded shared library C:\Program Files\Java\jdk-20\bin\jimage.dll
Event: 0.192 Loaded shared library C:\Users\yassi\AppData\Local\Temp\jansi-2.4.0-f2328e5efce0ec31-jansi.dll
Event: 0.201 Loaded shared library C:\Program Files\Java\jdk-20\bin\verify.dll

Deoptimization events (20 events):
Event: 1.906 Thread 0x000001f5c1ae09a0 Uncommon trap: trap_request=0xffffff45 fr.pc=0x000001f5d2fba8e4 relative=0x00000000000000c4
Event: 1.906 Thread 0x000001f5c1ae09a0 Uncommon trap: reason=unstable_if action=reinterpret pc=0x000001f5d2fba8e4 method=org.apache.maven.model.io.xpp3.MavenXpp3Reader.nextTag(Lorg/codehaus/plexus/util/xml/pull/XmlPullParser;)I @ 9 c2
Event: 1.906 Thread 0x000001f5c1ae09a0 DEOPT PACKING pc=0x000001f5d2fba8e4 sp=0x0000006955efc9a0
Event: 1.906 Thread 0x000001f5c1ae09a0 DEOPT UNPACKING pc=0x000001f5d2919d22 sp=0x0000006955efc930 mode 2
Event: 1.914 Thread 0x000001f5c1ae09a0 Uncommon trap: trap_request=0xffffffcc fr.pc=0x000001f5d2ff8b34 relative=0x0000000000000214
Event: 1.914 Thread 0x000001f5c1ae09a0 Uncommon trap: reason=intrinsic_or_type_checked_inlining action=make_not_entrant pc=0x000001f5d2ff8b34 method=java.util.Arrays.copyOf([Ljava/lang/Object;ILjava/lang/Class;)[Ljava/lang/Object; @ 35 c2
Event: 1.914 Thread 0x000001f5c1ae09a0 DEOPT PACKING pc=0x000001f5d2ff8b34 sp=0x0000006955efc860
Event: 1.914 Thread 0x000001f5c1ae09a0 DEOPT UNPACKING pc=0x000001f5d2919d22 sp=0x0000006955efc7f0 mode 2
Event: 1.937 Thread 0x000001f5c1ae09a0 Uncommon trap: trap_request=0xffffffde fr.pc=0x000001f5d2e9b69c relative=0x0000000000000e7c
Event: 1.937 Thread 0x000001f5c1ae09a0 Uncommon trap: reason=class_check action=maybe_recompile pc=0x000001f5d2e9b69c method=java.util.concurrent.ConcurrentHashMap.putVal(Ljava/lang/Object;Ljava/lang/Object;Z)Ljava/lang/Object; @ 242 c2
Event: 1.937 Thread 0x000001f5c1ae09a0 DEOPT PACKING pc=0x000001f5d2e9b69c sp=0x0000006955efcf50
Event: 1.937 Thread 0x000001f5c1ae09a0 DEOPT UNPACKING pc=0x000001f5d2919d22 sp=0x0000006955efcec0 mode 2
Event: 1.971 Thread 0x000001f5c1ae09a0 Uncommon trap: trap_request=0xffffff45 fr.pc=0x000001f5d2f8eba0 relative=0x0000000000000580
Event: 1.971 Thread 0x000001f5c1ae09a0 Uncommon trap: reason=unstable_if action=reinterpret pc=0x000001f5d2f8eba0 method=java.lang.StringLatin1.trim([B)Ljava/lang/String; @ 60 c2
Event: 1.971 Thread 0x000001f5c1ae09a0 DEOPT PACKING pc=0x000001f5d2f8eba0 sp=0x0000006955efd0c0
Event: 1.971 Thread 0x000001f5c1ae09a0 DEOPT UNPACKING pc=0x000001f5d2919d22 sp=0x0000006955efd080 mode 2
Event: 1.987 Thread 0x000001f5c1ae09a0 Uncommon trap: trap_request=0xffffffc6 fr.pc=0x000001f5d2ece40c relative=0x000000000000034c
Event: 1.987 Thread 0x000001f5c1ae09a0 Uncommon trap: reason=bimorphic_or_optimized_type_check action=maybe_recompile pc=0x000001f5d2ece40c method=java.nio.Buffer.<init>(IIIILjava/lang/foreign/MemorySegment;)V @ 39 c2
Event: 1.987 Thread 0x000001f5c1ae09a0 DEOPT PACKING pc=0x000001f5d2ece40c sp=0x0000006955ef8490
Event: 1.987 Thread 0x000001f5c1ae09a0 DEOPT UNPACKING pc=0x000001f5d2919d22 sp=0x0000006955ef8438 mode 2

Classes loaded (20 events):
Event: 1.796 Loading class java/util/stream/MatchOps$MatchOp
Event: 1.797 Loading class java/util/stream/MatchOps$MatchOp done
Event: 1.797 Loading class java/util/stream/MatchOps$BooleanTerminalSink
Event: 1.797 Loading class java/util/stream/MatchOps$BooleanTerminalSink done
Event: 1.797 Loading class java/util/stream/MatchOps$1MatchSink
Event: 1.797 Loading class java/util/stream/MatchOps$1MatchSink done
Event: 1.810 Loading class java/net/URISyntaxException
Event: 1.810 Loading class java/net/URISyntaxException done
Event: 1.817 Loading class jdk/internal/reflect/MethodHandleBooleanFieldAccessorImpl
Event: 1.817 Loading class jdk/internal/reflect/MethodHandleBooleanFieldAccessorImpl done
Event: 1.842 Loading class java/nio/file/attribute/PosixFileAttributes
Event: 1.842 Loading class java/nio/file/attribute/PosixFileAttributes done
Event: 1.991 Loading class java/io/FileWriter
Event: 1.991 Loading class java/io/FileWriter done
Event: 2.003 Loading class jdk/internal/reflect/MethodHandleIntegerFieldAccessorImpl
Event: 2.004 Loading class jdk/internal/reflect/MethodHandleIntegerFieldAccessorImpl done
Event: 2.056 Loading class sun/nio/fs/WindowsChannelFactory$2
Event: 2.056 Loading class sun/nio/fs/WindowsChannelFactory$2 done
Event: 2.057 Loading class sun/nio/ch/ChannelOutputStream
Event: 2.057 Loading class sun/nio/ch/ChannelOutputStream done

Classes unloaded (0 events):
No events

Classes redefined (0 events):
No events

Internal exceptions (20 events):
Event: 1.082 Thread 0x000001f5c1ae09a0 Exception <a 'java/lang/NoSuchMethodError'{0x000000008b0b2940}: 'java.lang.Object java.lang.invoke.DirectMethodHandle$Holder.invokeSpecial(java.lang.Object, java.lang.Object, java.lang.Object, java.lang.Object, long)'> (0x000000008b0b2940) 
thrown [s\open\src\hotspot\share\interpreter\linkResolver.cpp, line 773]
Event: 1.083 Thread 0x000001f5c1ae09a0 Exception <a 'java/lang/NoSuchMethodError'{0x000000008b0be430}: 'java.lang.Object java.lang.invoke.DirectMethodHandle$Holder.invokeSpecial(java.lang.Object, java.lang.Object, java.lang.Object, int, java.lang.Object)'> (0x000000008b0be430) 
thrown [s\open\src\hotspot\share\interpreter\linkResolver.cpp, line 773]
Event: 1.084 Thread 0x000001f5c1ae09a0 Exception <a 'java/lang/NoSuchMethodError'{0x000000008b0c6550}: 'int java.lang.invoke.DirectMethodHandle$Holder.invokeSpecial(java.lang.Object, java.lang.Object, java.lang.Object, int)'> (0x000000008b0c6550) 
thrown [s\open\src\hotspot\share\interpreter\linkResolver.cpp, line 773]
Event: 1.086 Thread 0x000001f5c1ae09a0 Implicit null exception at 0x000001f5d2eedd20 to 0x000001f5d2eede74
Event: 1.088 Thread 0x000001f5c1ae09a0 Exception <a 'java/lang/NoSuchMethodError'{0x000000008b0eb108}: 'java.lang.Object java.lang.invoke.Invokers$Holder.invokeExact_MT(java.lang.Object, int, java.lang.Object)'> (0x000000008b0eb108) 
thrown [s\open\src\hotspot\share\interpreter\linkResolver.cpp, line 773]
Event: 1.238 Thread 0x000001f5c1ae09a0 Exception <a 'java/lang/NoSuchMethodError'{0x000000008a7d36e8}: 'void java.lang.invoke.Invokers$Holder.invokeExact_MT(java.lang.Object, java.lang.Object, java.lang.Object, java.lang.Object)'> (0x000000008a7d36e8) 
thrown [s\open\src\hotspot\share\interpreter\linkResolver.cpp, line 773]
Event: 1.251 Thread 0x000001f5c1ae09a0 Exception <a 'java/lang/NoClassDefFoundError'{0x000000008a65d8e0}: com/google/inject/servlet/ServletModuleTargetVisitor> (0x000000008a65d8e0) 
thrown [s\open\src\hotspot\share\classfile\systemDictionary.cpp, line 294]
Event: 1.305 Thread 0x000001f5c1ae09a0 Exception <a 'java/lang/NoSuchMethodError'{0x000000008a30d510}: 'void java.lang.invoke.DirectMethodHandle$Holder.invokeVirtual(java.lang.Object, java.lang.Object)'> (0x000000008a30d510) 
thrown [s\open\src\hotspot\share\interpreter\linkResolver.cpp, line 773]
Event: 1.320 Thread 0x000001f5c1ae09a0 Exception <a 'java/lang/NoSuchMethodError'{0x000000008a39bf00}: 'java.lang.Object java.lang.invoke.DirectMethodHandle$Holder.invokeStaticInit(java.lang.Object, int, int, int, int)'> (0x000000008a39bf00) 
thrown [s\open\src\hotspot\share\interpreter\linkResolver.cpp, line 773]
Event: 1.439 Thread 0x000001f5c1ae09a0 Exception <a 'java/lang/NoSuchMethodError'{0x0000000089dda600}: 'void java.lang.invoke.DirectMethodHandle$Holder.invokeVirtual(java.lang.Object, java.lang.Object, int)'> (0x0000000089dda600) 
thrown [s\open\src\hotspot\share\interpreter\linkResolver.cpp, line 773]
Event: 1.440 Thread 0x000001f5c1ae09a0 Exception <a 'java/lang/NoSuchMethodError'{0x0000000089de15d0}: 'void java.lang.invoke.DelegatingMethodHandle$Holder.reinvoke_L(java.lang.Object, java.lang.Object, int)'> (0x0000000089de15d0) 
thrown [s\open\src\hotspot\share\interpreter\linkResolver.cpp, line 773]
Event: 1.485 Thread 0x000001f5c1ae09a0 Implicit null exception at 0x000001f5d2f07732 to 0x000001f5d2f07904
Event: 1.561 Thread 0x000001f5c1ae09a0 Implicit null exception at 0x000001f5d2f7c0cd to 0x000001f5d2f7c928
Event: 1.561 Thread 0x000001f5c1ae09a0 Implicit null exception at 0x000001f5d2f56180 to 0x000001f5d2f56378
Event: 1.562 Thread 0x000001f5c1ae09a0 Implicit null exception at 0x000001f5d2f554a0 to 0x000001f5d2f5551d
Event: 1.657 Thread 0x000001f5c1ae09a0 Exception <a 'java/lang/NoSuchMethodError'{0x0000000088ed92b8}: 'java.lang.Object java.lang.invoke.DirectMethodHandle$Holder.newInvokeSpecial(java.lang.Object, java.lang.Object, java.lang.Object, java.lang.Object, java.lang.Object, java.lang.Object, java.lang.Object)'> (0x0000000088ed92b8) 
thrown [s\open\src\hotspot\share\interpreter\linkResolver.cpp, line 773]
Event: 1.799 Thread 0x000001f5c1ae09a0 Exception <a 'java/lang/NoSuchMethodError'{0x0000000088467c68}: 'java.lang.Object java.lang.invoke.DirectMethodHandle$Holder.invokeVirtual(java.lang.Object, java.lang.Object, java.lang.Object)'> (0x0000000088467c68) 
thrown [s\open\src\hotspot\share\interpreter\linkResolver.cpp, line 773]
Event: 1.799 Thread 0x000001f5c1ae09a0 Exception <a 'java/lang/NoSuchMethodError'{0x000000008846ed08}: 'void java.lang.invoke.DirectMethodHandle$Holder.invokeSpecial(java.lang.Object, java.lang.Object, java.lang.Object, java.lang.Object, java.lang.Object, java.lang.Object)'> (0x000000008846ed08) 
thrown [s\open\src\hotspot\share\interpreter\linkResolver.cpp, line 773]
Event: 1.801 Thread 0x000001f5c1ae09a0 Exception <a 'java/lang/NoSuchMethodError'{0x000000008847a0e8}: 'int java.lang.invoke.DirectMethodHandle$Holder.invokeVirtual(java.lang.Object, java.lang.Object)'> (0x000000008847a0e8) 
thrown [s\open\src\hotspot\share\interpreter\linkResolver.cpp, line 773]
Event: 1.818 Thread 0x000001f5c1ae09a0 Exception <a 'java/lang/NoSuchMethodError'{0x0000000088343a28}: 'void java.lang.invoke.Invokers$Holder.invokeExact_MT(java.lang.Object, java.lang.Object, int, java.lang.Object)'> (0x0000000088343a28) 
thrown [s\open\src\hotspot\share\interpreter\linkResolver.cpp, line 773]

VM Operations (20 events):
Event: 1.312 Executing VM operation: HandshakeAllThreads
Event: 1.312 Executing VM operation: HandshakeAllThreads done
Event: 1.330 Executing VM operation: HandshakeAllThreads
Event: 1.330 Executing VM operation: HandshakeAllThreads done
Event: 1.354 Executing VM operation: HandshakeAllThreads
Event: 1.354 Executing VM operation: HandshakeAllThreads done
Event: 1.385 Executing VM operation: HandshakeAllThreads
Event: 1.385 Executing VM operation: HandshakeAllThreads done
Event: 1.385 Executing VM operation: HandshakeAllThreads
Event: 1.385 Executing VM operation: HandshakeAllThreads done
Event: 1.468 Executing VM operation: HandshakeAllThreads
Event: 1.468 Executing VM operation: HandshakeAllThreads done
Event: 1.468 Executing VM operation: HandshakeAllThreads
Event: 1.468 Executing VM operation: HandshakeAllThreads done
Event: 1.489 Executing VM operation: ICBufferFull
Event: 1.489 Executing VM operation: ICBufferFull done
Event: 1.714 Executing VM operation: ICBufferFull
Event: 1.714 Executing VM operation: ICBufferFull done
Event: 1.981 Executing VM operation: ICBufferFull
Event: 1.981 Executing VM operation: ICBufferFull done

Events (14 events):
Event: 0.037 Thread 0x000001f5c1ae09a0 Thread added: 0x000001f5c1ae09a0
Event: 0.046 Thread 0x000001f5e03d70c0 Thread added: 0x000001f5e03d70c0
Event: 0.047 Thread 0x000001f5e03d7ec0 Thread added: 0x000001f5e03d7ec0
Event: 0.047 Thread 0x000001f5e03dc100 Thread added: 0x000001f5e03dc100
Event: 0.047 Thread 0x000001f5e03dde00 Thread added: 0x000001f5e03dde00
Event: 0.047 Thread 0x000001f5e03de740 Thread added: 0x000001f5e03de740
Event: 0.047 Thread 0x000001f5e03e2970 Thread added: 0x000001f5e03e2970
Event: 0.047 Thread 0x000001f5e03e63b0 Thread added: 0x000001f5e03e63b0
Event: 0.047 Thread 0x000001f5e03e70e0 Thread added: 0x000001f5e03e70e0
Event: 0.063 Thread 0x000001f5e042e230 Thread added: 0x000001f5e042e230
Event: 0.101 Thread 0x000001f5e49905b0 Thread added: 0x000001f5e49905b0
Event: 0.101 Thread 0x000001f5e4990b00 Thread added: 0x000001f5e4990b00
Event: 0.335 Thread 0x000001f5e4e30250 Thread added: 0x000001f5e4e30250
Event: 0.503 Thread 0x000001f5e50326e0 Thread added: 0x000001f5e50326e0


Dynamic libraries:
0x00007ff70a440000 - 0x00007ff70a450000 	C:\Program Files\Java\jdk-20\bin\java.exe
0x00007ff939730000 - 0x00007ff939947000 	C:\WINDOWS\SYSTEM32\ntdll.dll
0x00007ff937af0000 - 0x00007ff937bb4000 	C:\WINDOWS\System32\KERNEL32.DLL
0x00007ff936f30000 - 0x00007ff9372d6000 	C:\WINDOWS\System32\KERNELBASE.dll
0x00007ff937360000 - 0x00007ff937471000 	C:\WINDOWS\System32\ucrtbase.dll
0x00007ff9134c0000 - 0x00007ff9134d9000 	C:\Program Files\Java\jdk-20\bin\jli.dll
0x00007ff9120a0000 - 0x00007ff9120bb000 	C:\Program Files\Java\jdk-20\bin\VCRUNTIME140.dll
0x00007ff937550000 - 0x00007ff937603000 	C:\WINDOWS\System32\ADVAPI32.dll
0x00007ff937610000 - 0x00007ff9376b7000 	C:\WINDOWS\System32\msvcrt.dll
0x00007ff9388e0000 - 0x00007ff938988000 	C:\WINDOWS\System32\sechost.dll
0x00007ff936a70000 - 0x00007ff936a98000 	C:\WINDOWS\System32\bcrypt.dll
0x00007ff938770000 - 0x00007ff938887000 	C:\WINDOWS\System32\RPCRT4.dll
0x00007ff9390b0000 - 0x00007ff93925e000 	C:\WINDOWS\System32\USER32.dll
0x00007ff936c80000 - 0x00007ff936ca6000 	C:\WINDOWS\System32\win32u.dll
0x00007ff937520000 - 0x00007ff937549000 	C:\WINDOWS\System32\GDI32.dll
0x00007ff911380000 - 0x00007ff911613000 	C:\WINDOWS\WinSxS\amd64_microsoft.windows.common-controls_6595b64144ccf1df_6.0.22621.2506_none_270c5ae97388e100\COMCTL32.dll
0x00007ff936e10000 - 0x00007ff936f28000 	C:\WINDOWS\System32\gdi32full.dll
0x00007ff936d70000 - 0x00007ff936e0a000 	C:\WINDOWS\System32\msvcp_win.dll
0x00007ff9307b0000 - 0x00007ff9307ba000 	C:\WINDOWS\SYSTEM32\VERSION.dll
0x00007ff938b40000 - 0x00007ff938b71000 	C:\WINDOWS\System32\IMM32.DLL
0x00007ff91bdf0000 - 0x00007ff91bdfc000 	C:\Program Files\Java\jdk-20\bin\vcruntime140_1.dll
0x00007ff9038a0000 - 0x00007ff90392e000 	C:\Program Files\Java\jdk-20\bin\msvcp140.dll
0x00007ff8d0d30000 - 0x00007ff8d19c8000 	C:\Program Files\Java\jdk-20\bin\server\jvm.dll
0x00007ff9317b0000 - 0x00007ff9317b9000 	C:\WINDOWS\SYSTEM32\WSOCK32.dll
0x00007ff9302a0000 - 0x00007ff9302d4000 	C:\WINDOWS\SYSTEM32\WINMM.dll
0x00007ff9374a0000 - 0x00007ff937511000 	C:\WINDOWS\System32\WS2_32.dll
0x00007ff935ba0000 - 0x00007ff935bb8000 	C:\WINDOWS\SYSTEM32\kernel.appcore.dll
0x00007ff91a5e0000 - 0x00007ff91a5ea000 	C:\Program Files\Java\jdk-20\bin\jimage.dll
0x00007ff933ea0000 - 0x00007ff9340d3000 	C:\WINDOWS\SYSTEM32\DBGHELP.DLL
0x00007ff938d20000 - 0x00007ff9390a9000 	C:\WINDOWS\System32\combase.dll
0x00007ff9379e0000 - 0x00007ff937ab7000 	C:\WINDOWS\System32\OLEAUT32.dll
0x00007ff922ea0000 - 0x00007ff922ed2000 	C:\WINDOWS\SYSTEM32\dbgcore.DLL
0x00007ff9372e0000 - 0x00007ff93735a000 	C:\WINDOWS\System32\bcryptPrimitives.dll
0x00007ff931c40000 - 0x00007ff931c4e000 	C:\Program Files\Java\jdk-20\bin\instrument.dll
0x00007ff910480000 - 0x00007ff9104a6000 	C:\Program Files\Java\jdk-20\bin\java.dll
0x00007ff8d71b0000 - 0x00007ff8d7287000 	C:\Program Files\Java\jdk-20\bin\jsvml.dll
0x00007ff937eb0000 - 0x00007ff93870b000 	C:\WINDOWS\System32\SHELL32.dll
0x00007ff9349e0000 - 0x00007ff9352d6000 	C:\WINDOWS\SYSTEM32\windows.storage.dll
0x00007ff9348a0000 - 0x00007ff9349de000 	C:\WINDOWS\SYSTEM32\wintypes.dll
0x00007ff937720000 - 0x00007ff937813000 	C:\WINDOWS\System32\SHCORE.dll
0x00007ff938710000 - 0x00007ff93876e000 	C:\WINDOWS\System32\shlwapi.dll
0x00007ff9369a0000 - 0x00007ff9369c6000 	C:\WINDOWS\SYSTEM32\profapi.dll
0x00007ff903c40000 - 0x00007ff903c58000 	C:\Program Files\Java\jdk-20\bin\zip.dll
0x00007ff9056f0000 - 0x00007ff905703000 	C:\Program Files\Java\jdk-20\bin\net.dll
0x00007ff9312a0000 - 0x00007ff9313d7000 	C:\WINDOWS\SYSTEM32\WINHTTP.dll
0x00007ff936020000 - 0x00007ff936089000 	C:\WINDOWS\system32\mswsock.dll
0x00007ff903c60000 - 0x00007ff903c76000 	C:\Program Files\Java\jdk-20\bin\nio.dll
0x00007ff931c20000 - 0x00007ff931c3a000 	C:\Program Files\JetBrains\IntelliJ IDEA 2023.2.2\bin\breakgen64.dll
0x00007ff9134b0000 - 0x00007ff9134b7000 	C:\Program Files\Java\jdk-20\bin\extnet.dll
0x0000000069ac0000 - 0x0000000069ae4000 	C:\Users\yassi\AppData\Local\Temp\jansi-2.4.0-f2328e5efce0ec31-jansi.dll
0x00007ff931bf0000 - 0x00007ff931c00000 	C:\Program Files\Java\jdk-20\bin\verify.dll

dbghelp: loaded successfully - version: 4.0.5 - missing functions: none
symbol engine: initialized successfully - sym options: 0x614 - pdb path: .;C:\Program Files\Java\jdk-20\bin;C:\WINDOWS\SYSTEM32;C:\WINDOWS\WinSxS\amd64_microsoft.windows.common-controls_6595b64144ccf1df_6.0.22621.2506_none_270c5ae97388e100;C:\Program Files\Java\jdk-20\bin\server;C:\Program Files\JetBrains\IntelliJ IDEA 2023.2.2\bin;C:\Users\yassi\AppData\Local\Temp

VM Arguments:
jvm_args: -Dmaven.multiModuleProjectDirectory=C:\Users\yassi\IdeaProjects\SuiviPi1 -Djansi.passthrough=true -Dmaven.home=C:\Program Files\JetBrains\IntelliJ IDEA 2023.2.2\plugins\maven\lib\maven3 -Dclassworlds.conf=C:\Program Files\JetBrains\IntelliJ IDEA 2023.2.2\plugins\maven\lib\maven3\bin\m2.conf -Dmaven.ext.class.path=C:\Program Files\JetBrains\IntelliJ IDEA 2023.2.2\plugins\maven\lib\maven-event-listener.jar -javaagent:C:\Program Files\JetBrains\IntelliJ IDEA 2023.2.2\lib\idea_rt.jar=59930:C:\Program Files\JetBrains\IntelliJ IDEA 2023.2.2\bin -Dfile.encoding=UTF-8 -Dsun.stdout.encoding=UTF-8 -Dsun.stderr.encoding=UTF-8 
java_command: org.codehaus.classworlds.Launcher -Didea.version=2023.2.2 javafx:run
java_class_path (initial): C:\Program Files\JetBrains\IntelliJ IDEA 2023.2.2\plugins\maven\lib\maven3\boot\plexus-classworlds-2.7.0.jar;C:\Program Files\JetBrains\IntelliJ IDEA 2023.2.2\plugins\maven\lib\maven3\boot\plexus-classworlds.license
Launcher Type: SUN_STANDARD

[Global flags]
     intx CICompilerCount                          = 4                                         {product} {ergonomic}
     uint ConcGCThreads                            = 2                                         {product} {ergonomic}
     uint G1ConcRefinementThreads                  = 8                                         {product} {ergonomic}
   size_t G1HeapRegionSize                         = 1048576                                   {product} {ergonomic}
    uintx GCDrainStackTargetSize                   = 64                                        {product} {ergonomic}
   size_t InitialHeapSize                          = 132120576                                 {product} {ergonomic}
   size_t MarkStackSize                            = 4194304                                   {product} {ergonomic}
   size_t MaxHeapSize                              = 2090860544                                {product} {ergonomic}
   size_t MaxNewSize                               = 1254096896                                {product} {ergonomic}
   size_t MinHeapDeltaBytes                        = 1048576                                   {product} {ergonomic}
   size_t MinHeapSize                              = 8388608                                   {product} {ergonomic}
    uintx NonNMethodCodeHeapSize                   = 5839372                                {pd product} {ergonomic}
    uintx NonProfiledCodeHeapSize                  = 122909434                              {pd product} {ergonomic}
    uintx ProfiledCodeHeapSize                     = 122909434                              {pd product} {ergonomic}
    uintx ReservedCodeCacheSize                    = 251658240                              {pd product} {ergonomic}
     bool SegmentedCodeCache                       = true                                      {product} {ergonomic}
   size_t SoftMaxHeapSize                          = 2090860544                             {manageable} {ergonomic}
     bool UseCompressedClassPointers               = true                           {product lp64_product} {ergonomic}
     bool UseCompressedOops                        = true                           {product lp64_product} {ergonomic}
     bool UseG1GC                                  = true                                      {product} {ergonomic}
     bool UseLargePagesIndividualAllocation        = false                                  {pd product} {ergonomic}

Logging:
Log output configuration:
 #0: stdout all=warning uptime,level,tags foldmultilines=false
 #1: stderr all=off uptime,level,tags foldmultilines=false

Environment Variables:
JAVA_HOME=C:\Program Files\Java\jdk-20
PATH=C:\Users\yassi\.jdks\jbr-17.0.8.1;C:\oraclexe\app\oracle\product\10.2.0\server\bin;C:\Program Files (x86)\Common Files\Oracle\Java\javapath;C:\windows\system32;C:\windows;C:\windows\System32\Wbem;C:\windows\System32\WindowsPowerShell\v1.0\;C:\windows\System32\OpenSSH\;C:\Program Files (x86)\NVIDIA Corporation\PhysX\Common;C:\Program Files\NVIDIA Corporation\NVIDIA NvDLISR;C:\WINDOWS\system32;C:\WINDOWS;C:\WINDOWS\System32\Wbem;C:\WINDOWS\System32\WindowsPowerShell\v1.0\;C:\WINDOWS\System32\OpenSSH\;C:\Program Files\Java\jdk-20\bin;C:\xampp\php;C:\ProgramData\ComposerSetup\bin;C:\Users\yassi\scoop\shims;C:\Users\yassi\AppData\Local\Microsoft\WindowsApps;C:\Users\yassi\AppData\Local\Programs\Microsoft VS Code\bin;C:\Users\yassi\AppData\Local\GitHubDesktop\bin;C:\Program Files\JetBrains\IntelliJ IDEA 2023.2.2\bin;;C:\Users\yassi\AppData\Roaming\Composer\vendor\bin
USERNAME=yassi
OS=Windows_NT
PROCESSOR_IDENTIFIER=Intel64 Family 6 Model 165 Stepping 2, GenuineIntel
TMP=C:\Users\yassi\AppData\Local\Temp
TEMP=C:\Users\yassi\AppData\Local\Temp




---------------  S Y S T E M  ---------------

OS:
 Windows 11 , 64 bit Build 22621 (10.0.22621.3085)
OS uptime: 1 days 6:37 hours

CPU: total 8 (initial active 8) (4 cores per cpu, 2 threads per core) family 6 model 165 stepping 2 microcode 0xf0, cx8, cmov, fxsr, ht, mmx, 3dnowpref, sse, sse2, sse3, ssse3, sse4.1, sse4.2, popcnt, lzcnt, tsc, tscinvbit, avx, avx2, aes, erms, clmul, bmi1, bmi2, adx, fma, vzeroupper, clflush, clflushopt, rdtscp, f16c, pku

Memory: 4k page, system-wide physical 7968M (540M free)
TotalPageFile size 32544M (AvailPageFile size 6M)
current process WorkingSet (physical memory assigned to process): 159M, peak: 159M
current process commit charge ("private bytes"): 258M, peak: 259M

vm_info: Java HotSpot(TM) 64-Bit Server VM (20.0.2+9-78) for windows-amd64 JRE (20.0.2+9-78), built on 2023-06-14T10:08:48Z by "mach5one" with MS VC++ 17.1 (VS2022)

END.
