#
# There is insufficient memory for the Java Runtime Environment to continue.
# Native memory allocation (mmap) failed to map 132120576 bytes for G1 virtual space
# Possible reasons:
#   The system is out of physical RAM or swap space
#   The process is running with CompressedOops enabled, and the Java Heap may be blocking the growth of the native heap
# Possible solutions:
#   Reduce memory load on the system
#   Increase physical memory or swap space
#   Check if swap backing store is full
#   Decrease Java heap size (-Xmx/-Xms)
#   Decrease number of Java threads
#   Decrease Java thread stack sizes (-Xss)
#   Set larger code cache with -XX:ReservedCodeCacheSize=
#   JVM is running with Unscaled Compressed Oops mode in which the Java heap is
#     placed in the first 4GB address space. The Java Heap base address is the
#     maximum limit for the native heap growth. Please use -XX:HeapBaseMinAddress
#     to set the Java Heap base and to place the Java Heap above 4GB virtual address.
# This output file may be truncated or incomplete.
#
#  Out of Memory Error (os_windows.cpp:3528), pid=18812, tid=24416
#
# JRE version:  (20.0.2+9) (build )
# Java VM: Java HotSpot(TM) 64-Bit Server VM (20.0.2+9-78, mixed mode, sharing, tiered, compressed oops, compressed class ptrs, g1 gc, windows-amd64)
# No core dump will be written. Minidumps are not enabled by default on client versions of Windows
#

---------------  S U M M A R Y ------------

Command Line: --module-path=C:\Users\yassi\.m2\repository\org\openjfx\javafx-base\17\javafx-base-17-win.jar;C:\Users\yassi\.m2\repository\org\openjfx\javafx-base\17\javafx-base-17.jar;C:\Users\yassi\.m2\repository\org\openjfx\javafx-controls\17\javafx-controls-17-win.jar;C:\Users\yassi\.m2\repository\org\openjfx\javafx-controls\17\javafx-controls-17.jar;C:\Users\yassi\.m2\repository\org\openjfx\javafx-fxml\21.0.2\javafx-fxml-21.0.2-win.jar;C:\Users\yassi\.m2\repository\org\openjfx\javafx-fxml\21.0.2\javafx-fxml-21.0.2.jar;C:\Users\yassi\.m2\repository\org\openjfx\javafx-graphics\17\javafx-graphics-17-win.jar;C:\Users\yassi\.m2\repository\org\openjfx\javafx-graphics\17\javafx-graphics-17.jar --add-modules=javafx.base,javafx.base,javafx.controls,javafx.controls,javafx.fxml,javafx.graphics,javafx.graphics test.MainFX

Host: Intel(R) Core(TM) i5-10300H CPU @ 2.50GHz, 8 cores, 7G,  Windows 11 , 64 bit Build 22621 (10.0.22621.3085)
Time: Mon Feb 26 12:41:11 2024 Afr. centrale Ouest elapsed time: 0.018199 seconds (0d 0h 0m 0s)

---------------  T H R E A D  ---------------

Current thread (0x00000208ba02ea50):  JavaThread "Unknown thread" [_thread_in_vm, id=24416, stack(0x0000003aa0800000,0x0000003aa0900000)]

Stack: [0x0000003aa0800000,0x0000003aa0900000]
Native frames: (J=compiled Java code, j=interpreted, Vv=VM code, C=native code)
V  [jvm.dll+0x6bc25a]
V  [jvm.dll+0x84971a]
V  [jvm.dll+0x84b315]
V  [jvm.dll+0x84ba13]
V  [jvm.dll+0x280e4f]
V  [jvm.dll+0x6b8fe9]
V  [jvm.dll+0x6adbca]
V  [jvm.dll+0x35b165]
V  [jvm.dll+0x363386]
V  [jvm.dll+0x3b400e]
V  [jvm.dll+0x3b4295]
V  [jvm.dll+0x32b86a]
V  [jvm.dll+0x32c68b]
V  [jvm.dll+0x8123df]
V  [jvm.dll+0x3c1261]
V  [jvm.dll+0x7fe103]
V  [jvm.dll+0x44ccaf]
V  [jvm.dll+0x44e621]
C  [jli.dll+0x5287]
C  [ucrtbase.dll+0x29363]
C  [KERNEL32.DLL+0x1257d]
C  [ntdll.dll+0x5aa58]


---------------  P R O C E S S  ---------------

Threads class SMR info:
_java_thread_list=0x00007ff8d188b118, length=0, elements={
}

Java Threads: ( => current thread )

Other Threads:
  0x00000208ba08f800 WorkerThread "GC Thread#0" [stack: 0x0000003aa0900000,0x0000003aa0a00000] [id=25812]
  0x00000208ba0a01f0 ConcurrentGCThread "G1 Main Marker" [stack: 0x0000003aa0a00000,0x0000003aa0b00000] [id=2880]
  0x00000208ba0a13c0 WorkerThread "G1 Conc#0" [stack: 0x0000003aa0b00000,0x0000003aa0c00000] [id=17612]

[error occurred during error reporting (printing all threads), id 0xc0000005, EXCEPTION_ACCESS_VIOLATION (0xc0000005) at pc=0x00007ff8d106eea7]
VM state: not at safepoint (not fully initialized)

VM Mutex/Monitor currently owned by a thread:  ([mutex/lock_event])
[0x00000208ba02a830] Heap_lock - owner thread: 0x00000208ba02ea50

Heap address: 0x0000000083600000, size: 1994 MB, Compressed Oops mode: 32-bit

CDS archive(s) mapped at: [0x0000000000000000-0x0000000000000000-0x0000000000000000), size 0, SharedBaseAddress: 0x0000000800000000, ArchiveRelocationMode: 1.
Narrow klass base: 0x0000000000000000, Narrow klass shift: 0, Narrow klass range: 0x0

GC Precious Log:
 CardTable entry size: 512
 Card Set container configuration: InlinePtr #cards 5 size 8 Array Of Cards #cards 12 size 40 Howl #buckets 4 coarsen threshold 1843 Howl Bitmap #cards 512 size 80 coarsen threshold 460 Card regions per heap region 1 cards per card region 2048

Heap:
 garbage-first heap   total 0K, used 0K [0x0000000083600000, 0x0000000100000000)
  region size 1024K, 0 young (0K), 0 survivors (0K)

[error occurred during error reporting (printing heap information), id 0xc0000005, EXCEPTION_ACCESS_VIOLATION (0xc0000005) at pc=0x00007ff8d14447b9]
GC Heap History (0 events):
No events

Dll operation events (1 events):
Event: 0.008 Loaded shared library C:\Program Files\Java\jdk-20\bin\java.dll

Deoptimization events (0 events):
No events

Classes loaded (0 events):
No events

Classes unloaded (0 events):
No events

Classes redefined (0 events):
No events

Internal exceptions (0 events):
No events

VM Operations (0 events):
No events

Events (0 events):
No events


Dynamic libraries:
0x00007ff70a440000 - 0x00007ff70a450000 	C:\Program Files\Java\jdk-20\bin\java.exe
0x00007ff939730000 - 0x00007ff939947000 	C:\WINDOWS\SYSTEM32\ntdll.dll
0x00007ff937af0000 - 0x00007ff937bb4000 	C:\WINDOWS\System32\KERNEL32.DLL
0x00007ff936f30000 - 0x00007ff9372d6000 	C:\WINDOWS\System32\KERNELBASE.dll
0x00007ff937360000 - 0x00007ff937471000 	C:\WINDOWS\System32\ucrtbase.dll
0x00007ff9134c0000 - 0x00007ff9134d9000 	C:\Program Files\Java\jdk-20\bin\jli.dll
0x00007ff9120a0000 - 0x00007ff9120bb000 	C:\Program Files\Java\jdk-20\bin\VCRUNTIME140.dll
0x00007ff937550000 - 0x00007ff937603000 	C:\WINDOWS\System32\ADVAPI32.dll
0x00007ff937610000 - 0x00007ff9376b7000 	C:\WINDOWS\System32\msvcrt.dll
0x00007ff9388e0000 - 0x00007ff938988000 	C:\WINDOWS\System32\sechost.dll
0x00007ff936a70000 - 0x00007ff936a98000 	C:\WINDOWS\System32\bcrypt.dll
0x00007ff938770000 - 0x00007ff938887000 	C:\WINDOWS\System32\RPCRT4.dll
0x00007ff9390b0000 - 0x00007ff93925e000 	C:\WINDOWS\System32\USER32.dll
0x00007ff936c80000 - 0x00007ff936ca6000 	C:\WINDOWS\System32\win32u.dll
0x00007ff911380000 - 0x00007ff911613000 	C:\WINDOWS\WinSxS\amd64_microsoft.windows.common-controls_6595b64144ccf1df_6.0.22621.2506_none_270c5ae97388e100\COMCTL32.dll
0x00007ff937520000 - 0x00007ff937549000 	C:\WINDOWS\System32\GDI32.dll
0x00007ff936e10000 - 0x00007ff936f28000 	C:\WINDOWS\System32\gdi32full.dll
0x00007ff936d70000 - 0x00007ff936e0a000 	C:\WINDOWS\System32\msvcp_win.dll
0x00007ff9307b0000 - 0x00007ff9307ba000 	C:\WINDOWS\SYSTEM32\VERSION.dll
0x00007ff938b40000 - 0x00007ff938b71000 	C:\WINDOWS\System32\IMM32.DLL
0x00007ff91bdf0000 - 0x00007ff91bdfc000 	C:\Program Files\Java\jdk-20\bin\vcruntime140_1.dll
0x00007ff9038a0000 - 0x00007ff90392e000 	C:\Program Files\Java\jdk-20\bin\msvcp140.dll
0x00007ff8d0d30000 - 0x00007ff8d19c8000 	C:\Program Files\Java\jdk-20\bin\server\jvm.dll
0x00007ff9317b0000 - 0x00007ff9317b9000 	C:\WINDOWS\SYSTEM32\WSOCK32.dll
0x00007ff9374a0000 - 0x00007ff937511000 	C:\WINDOWS\System32\WS2_32.dll
0x00007ff9302a0000 - 0x00007ff9302d4000 	C:\WINDOWS\SYSTEM32\WINMM.dll
0x00007ff935ba0000 - 0x00007ff935bb8000 	C:\WINDOWS\SYSTEM32\kernel.appcore.dll
0x00007ff91a5e0000 - 0x00007ff91a5ea000 	C:\Program Files\Java\jdk-20\bin\jimage.dll
0x00007ff933ea0000 - 0x00007ff9340d3000 	C:\WINDOWS\SYSTEM32\DBGHELP.DLL
0x00007ff938d20000 - 0x00007ff9390a9000 	C:\WINDOWS\System32\combase.dll
0x00007ff9379e0000 - 0x00007ff937ab7000 	C:\WINDOWS\System32\OLEAUT32.dll
0x00007ff922ea0000 - 0x00007ff922ed2000 	C:\WINDOWS\SYSTEM32\dbgcore.DLL
0x00007ff9372e0000 - 0x00007ff93735a000 	C:\WINDOWS\System32\bcryptPrimitives.dll
0x00007ff910480000 - 0x00007ff9104a6000 	C:\Program Files\Java\jdk-20\bin\java.dll

dbghelp: loaded successfully - version: 4.0.5 - missing functions: none
symbol engine: initialized successfully - sym options: 0x614 - pdb path: .;C:\Program Files\Java\jdk-20\bin;C:\WINDOWS\SYSTEM32;C:\WINDOWS\WinSxS\amd64_microsoft.windows.common-controls_6595b64144ccf1df_6.0.22621.2506_none_270c5ae97388e100;C:\Program Files\Java\jdk-20\bin\server

VM Arguments:
jvm_args: --module-path=C:\Users\yassi\.m2\repository\org\openjfx\javafx-base\17\javafx-base-17-win.jar;C:\Users\yassi\.m2\repository\org\openjfx\javafx-base\17\javafx-base-17.jar;C:\Users\yassi\.m2\repository\org\openjfx\javafx-controls\17\javafx-controls-17-win.jar;C:\Users\yassi\.m2\repository\org\openjfx\javafx-controls\17\javafx-controls-17.jar;C:\Users\yassi\.m2\repository\org\openjfx\javafx-fxml\21.0.2\javafx-fxml-21.0.2-win.jar;C:\Users\yassi\.m2\repository\org\openjfx\javafx-fxml\21.0.2\javafx-fxml-21.0.2.jar;C:\Users\yassi\.m2\repository\org\openjfx\javafx-graphics\17\javafx-graphics-17-win.jar;C:\Users\yassi\.m2\repository\org\openjfx\javafx-graphics\17\javafx-graphics-17.jar --add-modules=javafx.base,javafx.base,javafx.controls,javafx.controls,javafx.fxml,javafx.graphics,javafx.graphics 
java_command: test.MainFX
java_class_path (initial): C:\Users\yassi\IdeaProjects\SuiviPi1\target\classes;C:\Users\yassi\.m2\repository\com\google\protobuf\protobuf-java\3.21.9\protobuf-java-3.21.9.jar;C:\Users\yassi\.m2\repository\com\mysql\mysql-connector-j\8.2.0\mysql-connector-j-8.2.0.jar;C:\Users\yassi\.m2\repository\de\jensd\fontawesomefx-commons\9.1.2\fontawesomefx-commons-9.1.2.jar;C:\Users\yassi\.m2\repository\de\jensd\fontawesomefx-fontawesome\4.7.0-9.1.2\fontawesomefx-fontawesome-4.7.0-9.1.2.jar
Launcher Type: SUN_STANDARD

[Global flags]
     intx CICompilerCount                          = 4                                         {product} {ergonomic}
     uint ConcGCThreads                            = 2                                         {product} {ergonomic}
     uint G1ConcRefinementThreads                  = 8                                         {product} {ergonomic}
   size_t G1HeapRegionSize                         = 1048576                                   {product} {ergonomic}
    uintx GCDrainStackTargetSize                   = 64                                        {product} {ergonomic}
   size_t InitialHeapSize                          = 132120576                                 {product} {ergonomic}
   size_t MarkStackSize                            = 4194304                                   {product} {ergonomic}
   size_t MaxHeapSize                              = 2090860544                                {product} {ergonomic}
   size_t MinHeapDeltaBytes                        = 1048576                                   {product} {ergonomic}
   size_t MinHeapSize                              = 8388608                                   {product} {ergonomic}
    uintx NonNMethodCodeHeapSize                   = 5839372                                {pd product} {ergonomic}
    uintx NonProfiledCodeHeapSize                  = 122909434                              {pd product} {ergonomic}
    uintx ProfiledCodeHeapSize                     = 122909434                              {pd product} {ergonomic}
    uintx ReservedCodeCacheSize                    = 251658240                              {pd product} {ergonomic}
     bool SegmentedCodeCache                       = true                                      {product} {ergonomic}
   size_t SoftMaxHeapSize                          = 2090860544                             {manageable} {ergonomic}
     bool UseCompressedClassPointers               = true                           {product lp64_product} {ergonomic}
     bool UseCompressedOops                        = true                           {product lp64_product} {ergonomic}
     bool UseG1GC                                  = true                                      {product} {ergonomic}
     bool UseLargePagesIndividualAllocation        = false                                  {pd product} {ergonomic}

Logging:
Log output configuration:
 #0: stdout all=warning uptime,level,tags foldmultilines=false
 #1: stderr all=off uptime,level,tags foldmultilines=false

Environment Variables:
JAVA_HOME=C:\Program Files\Java\jdk-20
PATH=C:\Users\yassi\.jdks\jbr-17.0.8.1;C:\oraclexe\app\oracle\product\10.2.0\server\bin;C:\Program Files (x86)\Common Files\Oracle\Java\javapath;C:\windows\system32;C:\windows;C:\windows\System32\Wbem;C:\windows\System32\WindowsPowerShell\v1.0\;C:\windows\System32\OpenSSH\;C:\Program Files (x86)\NVIDIA Corporation\PhysX\Common;C:\Program Files\NVIDIA Corporation\NVIDIA NvDLISR;C:\WINDOWS\system32;C:\WINDOWS;C:\WINDOWS\System32\Wbem;C:\WINDOWS\System32\WindowsPowerShell\v1.0\;C:\WINDOWS\System32\OpenSSH\;C:\Program Files\Java\jdk-20\bin;C:\xampp\php;C:\ProgramData\ComposerSetup\bin;C:\Users\yassi\scoop\shims;C:\Users\yassi\AppData\Local\Microsoft\WindowsApps;C:\Users\yassi\AppData\Local\Programs\Microsoft VS Code\bin;C:\Users\yassi\AppData\Local\GitHubDesktop\bin;C:\Program Files\JetBrains\IntelliJ IDEA 2023.2.2\bin;;C:\Users\yassi\AppData\Roaming\Composer\vendor\bin
USERNAME=yassi
OS=Windows_NT
PROCESSOR_IDENTIFIER=Intel64 Family 6 Model 165 Stepping 2, GenuineIntel
TMP=C:\Users\yassi\AppData\Local\Temp
TEMP=C:\Users\yassi\AppData\Local\Temp




---------------  S Y S T E M  ---------------

OS:
 Windows 11 , 64 bit Build 22621 (10.0.22621.3085)
OS uptime: 1 days 6:27 hours

CPU: total 8 (initial active 8) (4 cores per cpu, 2 threads per core) family 6 model 165 stepping 2 microcode 0xf0, cx8, cmov, fxsr, ht, mmx, 3dnowpref, sse, sse2, sse3, ssse3, sse4.1, sse4.2, popcnt, lzcnt, tsc, tscinvbit, avx, avx2, aes, erms, clmul, bmi1, bmi2, adx, fma, vzeroupper, clflush, clflushopt, rdtscp, f16c, pku

Memory: 4k page, system-wide physical 7968M (452M free)
TotalPageFile size 32541M (AvailPageFile size 118M)
current process WorkingSet (physical memory assigned to process): 11M, peak: 11M
current process commit charge ("private bytes"): 60M, peak: 186M

vm_info: Java HotSpot(TM) 64-Bit Server VM (20.0.2+9-78) for windows-amd64 JRE (20.0.2+9-78), built on 2023-06-14T10:08:48Z by "mach5one" with MS VC++ 17.1 (VS2022)

END.
