#
# There is insufficient memory for the Java Runtime Environment to continue.
# Native memory allocation (malloc) failed to allocate 32744 bytes for Chunk::new
# Possible reasons:
#   The system is out of physical RAM or swap space
#   The process is running with CompressedOops enabled, and the Java Heap may be blocking the growth of the native heap
# Possible solutions:
#   Reduce memory load on the system
#   Increase physical memory or swap space
#   Check if swap backing store is full
#   Decrease Java heap size (-Xmx/-Xms)
#   Decrease number of Java threads
#   Decrease Java thread stack sizes (-Xss)
#   Set larger code cache with -XX:ReservedCodeCacheSize=
#   JVM is running with Unscaled Compressed Oops mode in which the Java heap is
#     placed in the first 4GB address space. The Java Heap base address is the
#     maximum limit for the native heap growth. Please use -XX:HeapBaseMinAddress
#     to set the Java Heap base and to place the Java Heap above 4GB virtual address.
# This output file may be truncated or incomplete.
#
#  Out of Memory Error (arena.cpp:184), pid=19612, tid=16620
#
# JRE version: Java(TM) SE Runtime Environment (20.0.2+9) (build 20.0.2+9-78)
# Java VM: Java HotSpot(TM) 64-Bit Server VM (20.0.2+9-78, mixed mode, tiered, compressed oops, compressed class ptrs, g1 gc, windows-amd64)
# No core dump will be written. Minidumps are not enabled by default on client versions of Windows
#

---------------  S U M M A R Y ------------

Command Line: -Dmaven.multiModuleProjectDirectory=C:\Users\yassi\IdeaProjects\SuiviPi1 -Djansi.passthrough=true -Dmaven.home=C:\Program Files\JetBrains\IntelliJ IDEA 2023.2.2\plugins\maven\lib\maven3 -Dclassworlds.conf=C:\Program Files\JetBrains\IntelliJ IDEA 2023.2.2\plugins\maven\lib\maven3\bin\m2.conf -Dmaven.ext.class.path=C:\Program Files\JetBrains\IntelliJ IDEA 2023.2.2\plugins\maven\lib\maven-event-listener.jar -javaagent:C:\Program Files\JetBrains\IntelliJ IDEA 2023.2.2\lib\idea_rt.jar=60038:C:\Program Files\JetBrains\IntelliJ IDEA 2023.2.2\bin -Dfile.encoding=UTF-8 -Dsun.stdout.encoding=UTF-8 -Dsun.stderr.encoding=UTF-8 org.codehaus.classworlds.Launcher -Didea.version=2023.2.2 javafx:run

Host: Intel(R) Core(TM) i5-10300H CPU @ 2.50GHz, 8 cores, 7G,  Windows 11 , 64 bit Build 22621 (10.0.22621.3085)
Time: Mon Feb 26 12:58:41 2024 Afr. centrale Ouest elapsed time: 0.379381 seconds (0d 0h 0m 0s)

---------------  T H R E A D  ---------------

Current thread (0x000002994d081540):  JavaThread "C1 CompilerThread0" daemon [_thread_in_native, id=16620, stack(0x000000cde8400000,0x000000cde8500000)]


Current CompileTask:
C1:    379  425       3       jdk.internal.org.objectweb.asm.Frame::execute (2305 bytes)

Stack: [0x000000cde8400000,0x000000cde8500000]
Native frames: (J=compiled Java code, j=interpreted, Vv=VM code, C=native code)
V  [jvm.dll+0x6bc25a]
V  [jvm.dll+0x84971a]
V  [jvm.dll+0x84b315]
V  [jvm.dll+0x84ba13]
V  [jvm.dll+0x280e4f]
V  [jvm.dll+0xc2ab1]
V  [jvm.dll+0xc2dd5]
V  [jvm.dll+0x19dc02]
V  [jvm.dll+0x19c184]
V  [jvm.dll+0x19c44a]
V  [jvm.dll+0x19ec3e]
V  [jvm.dll+0x1589f3]
V  [jvm.dll+0x1582e2]
V  [jvm.dll+0x158514]
V  [jvm.dll+0x157956]
V  [jvm.dll+0x15968d]
V  [jvm.dll+0x25a0eb]
V  [jvm.dll+0x2587c0]
V  [jvm.dll+0x3f2dd5]
V  [jvm.dll+0x7f5c76]
V  [jvm.dll+0x6baecb]
C  [ucrtbase.dll+0x29363]
C  [KERNEL32.DLL+0x1257d]
C  [ntdll.dll+0x5aa58]


---------------  P R O C E S S  ---------------

Threads class SMR info:
_java_thread_list=0x000002994d372cb0, length=12, elements={
0x000002992c5f0960, 0x000002994d047d40, 0x000002994d048b40, 0x000002994d0971d0,
0x000002994d098b20, 0x000002994d099460, 0x000002994d099ed0, 0x000002994d080bc0,
0x000002994d081540, 0x000002994d1ae000, 0x000002994d5440f0, 0x000002994d544a40
}

Java Threads: ( => current thread )
  0x000002992c5f0960 JavaThread "main" [_thread_in_Java, id=16352, stack(0x000000cde7600000,0x000000cde7700000)]
  0x000002994d047d40 JavaThread "Reference Handler" daemon [_thread_blocked, id=20044, stack(0x000000cde7d00000,0x000000cde7e00000)]
  0x000002994d048b40 JavaThread "Finalizer" daemon [_thread_blocked, id=15984, stack(0x000000cde7e00000,0x000000cde7f00000)]
  0x000002994d0971d0 JavaThread "Signal Dispatcher" daemon [_thread_blocked, id=18136, stack(0x000000cde7f00000,0x000000cde8000000)]
  0x000002994d098b20 JavaThread "Attach Listener" daemon [_thread_blocked, id=15972, stack(0x000000cde8000000,0x000000cde8100000)]
  0x000002994d099460 JavaThread "Service Thread" daemon [_thread_blocked, id=24948, stack(0x000000cde8100000,0x000000cde8200000)]
  0x000002994d099ed0 JavaThread "Monitor Deflation Thread" daemon [_thread_blocked, id=16768, stack(0x000000cde8200000,0x000000cde8300000)]
  0x000002994d080bc0 JavaThread "C2 CompilerThread0" daemon [_thread_blocked, id=17676, stack(0x000000cde8300000,0x000000cde8400000)]
=>0x000002994d081540 JavaThread "C1 CompilerThread0" daemon [_thread_in_native, id=16620, stack(0x000000cde8400000,0x000000cde8500000)]
  0x000002994d1ae000 JavaThread "Common-Cleaner" daemon [_thread_blocked, id=16336, stack(0x000000cde8500000,0x000000cde8600000)]
  0x000002994d5440f0 JavaThread "Monitor Ctrl-Break" daemon [_thread_in_native, id=1884, stack(0x000000cde8600000,0x000000cde8700000)]
  0x000002994d544a40 JavaThread "Notification Thread" daemon [_thread_blocked, id=19520, stack(0x000000cde8700000,0x000000cde8800000)]

Other Threads:
  0x0000029948a1e100 VMThread "VM Thread" [stack: 0x000000cde7c00000,0x000000cde7d00000] [id=2864]
  0x000002994d54b8a0 WatcherThread "VM Periodic Task Thread" [stack: 0x000000cde8800000,0x000000cde8900000] [id=23872]
  0x000002992c64fc80 WorkerThread "GC Thread#0" [stack: 0x000000cde7700000,0x000000cde7800000] [id=16224]
  0x000002992c660670 ConcurrentGCThread "G1 Main Marker" [stack: 0x000000cde7800000,0x000000cde7900000] [id=5492]
  0x000002992c661840 WorkerThread "G1 Conc#0" [stack: 0x000000cde7900000,0x000000cde7a00000] [id=14900]
  0x000002992c6ae800 ConcurrentGCThread "G1 Refine#0" [stack: 0x000000cde7a00000,0x000000cde7b00000] [id=18132]
  0x0000029948890370 ConcurrentGCThread "G1 Service" [stack: 0x000000cde7b00000,0x000000cde7c00000] [id=4468]

Threads with active compile tasks:
C1 CompilerThread0      407  425       3       jdk.internal.org.objectweb.asm.Frame::execute (2305 bytes)

VM state: not at safepoint (normal execution)

VM Mutex/Monitor currently owned by a thread: None

Heap address: 0x0000000083600000, size: 1994 MB, Compressed Oops mode: 32-bit

CDS archive(s) not mapped
Compressed class space mapped at: 0x0000000100000000-0x0000000140000000, reserved size: 1073741824
Narrow klass base: 0x0000000000000000, Narrow klass shift: 3, Narrow klass range: 0x140000000

GC Precious Log:
 CardTable entry size: 512
 Card Set container configuration: InlinePtr #cards 5 size 8 Array Of Cards #cards 12 size 40 Howl #buckets 4 coarsen threshold 1843 Howl Bitmap #cards 512 size 80 coarsen threshold 460 Card regions per heap region 1 cards per card region 2048
 CPUs: 8 total, 8 available
 Memory: 7968M
 Large Page Support: Disabled
 NUMA Support: Disabled
 Compressed Oops: Enabled (32-bit)
 Heap Region Size: 1M
 Heap Min Capacity: 8M
 Heap Initial Capacity: 126M
 Heap Max Capacity: 1994M
 Pre-touch: Disabled
 Parallel Workers: 8
 Concurrent Workers: 2
 Concurrent Refinement Workers: 8
 Periodic GC: Disabled

Heap:
 garbage-first heap   total 129024K, used 5120K [0x0000000083600000, 0x0000000100000000)
  region size 1024K, 6 young (6144K), 0 survivors (0K)
 Metaspace       used 8868K, committed 9024K, reserved 1114112K
  class space    used 757K, committed 832K, reserved 1048576K

Heap Regions: E=young(eden), S=young(survivor), O=old, HS=humongous(starts), HC=humongous(continues), CS=collection set, F=free, OA=open archive, CA=closed archive, TAMS=top-at-mark-start, PB=parsable bottom
|   0|0x0000000083600000, 0x0000000083600000, 0x0000000083700000|  0%| F|  |TAMS 0x0000000083600000| PB 0x0000000083600000| Untracked 
|   1|0x0000000083700000, 0x0000000083700000, 0x0000000083800000|  0%| F|  |TAMS 0x0000000083700000| PB 0x0000000083700000| Untracked 
|   2|0x0000000083800000, 0x0000000083800000, 0x0000000083900000|  0%| F|  |TAMS 0x0000000083800000| PB 0x0000000083800000| Untracked 
|   3|0x0000000083900000, 0x0000000083900000, 0x0000000083a00000|  0%| F|  |TAMS 0x0000000083900000| PB 0x0000000083900000| Untracked 
|   4|0x0000000083a00000, 0x0000000083a00000, 0x0000000083b00000|  0%| F|  |TAMS 0x0000000083a00000| PB 0x0000000083a00000| Untracked 
|   5|0x0000000083b00000, 0x0000000083b00000, 0x0000000083c00000|  0%| F|  |TAMS 0x0000000083b00000| PB 0x0000000083b00000| Untracked 
|   6|0x0000000083c00000, 0x0000000083c00000, 0x0000000083d00000|  0%| F|  |TAMS 0x0000000083c00000| PB 0x0000000083c00000| Untracked 
|   7|0x0000000083d00000, 0x0000000083d00000, 0x0000000083e00000|  0%| F|  |TAMS 0x0000000083d00000| PB 0x0000000083d00000| Untracked 
|   8|0x0000000083e00000, 0x0000000083e00000, 0x0000000083f00000|  0%| F|  |TAMS 0x0000000083e00000| PB 0x0000000083e00000| Untracked 
|   9|0x0000000083f00000, 0x0000000083f00000, 0x0000000084000000|  0%| F|  |TAMS 0x0000000083f00000| PB 0x0000000083f00000| Untracked 
|  10|0x0000000084000000, 0x0000000084000000, 0x0000000084100000|  0%| F|  |TAMS 0x0000000084000000| PB 0x0000000084000000| Untracked 
|  11|0x0000000084100000, 0x0000000084100000, 0x0000000084200000|  0%| F|  |TAMS 0x0000000084100000| PB 0x0000000084100000| Untracked 
|  12|0x0000000084200000, 0x0000000084200000, 0x0000000084300000|  0%| F|  |TAMS 0x0000000084200000| PB 0x0000000084200000| Untracked 
|  13|0x0000000084300000, 0x0000000084300000, 0x0000000084400000|  0%| F|  |TAMS 0x0000000084300000| PB 0x0000000084300000| Untracked 
|  14|0x0000000084400000, 0x0000000084400000, 0x0000000084500000|  0%| F|  |TAMS 0x0000000084400000| PB 0x0000000084400000| Untracked 
|  15|0x0000000084500000, 0x0000000084500000, 0x0000000084600000|  0%| F|  |TAMS 0x0000000084500000| PB 0x0000000084500000| Untracked 
|  16|0x0000000084600000, 0x0000000084600000, 0x0000000084700000|  0%| F|  |TAMS 0x0000000084600000| PB 0x0000000084600000| Untracked 
|  17|0x0000000084700000, 0x0000000084700000, 0x0000000084800000|  0%| F|  |TAMS 0x0000000084700000| PB 0x0000000084700000| Untracked 
|  18|0x0000000084800000, 0x0000000084800000, 0x0000000084900000|  0%| F|  |TAMS 0x0000000084800000| PB 0x0000000084800000| Untracked 
|  19|0x0000000084900000, 0x0000000084900000, 0x0000000084a00000|  0%| F|  |TAMS 0x0000000084900000| PB 0x0000000084900000| Untracked 
|  20|0x0000000084a00000, 0x0000000084a00000, 0x0000000084b00000|  0%| F|  |TAMS 0x0000000084a00000| PB 0x0000000084a00000| Untracked 
|  21|0x0000000084b00000, 0x0000000084b00000, 0x0000000084c00000|  0%| F|  |TAMS 0x0000000084b00000| PB 0x0000000084b00000| Untracked 
|  22|0x0000000084c00000, 0x0000000084c00000, 0x0000000084d00000|  0%| F|  |TAMS 0x0000000084c00000| PB 0x0000000084c00000| Untracked 
|  23|0x0000000084d00000, 0x0000000084d00000, 0x0000000084e00000|  0%| F|  |TAMS 0x0000000084d00000| PB 0x0000000084d00000| Untracked 
|  24|0x0000000084e00000, 0x0000000084e00000, 0x0000000084f00000|  0%| F|  |TAMS 0x0000000084e00000| PB 0x0000000084e00000| Untracked 
|  25|0x0000000084f00000, 0x0000000084f00000, 0x0000000085000000|  0%| F|  |TAMS 0x0000000084f00000| PB 0x0000000084f00000| Untracked 
|  26|0x0000000085000000, 0x0000000085000000, 0x0000000085100000|  0%| F|  |TAMS 0x0000000085000000| PB 0x0000000085000000| Untracked 
|  27|0x0000000085100000, 0x0000000085100000, 0x0000000085200000|  0%| F|  |TAMS 0x0000000085100000| PB 0x0000000085100000| Untracked 
|  28|0x0000000085200000, 0x0000000085200000, 0x0000000085300000|  0%| F|  |TAMS 0x0000000085200000| PB 0x0000000085200000| Untracked 
|  29|0x0000000085300000, 0x0000000085300000, 0x0000000085400000|  0%| F|  |TAMS 0x0000000085300000| PB 0x0000000085300000| Untracked 
|  30|0x0000000085400000, 0x0000000085400000, 0x0000000085500000|  0%| F|  |TAMS 0x0000000085400000| PB 0x0000000085400000| Untracked 
|  31|0x0000000085500000, 0x0000000085500000, 0x0000000085600000|  0%| F|  |TAMS 0x0000000085500000| PB 0x0000000085500000| Untracked 
|  32|0x0000000085600000, 0x0000000085600000, 0x0000000085700000|  0%| F|  |TAMS 0x0000000085600000| PB 0x0000000085600000| Untracked 
|  33|0x0000000085700000, 0x0000000085700000, 0x0000000085800000|  0%| F|  |TAMS 0x0000000085700000| PB 0x0000000085700000| Untracked 
|  34|0x0000000085800000, 0x0000000085800000, 0x0000000085900000|  0%| F|  |TAMS 0x0000000085800000| PB 0x0000000085800000| Untracked 
|  35|0x0000000085900000, 0x0000000085900000, 0x0000000085a00000|  0%| F|  |TAMS 0x0000000085900000| PB 0x0000000085900000| Untracked 
|  36|0x0000000085a00000, 0x0000000085a00000, 0x0000000085b00000|  0%| F|  |TAMS 0x0000000085a00000| PB 0x0000000085a00000| Untracked 
|  37|0x0000000085b00000, 0x0000000085b00000, 0x0000000085c00000|  0%| F|  |TAMS 0x0000000085b00000| PB 0x0000000085b00000| Untracked 
|  38|0x0000000085c00000, 0x0000000085c00000, 0x0000000085d00000|  0%| F|  |TAMS 0x0000000085c00000| PB 0x0000000085c00000| Untracked 
|  39|0x0000000085d00000, 0x0000000085d00000, 0x0000000085e00000|  0%| F|  |TAMS 0x0000000085d00000| PB 0x0000000085d00000| Untracked 
|  40|0x0000000085e00000, 0x0000000085e00000, 0x0000000085f00000|  0%| F|  |TAMS 0x0000000085e00000| PB 0x0000000085e00000| Untracked 
|  41|0x0000000085f00000, 0x0000000085f00000, 0x0000000086000000|  0%| F|  |TAMS 0x0000000085f00000| PB 0x0000000085f00000| Untracked 
|  42|0x0000000086000000, 0x0000000086000000, 0x0000000086100000|  0%| F|  |TAMS 0x0000000086000000| PB 0x0000000086000000| Untracked 
|  43|0x0000000086100000, 0x0000000086100000, 0x0000000086200000|  0%| F|  |TAMS 0x0000000086100000| PB 0x0000000086100000| Untracked 
|  44|0x0000000086200000, 0x0000000086200000, 0x0000000086300000|  0%| F|  |TAMS 0x0000000086200000| PB 0x0000000086200000| Untracked 
|  45|0x0000000086300000, 0x0000000086300000, 0x0000000086400000|  0%| F|  |TAMS 0x0000000086300000| PB 0x0000000086300000| Untracked 
|  46|0x0000000086400000, 0x0000000086400000, 0x0000000086500000|  0%| F|  |TAMS 0x0000000086400000| PB 0x0000000086400000| Untracked 
|  47|0x0000000086500000, 0x0000000086500000, 0x0000000086600000|  0%| F|  |TAMS 0x0000000086500000| PB 0x0000000086500000| Untracked 
|  48|0x0000000086600000, 0x0000000086600000, 0x0000000086700000|  0%| F|  |TAMS 0x0000000086600000| PB 0x0000000086600000| Untracked 
|  49|0x0000000086700000, 0x0000000086700000, 0x0000000086800000|  0%| F|  |TAMS 0x0000000086700000| PB 0x0000000086700000| Untracked 
|  50|0x0000000086800000, 0x0000000086800000, 0x0000000086900000|  0%| F|  |TAMS 0x0000000086800000| PB 0x0000000086800000| Untracked 
|  51|0x0000000086900000, 0x0000000086900000, 0x0000000086a00000|  0%| F|  |TAMS 0x0000000086900000| PB 0x0000000086900000| Untracked 
|  52|0x0000000086a00000, 0x0000000086a00000, 0x0000000086b00000|  0%| F|  |TAMS 0x0000000086a00000| PB 0x0000000086a00000| Untracked 
|  53|0x0000000086b00000, 0x0000000086b00000, 0x0000000086c00000|  0%| F|  |TAMS 0x0000000086b00000| PB 0x0000000086b00000| Untracked 
|  54|0x0000000086c00000, 0x0000000086c00000, 0x0000000086d00000|  0%| F|  |TAMS 0x0000000086c00000| PB 0x0000000086c00000| Untracked 
|  55|0x0000000086d00000, 0x0000000086d00000, 0x0000000086e00000|  0%| F|  |TAMS 0x0000000086d00000| PB 0x0000000086d00000| Untracked 
|  56|0x0000000086e00000, 0x0000000086e00000, 0x0000000086f00000|  0%| F|  |TAMS 0x0000000086e00000| PB 0x0000000086e00000| Untracked 
|  57|0x0000000086f00000, 0x0000000086f00000, 0x0000000087000000|  0%| F|  |TAMS 0x0000000086f00000| PB 0x0000000086f00000| Untracked 
|  58|0x0000000087000000, 0x0000000087000000, 0x0000000087100000|  0%| F|  |TAMS 0x0000000087000000| PB 0x0000000087000000| Untracked 
|  59|0x0000000087100000, 0x0000000087100000, 0x0000000087200000|  0%| F|  |TAMS 0x0000000087100000| PB 0x0000000087100000| Untracked 
|  60|0x0000000087200000, 0x0000000087200000, 0x0000000087300000|  0%| F|  |TAMS 0x0000000087200000| PB 0x0000000087200000| Untracked 
|  61|0x0000000087300000, 0x0000000087300000, 0x0000000087400000|  0%| F|  |TAMS 0x0000000087300000| PB 0x0000000087300000| Untracked 
|  62|0x0000000087400000, 0x0000000087400000, 0x0000000087500000|  0%| F|  |TAMS 0x0000000087400000| PB 0x0000000087400000| Untracked 
|  63|0x0000000087500000, 0x0000000087500000, 0x0000000087600000|  0%| F|  |TAMS 0x0000000087500000| PB 0x0000000087500000| Untracked 
|  64|0x0000000087600000, 0x0000000087600000, 0x0000000087700000|  0%| F|  |TAMS 0x0000000087600000| PB 0x0000000087600000| Untracked 
|  65|0x0000000087700000, 0x0000000087700000, 0x0000000087800000|  0%| F|  |TAMS 0x0000000087700000| PB 0x0000000087700000| Untracked 
|  66|0x0000000087800000, 0x0000000087800000, 0x0000000087900000|  0%| F|  |TAMS 0x0000000087800000| PB 0x0000000087800000| Untracked 
|  67|0x0000000087900000, 0x0000000087900000, 0x0000000087a00000|  0%| F|  |TAMS 0x0000000087900000| PB 0x0000000087900000| Untracked 
|  68|0x0000000087a00000, 0x0000000087a00000, 0x0000000087b00000|  0%| F|  |TAMS 0x0000000087a00000| PB 0x0000000087a00000| Untracked 
|  69|0x0000000087b00000, 0x0000000087b00000, 0x0000000087c00000|  0%| F|  |TAMS 0x0000000087b00000| PB 0x0000000087b00000| Untracked 
|  70|0x0000000087c00000, 0x0000000087c00000, 0x0000000087d00000|  0%| F|  |TAMS 0x0000000087c00000| PB 0x0000000087c00000| Untracked 
|  71|0x0000000087d00000, 0x0000000087d00000, 0x0000000087e00000|  0%| F|  |TAMS 0x0000000087d00000| PB 0x0000000087d00000| Untracked 
|  72|0x0000000087e00000, 0x0000000087e00000, 0x0000000087f00000|  0%| F|  |TAMS 0x0000000087e00000| PB 0x0000000087e00000| Untracked 
|  73|0x0000000087f00000, 0x0000000087f00000, 0x0000000088000000|  0%| F|  |TAMS 0x0000000087f00000| PB 0x0000000087f00000| Untracked 
|  74|0x0000000088000000, 0x0000000088000000, 0x0000000088100000|  0%| F|  |TAMS 0x0000000088000000| PB 0x0000000088000000| Untracked 
|  75|0x0000000088100000, 0x0000000088100000, 0x0000000088200000|  0%| F|  |TAMS 0x0000000088100000| PB 0x0000000088100000| Untracked 
|  76|0x0000000088200000, 0x0000000088200000, 0x0000000088300000|  0%| F|  |TAMS 0x0000000088200000| PB 0x0000000088200000| Untracked 
|  77|0x0000000088300000, 0x0000000088300000, 0x0000000088400000|  0%| F|  |TAMS 0x0000000088300000| PB 0x0000000088300000| Untracked 
|  78|0x0000000088400000, 0x0000000088400000, 0x0000000088500000|  0%| F|  |TAMS 0x0000000088400000| PB 0x0000000088400000| Untracked 
|  79|0x0000000088500000, 0x0000000088500000, 0x0000000088600000|  0%| F|  |TAMS 0x0000000088500000| PB 0x0000000088500000| Untracked 
|  80|0x0000000088600000, 0x0000000088600000, 0x0000000088700000|  0%| F|  |TAMS 0x0000000088600000| PB 0x0000000088600000| Untracked 
|  81|0x0000000088700000, 0x0000000088700000, 0x0000000088800000|  0%| F|  |TAMS 0x0000000088700000| PB 0x0000000088700000| Untracked 
|  82|0x0000000088800000, 0x0000000088800000, 0x0000000088900000|  0%| F|  |TAMS 0x0000000088800000| PB 0x0000000088800000| Untracked 
|  83|0x0000000088900000, 0x0000000088900000, 0x0000000088a00000|  0%| F|  |TAMS 0x0000000088900000| PB 0x0000000088900000| Untracked 
|  84|0x0000000088a00000, 0x0000000088a00000, 0x0000000088b00000|  0%| F|  |TAMS 0x0000000088a00000| PB 0x0000000088a00000| Untracked 
|  85|0x0000000088b00000, 0x0000000088b00000, 0x0000000088c00000|  0%| F|  |TAMS 0x0000000088b00000| PB 0x0000000088b00000| Untracked 
|  86|0x0000000088c00000, 0x0000000088c00000, 0x0000000088d00000|  0%| F|  |TAMS 0x0000000088c00000| PB 0x0000000088c00000| Untracked 
|  87|0x0000000088d00000, 0x0000000088d00000, 0x0000000088e00000|  0%| F|  |TAMS 0x0000000088d00000| PB 0x0000000088d00000| Untracked 
|  88|0x0000000088e00000, 0x0000000088e00000, 0x0000000088f00000|  0%| F|  |TAMS 0x0000000088e00000| PB 0x0000000088e00000| Untracked 
|  89|0x0000000088f00000, 0x0000000088f00000, 0x0000000089000000|  0%| F|  |TAMS 0x0000000088f00000| PB 0x0000000088f00000| Untracked 
|  90|0x0000000089000000, 0x0000000089000000, 0x0000000089100000|  0%| F|  |TAMS 0x0000000089000000| PB 0x0000000089000000| Untracked 
|  91|0x0000000089100000, 0x0000000089100000, 0x0000000089200000|  0%| F|  |TAMS 0x0000000089100000| PB 0x0000000089100000| Untracked 
|  92|0x0000000089200000, 0x0000000089200000, 0x0000000089300000|  0%| F|  |TAMS 0x0000000089200000| PB 0x0000000089200000| Untracked 
|  93|0x0000000089300000, 0x0000000089300000, 0x0000000089400000|  0%| F|  |TAMS 0x0000000089300000| PB 0x0000000089300000| Untracked 
|  94|0x0000000089400000, 0x0000000089400000, 0x0000000089500000|  0%| F|  |TAMS 0x0000000089400000| PB 0x0000000089400000| Untracked 
|  95|0x0000000089500000, 0x0000000089500000, 0x0000000089600000|  0%| F|  |TAMS 0x0000000089500000| PB 0x0000000089500000| Untracked 
|  96|0x0000000089600000, 0x0000000089600000, 0x0000000089700000|  0%| F|  |TAMS 0x0000000089600000| PB 0x0000000089600000| Untracked 
|  97|0x0000000089700000, 0x0000000089700000, 0x0000000089800000|  0%| F|  |TAMS 0x0000000089700000| PB 0x0000000089700000| Untracked 
|  98|0x0000000089800000, 0x0000000089800000, 0x0000000089900000|  0%| F|  |TAMS 0x0000000089800000| PB 0x0000000089800000| Untracked 
|  99|0x0000000089900000, 0x0000000089900000, 0x0000000089a00000|  0%| F|  |TAMS 0x0000000089900000| PB 0x0000000089900000| Untracked 
| 100|0x0000000089a00000, 0x0000000089a00000, 0x0000000089b00000|  0%| F|  |TAMS 0x0000000089a00000| PB 0x0000000089a00000| Untracked 
| 101|0x0000000089b00000, 0x0000000089b00000, 0x0000000089c00000|  0%| F|  |TAMS 0x0000000089b00000| PB 0x0000000089b00000| Untracked 
| 102|0x0000000089c00000, 0x0000000089c00000, 0x0000000089d00000|  0%| F|  |TAMS 0x0000000089c00000| PB 0x0000000089c00000| Untracked 
| 103|0x0000000089d00000, 0x0000000089d00000, 0x0000000089e00000|  0%| F|  |TAMS 0x0000000089d00000| PB 0x0000000089d00000| Untracked 
| 104|0x0000000089e00000, 0x0000000089e00000, 0x0000000089f00000|  0%| F|  |TAMS 0x0000000089e00000| PB 0x0000000089e00000| Untracked 
| 105|0x0000000089f00000, 0x0000000089f00000, 0x000000008a000000|  0%| F|  |TAMS 0x0000000089f00000| PB 0x0000000089f00000| Untracked 
| 106|0x000000008a000000, 0x000000008a000000, 0x000000008a100000|  0%| F|  |TAMS 0x000000008a000000| PB 0x000000008a000000| Untracked 
| 107|0x000000008a100000, 0x000000008a100000, 0x000000008a200000|  0%| F|  |TAMS 0x000000008a100000| PB 0x000000008a100000| Untracked 
| 108|0x000000008a200000, 0x000000008a200000, 0x000000008a300000|  0%| F|  |TAMS 0x000000008a200000| PB 0x000000008a200000| Untracked 
| 109|0x000000008a300000, 0x000000008a300000, 0x000000008a400000|  0%| F|  |TAMS 0x000000008a300000| PB 0x000000008a300000| Untracked 
| 110|0x000000008a400000, 0x000000008a400000, 0x000000008a500000|  0%| F|  |TAMS 0x000000008a400000| PB 0x000000008a400000| Untracked 
| 111|0x000000008a500000, 0x000000008a500000, 0x000000008a600000|  0%| F|  |TAMS 0x000000008a500000| PB 0x000000008a500000| Untracked 
| 112|0x000000008a600000, 0x000000008a600000, 0x000000008a700000|  0%| F|  |TAMS 0x000000008a600000| PB 0x000000008a600000| Untracked 
| 113|0x000000008a700000, 0x000000008a700000, 0x000000008a800000|  0%| F|  |TAMS 0x000000008a700000| PB 0x000000008a700000| Untracked 
| 114|0x000000008a800000, 0x000000008a800000, 0x000000008a900000|  0%| F|  |TAMS 0x000000008a800000| PB 0x000000008a800000| Untracked 
| 115|0x000000008a900000, 0x000000008a900000, 0x000000008aa00000|  0%| F|  |TAMS 0x000000008a900000| PB 0x000000008a900000| Untracked 
| 116|0x000000008aa00000, 0x000000008aa00000, 0x000000008ab00000|  0%| F|  |TAMS 0x000000008aa00000| PB 0x000000008aa00000| Untracked 
| 117|0x000000008ab00000, 0x000000008ab00000, 0x000000008ac00000|  0%| F|  |TAMS 0x000000008ab00000| PB 0x000000008ab00000| Untracked 
| 118|0x000000008ac00000, 0x000000008ac00000, 0x000000008ad00000|  0%| F|  |TAMS 0x000000008ac00000| PB 0x000000008ac00000| Untracked 
| 119|0x000000008ad00000, 0x000000008ad00000, 0x000000008ae00000|  0%| F|  |TAMS 0x000000008ad00000| PB 0x000000008ad00000| Untracked 
| 120|0x000000008ae00000, 0x000000008af00000, 0x000000008af00000|100%| E|  |TAMS 0x000000008ae00000| PB 0x000000008ae00000| Complete 
| 121|0x000000008af00000, 0x000000008b000000, 0x000000008b000000|100%| E|CS|TAMS 0x000000008af00000| PB 0x000000008af00000| Complete 
| 122|0x000000008b000000, 0x000000008b100000, 0x000000008b100000|100%| E|CS|TAMS 0x000000008b000000| PB 0x000000008b000000| Complete 
| 123|0x000000008b100000, 0x000000008b200000, 0x000000008b200000|100%| E|CS|TAMS 0x000000008b100000| PB 0x000000008b100000| Complete 
| 124|0x000000008b200000, 0x000000008b300000, 0x000000008b300000|100%| E|CS|TAMS 0x000000008b200000| PB 0x000000008b200000| Complete 
| 125|0x000000008b300000, 0x000000008b400000, 0x000000008b400000|100%| E|CS|TAMS 0x000000008b300000| PB 0x000000008b300000| Complete 

Card table byte_map: [0x0000029943de0000,0x00000299441d0000] _byte_map_base: 0x00000299439c5000

Marking Bits: (CMBitMap*) 0x000002992c6502b0
 Bits: [0x00000299445c0000, 0x00000299464e8000)

Polling page: 0x000002992bdb0000

Metaspace:

Usage:
  Non-class:      7.94 MB used.
      Class:    762.23 KB used.
       Both:      8.68 MB used.

Virtual space:
  Non-class space:       64.00 MB reserved,       8.06 MB ( 13%) committed,  1 nodes.
      Class space:        1.00 GB reserved,     896.00 KB ( <1%) committed,  1 nodes.
             Both:        1.06 GB reserved,       8.94 MB ( <1%) committed. 

Chunk freelists:
   Non-Class:  3.98 MB
       Class:  3.17 MB
        Both:  7.16 MB

MaxMetaspaceSize: unlimited
CompressedClassSpaceSize: 1.00 GB
Initial GC threshold: 21.00 MB
Current GC threshold: 21.00 MB
CDS: off
MetaspaceReclaimPolicy: balanced
 - commit_granule_bytes: 65536.
 - commit_granule_words: 8192.
 - virtual_space_node_default_size: 8388608.
 - enlarge_chunks_in_place: 1.
 - new_chunks_are_fully_committed: 0.
 - uncommit_free_chunks: 1.
 - use_allocation_guard: 0.


Internal statistics:

num_allocs_failed_limit: 0.
num_arena_births: 40.
num_arena_deaths: 0.
num_vsnodes_births: 2.
num_vsnodes_deaths: 0.
num_space_committed: 143.
num_space_uncommitted: 0.
num_chunks_returned_to_freelist: 0.
num_chunks_taken_from_freelist: 87.
num_chunk_merges: 0.
num_chunk_splits: 45.
num_chunks_enlarged: 27.
num_inconsistent_stats: 0.

CodeHeap 'non-profiled nmethods': size=120000Kb used=147Kb max_used=147Kb free=119852Kb
 bounds [0x000002993c190000, 0x000002993c400000, 0x00000299436c0000]
CodeHeap 'profiled nmethods': size=120000Kb used=531Kb max_used=531Kb free=119468Kb
 bounds [0x00000299346c0000, 0x0000029934930000, 0x000002993bbf0000]
CodeHeap 'non-nmethods': size=5760Kb used=1388Kb max_used=1405Kb free=4371Kb
 bounds [0x000002993bbf0000, 0x000002993be60000, 0x000002993c190000]
 total_blobs=871 nmethods=434 adapters=348
 compilation: enabled
              stopped_count=0, restarted_count=0
 full_count=0

Compilation events (20 events):
Event: 0.369 Thread 0x000002994d081540  401       3       java.io.WinNTFileSystem::prefixLength (91 bytes)
Event: 0.370 Thread 0x000002994d081540 nmethod 401 0x000002993473e510 code [0x000002993473e820, 0x000002993473fc48]
Event: 0.370 Thread 0x000002994d081540  403       3       java.lang.invoke.MethodType$ConcurrentWeakInternSet::get (47 bytes)
Event: 0.370 Thread 0x000002994d081540 nmethod 403 0x0000029934740310 code [0x0000029934740520, 0x0000029934740cc0]
Event: 0.373 Thread 0x000002994d081540  408       3       java.lang.invoke.MethodType::checkPtypes (76 bytes)
Event: 0.373 Thread 0x000002994d081540 nmethod 408 0x0000029934740f10 code [0x0000029934741180, 0x0000029934741c08]
Event: 0.373 Thread 0x000002994d081540  411       3       java.lang.invoke.MethodType::equals (56 bytes)
Event: 0.374 Thread 0x000002994d081540 nmethod 411 0x0000029934742090 code [0x00000299347422a0, 0x0000029934742d80]
Event: 0.374 Thread 0x000002994d081540  413       3       jdk.internal.org.objectweb.asm.SymbolTable::addConstantUtf8Reference (101 bytes)
Event: 0.374 Thread 0x000002994d081540 nmethod 413 0x0000029934742f10 code [0x0000029934743120, 0x00000299347436f8]
Event: 0.374 Thread 0x000002994d081540  412       3       jdk.internal.org.objectweb.asm.SymbolTable::addConstantClass (8 bytes)
Event: 0.374 Thread 0x000002994d081540 nmethod 412 0x0000029934743a10 code [0x0000029934743ba0, 0x0000029934743ce0]
Event: 0.374 Thread 0x000002994d081540  417   !   3       java.lang.invoke.MemberName::clone (14 bytes)
Event: 0.374 Thread 0x000002994d081540 nmethod 417 0x0000029934743d90 code [0x0000029934743f40, 0x0000029934744290]
Event: 0.374 Thread 0x000002994d081540  420       3       java.lang.invoke.MemberName::isConstructor (8 bytes)
Event: 0.374 Thread 0x000002994d081540 nmethod 420 0x0000029934744410 code [0x00000299347445a0, 0x0000029934744778]
Event: 0.374 Thread 0x000002994d081540  421       3       java.lang.ref.PhantomReference::<init> (7 bytes)
Event: 0.374 Thread 0x000002994d081540 nmethod 421 0x0000029934744810 code [0x00000299347449c0, 0x0000029934744ca0]
Event: 0.375 Thread 0x000002994d081540  425       3       jdk.internal.org.objectweb.asm.Frame::execute (2305 bytes)
Event: 0.377 Thread 0x000002994d080bc0  433       4       sun.nio.fs.WindowsPathParser::isInvalidPathChar (22 bytes)

GC Heap History (0 events):
No events

Dll operation events (9 events):
Event: 0.009 Loaded shared library C:\Program Files\Java\jdk-20\bin\java.dll
Event: 0.053 Loaded shared library C:\Program Files\Java\jdk-20\bin\jsvml.dll
Event: 0.227 Loaded shared library C:\Program Files\Java\jdk-20\bin\zip.dll
Event: 0.231 Loaded shared library C:\Program Files\Java\jdk-20\bin\instrument.dll
Event: 0.249 Loaded shared library C:\Program Files\Java\jdk-20\bin\net.dll
Event: 0.251 Loaded shared library C:\Program Files\Java\jdk-20\bin\nio.dll
Event: 0.261 Loaded shared library C:\Program Files\Java\jdk-20\bin\zip.dll
Event: 0.281 Loaded shared library C:\Program Files\JetBrains\IntelliJ IDEA 2023.2.2\bin\breakgen64.dll
Event: 0.297 Loaded shared library C:\Program Files\Java\jdk-20\bin\extnet.dll

Deoptimization events (4 events):
Event: 0.285 Thread 0x000002992c5f0960 Uncommon trap: trap_request=0xffffff45 fr.pc=0x000002993c19edb4 relative=0x00000000000000b4
Event: 0.285 Thread 0x000002992c5f0960 Uncommon trap: reason=unstable_if action=reinterpret pc=0x000002993c19edb4 method=java.lang.String.isLatin1()Z @ 10 c2
Event: 0.285 Thread 0x000002992c5f0960 DEOPT PACKING pc=0x000002993c19edb4 sp=0x000000cde76febf0
Event: 0.285 Thread 0x000002992c5f0960 DEOPT UNPACKING pc=0x000002993bc59d22 sp=0x000000cde76feb30 mode 2

Classes loaded (20 events):
Event: 0.372 Loading class java/util/regex/Pattern$GroupTail
Event: 0.372 Loading class java/util/regex/Pattern$GroupTail done
Event: 0.372 Loading class java/util/regex/Pattern$BitClass
Event: 0.372 Loading class java/util/regex/Pattern$BitClass done
Event: 0.372 Loading class java/util/regex/CharPredicates
Event: 0.372 Loading class java/util/regex/CharPredicates done
Event: 0.373 Loading class java/util/regex/Pattern$BmpCharPropertyGreedy
Event: 0.373 Loading class java/util/regex/Pattern$CharPropertyGreedy
Event: 0.373 Loading class java/util/regex/Pattern$CharPropertyGreedy done
Event: 0.373 Loading class java/util/regex/Pattern$BmpCharPropertyGreedy done
Event: 0.374 Loading class java/util/regex/Pattern$Dollar
Event: 0.374 Loading class java/util/regex/Pattern$Dollar done
Event: 0.374 Loading class java/util/regex/Pattern$StartS
Event: 0.374 Loading class java/util/regex/Pattern$StartS done
Event: 0.374 Loading class sun/invoke/util/VerifyAccess$1
Event: 0.374 Loading class sun/invoke/util/VerifyAccess$1 done
Event: 0.375 Loading class sun/invoke/util/ValueConversions$WrapperCache
Event: 0.375 Loading class sun/invoke/util/ValueConversions$WrapperCache done
Event: 0.376 Loading class java/lang/invoke/BoundMethodHandle$Species_LLLL
Event: 0.376 Loading class java/lang/invoke/BoundMethodHandle$Species_LLLL done

Classes unloaded (0 events):
No events

Classes redefined (0 events):
No events

Internal exceptions (4 events):
Event: 0.273 Thread 0x000002992c5f0960 Exception <a 'java/lang/NoSuchMethodError'{0x000000008b149eb8}: 'void java.lang.invoke.DirectMethodHandle$Holder.invokeStatic(java.lang.Object, java.lang.Object, java.lang.Object)'> (0x000000008b149eb8) 
thrown [s\open\src\hotspot\share\interpreter\linkResolver.cpp, line 773]
Event: 0.277 Thread 0x000002992c5f0960 Exception <a 'java/lang/NoSuchMethodError'{0x000000008b1612a8}: 'java.lang.Object java.lang.invoke.Invokers$Holder.invokeExact_MT(java.lang.Object, java.lang.Object, java.lang.Object, java.lang.Object, java.lang.Object)'> (0x000000008b1612a8) 
thrown [s\open\src\hotspot\share\interpreter\linkResolver.cpp, line 773]
Event: 0.299 Thread 0x000002994d5440f0 Exception <a 'java/lang/NoSuchMethodError'{0x000000008b17cec0}: 'void java.lang.invoke.DirectMethodHandle$Holder.invokeStatic(java.lang.Object, java.lang.Object)'> (0x000000008b17cec0) 
thrown [s\open\src\hotspot\share\interpreter\linkResolver.cpp, line 773]
Event: 0.316 Thread 0x000002992c5f0960 Exception <a 'java/lang/NoSuchMethodError'{0x000000008b052ea0}: 'int java.lang.invoke.DirectMethodHandle$Holder.invokeSpecial(java.lang.Object, java.lang.Object, java.lang.Object)'> (0x000000008b052ea0) 
thrown [s\open\src\hotspot\share\interpreter\linkResolver.cpp, line 773]

VM Operations (4 events):
Event: 0.212 Executing VM operation: HandshakeAllThreads
Event: 0.212 Executing VM operation: HandshakeAllThreads done
Event: 0.290 Executing VM operation: HandshakeAllThreads
Event: 0.290 Executing VM operation: HandshakeAllThreads done

Events (12 events):
Event: 0.054 Thread 0x000002992c5f0960 Thread added: 0x000002992c5f0960
Event: 0.116 Thread 0x000002994d047d40 Thread added: 0x000002994d047d40
Event: 0.116 Thread 0x000002994d048b40 Thread added: 0x000002994d048b40
Event: 0.119 Thread 0x000002994d0971d0 Thread added: 0x000002994d0971d0
Event: 0.119 Thread 0x000002994d098b20 Thread added: 0x000002994d098b20
Event: 0.119 Thread 0x000002994d099460 Thread added: 0x000002994d099460
Event: 0.119 Thread 0x000002994d099ed0 Thread added: 0x000002994d099ed0
Event: 0.119 Thread 0x000002994d080bc0 Thread added: 0x000002994d080bc0
Event: 0.119 Thread 0x000002994d081540 Thread added: 0x000002994d081540
Event: 0.194 Thread 0x000002994d1ae000 Thread added: 0x000002994d1ae000
Event: 0.282 Thread 0x000002994d5440f0 Thread added: 0x000002994d5440f0
Event: 0.282 Thread 0x000002994d544a40 Thread added: 0x000002994d544a40


Dynamic libraries:
0x00007ff70a440000 - 0x00007ff70a450000 	C:\Program Files\Java\jdk-20\bin\java.exe
0x00007ff939730000 - 0x00007ff939947000 	C:\WINDOWS\SYSTEM32\ntdll.dll
0x00007ff937af0000 - 0x00007ff937bb4000 	C:\WINDOWS\System32\KERNEL32.DLL
0x00007ff936f30000 - 0x00007ff9372d6000 	C:\WINDOWS\System32\KERNELBASE.dll
0x00007ff937360000 - 0x00007ff937471000 	C:\WINDOWS\System32\ucrtbase.dll
0x00007ff9134c0000 - 0x00007ff9134d9000 	C:\Program Files\Java\jdk-20\bin\jli.dll
0x00007ff9120a0000 - 0x00007ff9120bb000 	C:\Program Files\Java\jdk-20\bin\VCRUNTIME140.dll
0x00007ff937550000 - 0x00007ff937603000 	C:\WINDOWS\System32\ADVAPI32.dll
0x00007ff937610000 - 0x00007ff9376b7000 	C:\WINDOWS\System32\msvcrt.dll
0x00007ff9388e0000 - 0x00007ff938988000 	C:\WINDOWS\System32\sechost.dll
0x00007ff936a70000 - 0x00007ff936a98000 	C:\WINDOWS\System32\bcrypt.dll
0x00007ff938770000 - 0x00007ff938887000 	C:\WINDOWS\System32\RPCRT4.dll
0x00007ff9390b0000 - 0x00007ff93925e000 	C:\WINDOWS\System32\USER32.dll
0x00007ff936c80000 - 0x00007ff936ca6000 	C:\WINDOWS\System32\win32u.dll
0x00007ff937520000 - 0x00007ff937549000 	C:\WINDOWS\System32\GDI32.dll
0x00007ff911380000 - 0x00007ff911613000 	C:\WINDOWS\WinSxS\amd64_microsoft.windows.common-controls_6595b64144ccf1df_6.0.22621.2506_none_270c5ae97388e100\COMCTL32.dll
0x00007ff936e10000 - 0x00007ff936f28000 	C:\WINDOWS\System32\gdi32full.dll
0x00007ff936d70000 - 0x00007ff936e0a000 	C:\WINDOWS\System32\msvcp_win.dll
0x00007ff9307b0000 - 0x00007ff9307ba000 	C:\WINDOWS\SYSTEM32\VERSION.dll
0x00007ff938b40000 - 0x00007ff938b71000 	C:\WINDOWS\System32\IMM32.DLL
0x00007ff91bdf0000 - 0x00007ff91bdfc000 	C:\Program Files\Java\jdk-20\bin\vcruntime140_1.dll
0x00007ff9038a0000 - 0x00007ff90392e000 	C:\Program Files\Java\jdk-20\bin\msvcp140.dll
0x00007ff8d0d30000 - 0x00007ff8d19c8000 	C:\Program Files\Java\jdk-20\bin\server\jvm.dll
0x00007ff9317b0000 - 0x00007ff9317b9000 	C:\WINDOWS\SYSTEM32\WSOCK32.dll
0x00007ff9302a0000 - 0x00007ff9302d4000 	C:\WINDOWS\SYSTEM32\WINMM.dll
0x00007ff9374a0000 - 0x00007ff937511000 	C:\WINDOWS\System32\WS2_32.dll
0x00007ff935ba0000 - 0x00007ff935bb8000 	C:\WINDOWS\SYSTEM32\kernel.appcore.dll
0x00007ff91a5e0000 - 0x00007ff91a5ea000 	C:\Program Files\Java\jdk-20\bin\jimage.dll
0x00007ff933ea0000 - 0x00007ff9340d3000 	C:\WINDOWS\SYSTEM32\DBGHELP.DLL
0x00007ff938d20000 - 0x00007ff9390a9000 	C:\WINDOWS\System32\combase.dll
0x00007ff9379e0000 - 0x00007ff937ab7000 	C:\WINDOWS\System32\OLEAUT32.dll
0x00007ff922ea0000 - 0x00007ff922ed2000 	C:\WINDOWS\SYSTEM32\dbgcore.DLL
0x00007ff9372e0000 - 0x00007ff93735a000 	C:\WINDOWS\System32\bcryptPrimitives.dll
0x00007ff931c30000 - 0x00007ff931c3e000 	C:\Program Files\Java\jdk-20\bin\instrument.dll
0x00007ff910480000 - 0x00007ff9104a6000 	C:\Program Files\Java\jdk-20\bin\java.dll
0x00007ff8d71b0000 - 0x00007ff8d7287000 	C:\Program Files\Java\jdk-20\bin\jsvml.dll
0x00007ff937eb0000 - 0x00007ff93870b000 	C:\WINDOWS\System32\SHELL32.dll
0x00007ff9349e0000 - 0x00007ff9352d6000 	C:\WINDOWS\SYSTEM32\windows.storage.dll
0x00007ff9348a0000 - 0x00007ff9349de000 	C:\WINDOWS\SYSTEM32\wintypes.dll
0x00007ff937720000 - 0x00007ff937813000 	C:\WINDOWS\System32\SHCORE.dll
0x00007ff938710000 - 0x00007ff93876e000 	C:\WINDOWS\System32\shlwapi.dll
0x00007ff9369a0000 - 0x00007ff9369c6000 	C:\WINDOWS\SYSTEM32\profapi.dll
0x00007ff903c40000 - 0x00007ff903c58000 	C:\Program Files\Java\jdk-20\bin\zip.dll
0x00007ff9056f0000 - 0x00007ff905703000 	C:\Program Files\Java\jdk-20\bin\net.dll
0x00007ff9312a0000 - 0x00007ff9313d7000 	C:\WINDOWS\SYSTEM32\WINHTTP.dll
0x00007ff936020000 - 0x00007ff936089000 	C:\WINDOWS\system32\mswsock.dll
0x00007ff903c60000 - 0x00007ff903c76000 	C:\Program Files\Java\jdk-20\bin\nio.dll
0x00007ff931b60000 - 0x00007ff931b7a000 	C:\Program Files\JetBrains\IntelliJ IDEA 2023.2.2\bin\breakgen64.dll
0x00007ff9134b0000 - 0x00007ff9134b7000 	C:\Program Files\Java\jdk-20\bin\extnet.dll
0x0000000069ac0000 - 0x0000000069ae4000 	C:\Users\yassi\AppData\Local\Temp\jansi-2.4.0-d89640652fa36b8-jansi.dll

dbghelp: loaded successfully - version: 4.0.5 - missing functions: none
symbol engine: initialized successfully - sym options: 0x614 - pdb path: .;C:\Program Files\Java\jdk-20\bin;C:\WINDOWS\SYSTEM32;C:\WINDOWS\WinSxS\amd64_microsoft.windows.common-controls_6595b64144ccf1df_6.0.22621.2506_none_270c5ae97388e100;C:\Program Files\Java\jdk-20\bin\server;C:\Program Files\JetBrains\IntelliJ IDEA 2023.2.2\bin;C:\Users\yassi\AppData\Local\Temp

VM Arguments:
jvm_args: -Dmaven.multiModuleProjectDirectory=C:\Users\yassi\IdeaProjects\SuiviPi1 -Djansi.passthrough=true -Dmaven.home=C:\Program Files\JetBrains\IntelliJ IDEA 2023.2.2\plugins\maven\lib\maven3 -Dclassworlds.conf=C:\Program Files\JetBrains\IntelliJ IDEA 2023.2.2\plugins\maven\lib\maven3\bin\m2.conf -Dmaven.ext.class.path=C:\Program Files\JetBrains\IntelliJ IDEA 2023.2.2\plugins\maven\lib\maven-event-listener.jar -javaagent:C:\Program Files\JetBrains\IntelliJ IDEA 2023.2.2\lib\idea_rt.jar=60038:C:\Program Files\JetBrains\IntelliJ IDEA 2023.2.2\bin -Dfile.encoding=UTF-8 -Dsun.stdout.encoding=UTF-8 -Dsun.stderr.encoding=UTF-8 
java_command: org.codehaus.classworlds.Launcher -Didea.version=2023.2.2 javafx:run
java_class_path (initial): C:\Program Files\JetBrains\IntelliJ IDEA 2023.2.2\plugins\maven\lib\maven3\boot\plexus-classworlds-2.7.0.jar;C:\Program Files\JetBrains\IntelliJ IDEA 2023.2.2\plugins\maven\lib\maven3\boot\plexus-classworlds.license
Launcher Type: SUN_STANDARD

[Global flags]
     intx CICompilerCount                          = 4                                         {product} {ergonomic}
     uint ConcGCThreads                            = 2                                         {product} {ergonomic}
     uint G1ConcRefinementThreads                  = 8                                         {product} {ergonomic}
   size_t G1HeapRegionSize                         = 1048576                                   {product} {ergonomic}
    uintx GCDrainStackTargetSize                   = 64                                        {product} {ergonomic}
   size_t InitialHeapSize                          = 132120576                                 {product} {ergonomic}
   size_t MarkStackSize                            = 4194304                                   {product} {ergonomic}
   size_t MaxHeapSize                              = 2090860544                                {product} {ergonomic}
   size_t MaxNewSize                               = 1254096896                                {product} {ergonomic}
   size_t MinHeapDeltaBytes                        = 1048576                                   {product} {ergonomic}
   size_t MinHeapSize                              = 8388608                                   {product} {ergonomic}
    uintx NonNMethodCodeHeapSize                   = 5839372                                {pd product} {ergonomic}
    uintx NonProfiledCodeHeapSize                  = 122909434                              {pd product} {ergonomic}
    uintx ProfiledCodeHeapSize                     = 122909434                              {pd product} {ergonomic}
    uintx ReservedCodeCacheSize                    = 251658240                              {pd product} {ergonomic}
     bool SegmentedCodeCache                       = true                                      {product} {ergonomic}
   size_t SoftMaxHeapSize                          = 2090860544                             {manageable} {ergonomic}
     bool UseCompressedClassPointers               = true                           {product lp64_product} {ergonomic}
     bool UseCompressedOops                        = true                           {product lp64_product} {ergonomic}
     bool UseG1GC                                  = true                                      {product} {ergonomic}
     bool UseLargePagesIndividualAllocation        = false                                  {pd product} {ergonomic}

Logging:
Log output configuration:
 #0: stdout all=warning uptime,level,tags foldmultilines=false
 #1: stderr all=off uptime,level,tags foldmultilines=false

Environment Variables:
JAVA_HOME=C:\Program Files\Java\jdk-20
PATH=C:\Users\yassi\.jdks\jbr-17.0.8.1;C:\oraclexe\app\oracle\product\10.2.0\server\bin;C:\Program Files (x86)\Common Files\Oracle\Java\javapath;C:\windows\system32;C:\windows;C:\windows\System32\Wbem;C:\windows\System32\WindowsPowerShell\v1.0\;C:\windows\System32\OpenSSH\;C:\Program Files (x86)\NVIDIA Corporation\PhysX\Common;C:\Program Files\NVIDIA Corporation\NVIDIA NvDLISR;C:\WINDOWS\system32;C:\WINDOWS;C:\WINDOWS\System32\Wbem;C:\WINDOWS\System32\WindowsPowerShell\v1.0\;C:\WINDOWS\System32\OpenSSH\;C:\Program Files\Java\jdk-20\bin;C:\xampp\php;C:\ProgramData\ComposerSetup\bin;C:\Users\yassi\scoop\shims;C:\Users\yassi\AppData\Local\Microsoft\WindowsApps;C:\Users\yassi\AppData\Local\Programs\Microsoft VS Code\bin;C:\Users\yassi\AppData\Local\GitHubDesktop\bin;C:\Program Files\JetBrains\IntelliJ IDEA 2023.2.2\bin;;C:\Users\yassi\AppData\Roaming\Composer\vendor\bin
USERNAME=yassi
OS=Windows_NT
PROCESSOR_IDENTIFIER=Intel64 Family 6 Model 165 Stepping 2, GenuineIntel
TMP=C:\Users\yassi\AppData\Local\Temp
TEMP=C:\Users\yassi\AppData\Local\Temp




---------------  S Y S T E M  ---------------

OS:
 Windows 11 , 64 bit Build 22621 (10.0.22621.3085)
OS uptime: 1 days 6:45 hours

CPU: total 8 (initial active 8) (4 cores per cpu, 2 threads per core) family 6 model 165 stepping 2 microcode 0xf0, cx8, cmov, fxsr, ht, mmx, 3dnowpref, sse, sse2, sse3, ssse3, sse4.1, sse4.2, popcnt, lzcnt, tsc, tscinvbit, avx, avx2, aes, erms, clmul, bmi1, bmi2, adx, fma, vzeroupper, clflush, clflushopt, rdtscp, f16c, pku

Memory: 4k page, system-wide physical 7968M (456M free)
TotalPageFile size 32544M (AvailPageFile size 0M)
current process WorkingSet (physical memory assigned to process): 44M, peak: 44M
current process commit charge ("private bytes"): 210M, peak: 210M

vm_info: Java HotSpot(TM) 64-Bit Server VM (20.0.2+9-78) for windows-amd64 JRE (20.0.2+9-78), built on 2023-06-14T10:08:48Z by "mach5one" with MS VC++ 17.1 (VS2022)

END.
