#
# There is insufficient memory for the Java Runtime Environment to continue.
# Native memory allocation (malloc) failed to allocate 1871072 bytes for Chunk::new
# Possible reasons:
#   The system is out of physical RAM or swap space
#   The process is running with CompressedOops enabled, and the Java Heap may be blocking the growth of the native heap
# Possible solutions:
#   Reduce memory load on the system
#   Increase physical memory or swap space
#   Check if swap backing store is full
#   Decrease Java heap size (-Xmx/-Xms)
#   Decrease number of Java threads
#   Decrease Java thread stack sizes (-Xss)
#   Set larger code cache with -XX:ReservedCodeCacheSize=
#   JVM is running with Unscaled Compressed Oops mode in which the Java heap is
#     placed in the first 4GB address space. The Java Heap base address is the
#     maximum limit for the native heap growth. Please use -XX:HeapBaseMinAddress
#     to set the Java Heap base and to place the Java Heap above 4GB virtual address.
# This output file may be truncated or incomplete.
#
#  Out of Memory Error (arena.cpp:184), pid=22744, tid=7832
#
# JRE version: Java(TM) SE Runtime Environment (20.0.2+9) (build 20.0.2+9-78)
# Java VM: Java HotSpot(TM) 64-Bit Server VM (20.0.2+9-78, mixed mode, sharing, tiered, compressed oops, compressed class ptrs, g1 gc, windows-amd64)
# No core dump will be written. Minidumps are not enabled by default on client versions of Windows
#

---------------  S U M M A R Y ------------

Command Line: -Dmaven.multiModuleProjectDirectory=C:\Users\yassi\IdeaProjects\SuiviPi1 -Djansi.passthrough=true -Dmaven.home=C:\Program Files\JetBrains\IntelliJ IDEA 2023.2.2\plugins\maven\lib\maven3 -Dclassworlds.conf=C:\Program Files\JetBrains\IntelliJ IDEA 2023.2.2\plugins\maven\lib\maven3\bin\m2.conf -Dmaven.ext.class.path=C:\Program Files\JetBrains\IntelliJ IDEA 2023.2.2\plugins\maven\lib\maven-event-listener.jar -javaagent:C:\Program Files\JetBrains\IntelliJ IDEA 2023.2.2\lib\idea_rt.jar=59961:C:\Program Files\JetBrains\IntelliJ IDEA 2023.2.2\bin -Dfile.encoding=UTF-8 -Dsun.stdout.encoding=UTF-8 -Dsun.stderr.encoding=UTF-8 org.codehaus.classworlds.Launcher -Didea.version=2023.2.2 org.openjfx:javafx-maven-plugin:0.0.8:run

Host: Intel(R) Core(TM) i5-10300H CPU @ 2.50GHz, 8 cores, 7G,  Windows 11 , 64 bit Build 22621 (10.0.22621.3085)
Time: Mon Feb 26 12:52:26 2024 Afr. centrale Ouest elapsed time: 2.554979 seconds (0d 0h 0m 2s)

---------------  T H R E A D  ---------------

Current thread (0x00000234eabec120):  JavaThread "C2 CompilerThread2" daemon [_thread_in_native, id=7832, stack(0x000000ed7b700000,0x000000ed7b800000)]


Current CompileTask:
C2:   2555 4518   !   4       com.google.inject.spi.InjectionPoint::getInjectionPoints (491 bytes)

Stack: [0x000000ed7b700000,0x000000ed7b800000]
Native frames: (J=compiled Java code, j=interpreted, Vv=VM code, C=native code)
V  [jvm.dll+0x6bc25a]
V  [jvm.dll+0x84971a]
V  [jvm.dll+0x84b315]
V  [jvm.dll+0x84ba13]
V  [jvm.dll+0x280e4f]
V  [jvm.dll+0xc2ab1]
V  [jvm.dll+0xc2dd5]
V  [jvm.dll+0x3bb64c]
V  [jvm.dll+0x385b75]
V  [jvm.dll+0x384fea]
V  [jvm.dll+0x24b529]
V  [jvm.dll+0x24a921]
V  [jvm.dll+0x1ce761]
V  [jvm.dll+0x25a0eb]
V  [jvm.dll+0x2587c0]
V  [jvm.dll+0x3f2dd5]
V  [jvm.dll+0x7f5c76]
V  [jvm.dll+0x6baecb]
C  [ucrtbase.dll+0x29363]
C  [KERNEL32.DLL+0x1257d]
C  [ntdll.dll+0x5aa58]


---------------  P R O C E S S  ---------------

Threads class SMR info:
_java_thread_list=0x00000234eb17e640, length=15, elements={
0x00000234c74b1450, 0x00000234e5dd7b00, 0x00000234e5dd8900, 0x00000234e5ddb9a0,
0x00000234e5ddec00, 0x00000234e5de2b70, 0x00000234e5de30c0, 0x00000234e5dea7e0,
0x00000234e5df4d90, 0x00000234e5ddfba0, 0x00000234e5de20d0, 0x00000234e5de10e0,
0x00000234ea214d10, 0x00000234eabec120, 0x00000234eb5be140
}

Java Threads: ( => current thread )
  0x00000234c74b1450 JavaThread "main" [_thread_blocked, id=26076, stack(0x000000ed7a300000,0x000000ed7a400000)]
  0x00000234e5dd7b00 JavaThread "Reference Handler" daemon [_thread_blocked, id=7196, stack(0x000000ed7aa00000,0x000000ed7ab00000)]
  0x00000234e5dd8900 JavaThread "Finalizer" daemon [_thread_blocked, id=20820, stack(0x000000ed7ab00000,0x000000ed7ac00000)]
  0x00000234e5ddb9a0 JavaThread "Signal Dispatcher" daemon [_thread_blocked, id=25396, stack(0x000000ed7ac00000,0x000000ed7ad00000)]
  0x00000234e5ddec00 JavaThread "Attach Listener" daemon [_thread_blocked, id=23280, stack(0x000000ed7ad00000,0x000000ed7ae00000)]
  0x00000234e5de2b70 JavaThread "Service Thread" daemon [_thread_blocked, id=4560, stack(0x000000ed7ae00000,0x000000ed7af00000)]
  0x00000234e5de30c0 JavaThread "Monitor Deflation Thread" daemon [_thread_blocked, id=21796, stack(0x000000ed7af00000,0x000000ed7b000000)]
  0x00000234e5dea7e0 JavaThread "C2 CompilerThread0" daemon [_thread_blocked, id=14208, stack(0x000000ed7b000000,0x000000ed7b100000)]
  0x00000234e5df4d90 JavaThread "C1 CompilerThread0" daemon [_thread_blocked, id=21492, stack(0x000000ed7b100000,0x000000ed7b200000)]
  0x00000234e5ddfba0 JavaThread "Common-Cleaner" daemon [_thread_blocked, id=17676, stack(0x000000ed7b200000,0x000000ed7b300000)]
  0x00000234e5de20d0 JavaThread "Monitor Ctrl-Break" daemon [_thread_in_native, id=14116, stack(0x000000ed7b300000,0x000000ed7b400000)]
  0x00000234e5de10e0 JavaThread "Notification Thread" daemon [_thread_blocked, id=11280, stack(0x000000ed7b400000,0x000000ed7b500000)]
  0x00000234ea214d10 JavaThread "C2 CompilerThread1" daemon [_thread_in_native, id=26388, stack(0x000000ed7b600000,0x000000ed7b700000)]
=>0x00000234eabec120 JavaThread "C2 CompilerThread2" daemon [_thread_in_native, id=7832, stack(0x000000ed7b700000,0x000000ed7b800000)]
  0x00000234eb5be140 JavaThread "Exec Input Stream Pumper" daemon [_thread_blocked, id=17576, stack(0x000000ed7c100000,0x000000ed7c200000)]

Other Threads:
  0x00000234e5db90e0 VMThread "VM Thread" [stack: 0x000000ed7a900000,0x000000ed7aa00000] [id=17952]
  0x00000234ea1f9d30 WatcherThread "VM Periodic Task Thread" [stack: 0x000000ed7b500000,0x000000ed7b600000] [id=17268]
  0x00000234c7511810 WorkerThread "GC Thread#0" [stack: 0x000000ed7a400000,0x000000ed7a500000] [id=18008]
  0x00000234eb17a8a0 WorkerThread "GC Thread#1" [stack: 0x000000ed7b800000,0x000000ed7b900000] [id=25948]
  0x00000234eadbadf0 WorkerThread "GC Thread#2" [stack: 0x000000ed7b900000,0x000000ed7ba00000] [id=15944]
  0x00000234eadb9770 WorkerThread "GC Thread#3" [stack: 0x000000ed7ba00000,0x000000ed7bb00000] [id=25232]
  0x00000234eadb9fe0 WorkerThread "GC Thread#4" [stack: 0x000000ed7bb00000,0x000000ed7bc00000] [id=2928]
  0x00000234eadb9a40 WorkerThread "GC Thread#5" [stack: 0x000000ed7bc00000,0x000000ed7bd00000] [id=20516]
  0x00000234eadba2b0 WorkerThread "GC Thread#6" [stack: 0x000000ed7bd00000,0x000000ed7be00000] [id=21676]
  0x00000234eadb94a0 WorkerThread "GC Thread#7" [stack: 0x000000ed7be00000,0x000000ed7bf00000] [id=1896]
  0x00000234c7522110 ConcurrentGCThread "G1 Main Marker" [stack: 0x000000ed7a500000,0x000000ed7a600000] [id=26096]
  0x00000234c7524200 WorkerThread "G1 Conc#0" [stack: 0x000000ed7a600000,0x000000ed7a700000] [id=5000]
  0x00000234c756e5e0 ConcurrentGCThread "G1 Refine#0" [stack: 0x000000ed7a700000,0x000000ed7a800000] [id=9004]
  0x00000234e5c78110 ConcurrentGCThread "G1 Service" [stack: 0x000000ed7a800000,0x000000ed7a900000] [id=14200]

Threads with active compile tasks:
C2 CompilerThread1     2587 4521       4       java.util.stream.SortedOps$SizedRefSortingSink::end (129 bytes)
C2 CompilerThread2     2587 4518   !   4       com.google.inject.spi.InjectionPoint::getInjectionPoints (491 bytes)

VM state: not at safepoint (normal execution)

VM Mutex/Monitor currently owned by a thread: None

Heap address: 0x0000000083600000, size: 1994 MB, Compressed Oops mode: 32-bit

CDS archive(s) mapped at: [0x0000023480000000-0x0000023480c60000-0x0000023480c60000), size 12976128, SharedBaseAddress: 0x0000023480000000, ArchiveRelocationMode: 1.
Compressed class space mapped at: 0x0000023481000000-0x00000234c1000000, reserved size: 1073741824
Narrow klass base: 0x0000023480000000, Narrow klass shift: 0, Narrow klass range: 0x100000000

GC Precious Log:
 CardTable entry size: 512
 Card Set container configuration: InlinePtr #cards 5 size 8 Array Of Cards #cards 12 size 40 Howl #buckets 4 coarsen threshold 1843 Howl Bitmap #cards 512 size 80 coarsen threshold 460 Card regions per heap region 1 cards per card region 2048
 CPUs: 8 total, 8 available
 Memory: 7968M
 Large Page Support: Disabled
 NUMA Support: Disabled
 Compressed Oops: Enabled (32-bit)
 Heap Region Size: 1M
 Heap Min Capacity: 8M
 Heap Initial Capacity: 126M
 Heap Max Capacity: 1994M
 Pre-touch: Disabled
 Parallel Workers: 8
 Concurrent Workers: 2
 Concurrent Refinement Workers: 8
 Periodic GC: Disabled

Heap:
 garbage-first heap   total 129024K, used 44842K [0x0000000083600000, 0x0000000100000000)
  region size 1024K, 41 young (41984K), 8 survivors (8192K)
 Metaspace       used 19612K, committed 20032K, reserved 1114112K
  class space    used 2227K, committed 2432K, reserved 1048576K

Heap Regions: E=young(eden), S=young(survivor), O=old, HS=humongous(starts), HC=humongous(continues), CS=collection set, F=free, OA=open archive, CA=closed archive, TAMS=top-at-mark-start, PB=parsable bottom
|   0|0x0000000083600000, 0x0000000083700000, 0x0000000083700000|100%| O|  |TAMS 0x0000000083600000| PB 0x0000000083600000| Untracked 
|   1|0x0000000083700000, 0x0000000083800000, 0x0000000083800000|100%| O|  |TAMS 0x0000000083700000| PB 0x0000000083700000| Untracked 
|   2|0x0000000083800000, 0x0000000083900000, 0x0000000083900000|100%| O|  |TAMS 0x0000000083800000| PB 0x0000000083800000| Untracked 
|   3|0x0000000083900000, 0x00000000839ca800, 0x0000000083a00000| 79%| O|  |TAMS 0x0000000083900000| PB 0x0000000083900000| Untracked 
|   4|0x0000000083a00000, 0x0000000083a00000, 0x0000000083b00000|  0%| F|  |TAMS 0x0000000083a00000| PB 0x0000000083a00000| Untracked 
|   5|0x0000000083b00000, 0x0000000083b00000, 0x0000000083c00000|  0%| F|  |TAMS 0x0000000083b00000| PB 0x0000000083b00000| Untracked 
|   6|0x0000000083c00000, 0x0000000083c00000, 0x0000000083d00000|  0%| F|  |TAMS 0x0000000083c00000| PB 0x0000000083c00000| Untracked 
|   7|0x0000000083d00000, 0x0000000083d00000, 0x0000000083e00000|  0%| F|  |TAMS 0x0000000083d00000| PB 0x0000000083d00000| Untracked 
|   8|0x0000000083e00000, 0x0000000083e00000, 0x0000000083f00000|  0%| F|  |TAMS 0x0000000083e00000| PB 0x0000000083e00000| Untracked 
|   9|0x0000000083f00000, 0x0000000083f00000, 0x0000000084000000|  0%| F|  |TAMS 0x0000000083f00000| PB 0x0000000083f00000| Untracked 
|  10|0x0000000084000000, 0x0000000084000000, 0x0000000084100000|  0%| F|  |TAMS 0x0000000084000000| PB 0x0000000084000000| Untracked 
|  11|0x0000000084100000, 0x0000000084100000, 0x0000000084200000|  0%| F|  |TAMS 0x0000000084100000| PB 0x0000000084100000| Untracked 
|  12|0x0000000084200000, 0x0000000084200000, 0x0000000084300000|  0%| F|  |TAMS 0x0000000084200000| PB 0x0000000084200000| Untracked 
|  13|0x0000000084300000, 0x0000000084300000, 0x0000000084400000|  0%| F|  |TAMS 0x0000000084300000| PB 0x0000000084300000| Untracked 
|  14|0x0000000084400000, 0x0000000084400000, 0x0000000084500000|  0%| F|  |TAMS 0x0000000084400000| PB 0x0000000084400000| Untracked 
|  15|0x0000000084500000, 0x0000000084500000, 0x0000000084600000|  0%| F|  |TAMS 0x0000000084500000| PB 0x0000000084500000| Untracked 
|  16|0x0000000084600000, 0x0000000084600000, 0x0000000084700000|  0%| F|  |TAMS 0x0000000084600000| PB 0x0000000084600000| Untracked 
|  17|0x0000000084700000, 0x0000000084700000, 0x0000000084800000|  0%| F|  |TAMS 0x0000000084700000| PB 0x0000000084700000| Untracked 
|  18|0x0000000084800000, 0x0000000084800000, 0x0000000084900000|  0%| F|  |TAMS 0x0000000084800000| PB 0x0000000084800000| Untracked 
|  19|0x0000000084900000, 0x0000000084900000, 0x0000000084a00000|  0%| F|  |TAMS 0x0000000084900000| PB 0x0000000084900000| Untracked 
|  20|0x0000000084a00000, 0x0000000084a00000, 0x0000000084b00000|  0%| F|  |TAMS 0x0000000084a00000| PB 0x0000000084a00000| Untracked 
|  21|0x0000000084b00000, 0x0000000084b00000, 0x0000000084c00000|  0%| F|  |TAMS 0x0000000084b00000| PB 0x0000000084b00000| Untracked 
|  22|0x0000000084c00000, 0x0000000084c00000, 0x0000000084d00000|  0%| F|  |TAMS 0x0000000084c00000| PB 0x0000000084c00000| Untracked 
|  23|0x0000000084d00000, 0x0000000084d00000, 0x0000000084e00000|  0%| F|  |TAMS 0x0000000084d00000| PB 0x0000000084d00000| Untracked 
|  24|0x0000000084e00000, 0x0000000084e00000, 0x0000000084f00000|  0%| F|  |TAMS 0x0000000084e00000| PB 0x0000000084e00000| Untracked 
|  25|0x0000000084f00000, 0x0000000084f00000, 0x0000000085000000|  0%| F|  |TAMS 0x0000000084f00000| PB 0x0000000084f00000| Untracked 
|  26|0x0000000085000000, 0x0000000085000000, 0x0000000085100000|  0%| F|  |TAMS 0x0000000085000000| PB 0x0000000085000000| Untracked 
|  27|0x0000000085100000, 0x0000000085100000, 0x0000000085200000|  0%| F|  |TAMS 0x0000000085100000| PB 0x0000000085100000| Untracked 
|  28|0x0000000085200000, 0x0000000085200000, 0x0000000085300000|  0%| F|  |TAMS 0x0000000085200000| PB 0x0000000085200000| Untracked 
|  29|0x0000000085300000, 0x0000000085300000, 0x0000000085400000|  0%| F|  |TAMS 0x0000000085300000| PB 0x0000000085300000| Untracked 
|  30|0x0000000085400000, 0x0000000085400000, 0x0000000085500000|  0%| F|  |TAMS 0x0000000085400000| PB 0x0000000085400000| Untracked 
|  31|0x0000000085500000, 0x0000000085500000, 0x0000000085600000|  0%| F|  |TAMS 0x0000000085500000| PB 0x0000000085500000| Untracked 
|  32|0x0000000085600000, 0x0000000085600000, 0x0000000085700000|  0%| F|  |TAMS 0x0000000085600000| PB 0x0000000085600000| Untracked 
|  33|0x0000000085700000, 0x0000000085700000, 0x0000000085800000|  0%| F|  |TAMS 0x0000000085700000| PB 0x0000000085700000| Untracked 
|  34|0x0000000085800000, 0x0000000085800000, 0x0000000085900000|  0%| F|  |TAMS 0x0000000085800000| PB 0x0000000085800000| Untracked 
|  35|0x0000000085900000, 0x0000000085900000, 0x0000000085a00000|  0%| F|  |TAMS 0x0000000085900000| PB 0x0000000085900000| Untracked 
|  36|0x0000000085a00000, 0x0000000085a00000, 0x0000000085b00000|  0%| F|  |TAMS 0x0000000085a00000| PB 0x0000000085a00000| Untracked 
|  37|0x0000000085b00000, 0x0000000085b00000, 0x0000000085c00000|  0%| F|  |TAMS 0x0000000085b00000| PB 0x0000000085b00000| Untracked 
|  38|0x0000000085c00000, 0x0000000085c00000, 0x0000000085d00000|  0%| F|  |TAMS 0x0000000085c00000| PB 0x0000000085c00000| Untracked 
|  39|0x0000000085d00000, 0x0000000085d00000, 0x0000000085e00000|  0%| F|  |TAMS 0x0000000085d00000| PB 0x0000000085d00000| Untracked 
|  40|0x0000000085e00000, 0x0000000085e00000, 0x0000000085f00000|  0%| F|  |TAMS 0x0000000085e00000| PB 0x0000000085e00000| Untracked 
|  41|0x0000000085f00000, 0x0000000085f00000, 0x0000000086000000|  0%| F|  |TAMS 0x0000000085f00000| PB 0x0000000085f00000| Untracked 
|  42|0x0000000086000000, 0x0000000086000000, 0x0000000086100000|  0%| F|  |TAMS 0x0000000086000000| PB 0x0000000086000000| Untracked 
|  43|0x0000000086100000, 0x0000000086200000, 0x0000000086200000|100%| S|CS|TAMS 0x0000000086100000| PB 0x0000000086100000| Complete 
|  44|0x0000000086200000, 0x0000000086300000, 0x0000000086300000|100%| S|CS|TAMS 0x0000000086200000| PB 0x0000000086200000| Complete 
|  45|0x0000000086300000, 0x0000000086400000, 0x0000000086400000|100%| S|CS|TAMS 0x0000000086300000| PB 0x0000000086300000| Complete 
|  46|0x0000000086400000, 0x0000000086500000, 0x0000000086500000|100%| S|CS|TAMS 0x0000000086400000| PB 0x0000000086400000| Complete 
|  47|0x0000000086500000, 0x0000000086600000, 0x0000000086600000|100%| S|CS|TAMS 0x0000000086500000| PB 0x0000000086500000| Complete 
|  48|0x0000000086600000, 0x0000000086700000, 0x0000000086700000|100%| S|CS|TAMS 0x0000000086600000| PB 0x0000000086600000| Complete 
|  49|0x0000000086700000, 0x0000000086800000, 0x0000000086800000|100%| S|CS|TAMS 0x0000000086700000| PB 0x0000000086700000| Complete 
|  50|0x0000000086800000, 0x0000000086900000, 0x0000000086900000|100%| S|CS|TAMS 0x0000000086800000| PB 0x0000000086800000| Complete 
|  51|0x0000000086900000, 0x0000000086900000, 0x0000000086a00000|  0%| F|  |TAMS 0x0000000086900000| PB 0x0000000086900000| Untracked 
|  52|0x0000000086a00000, 0x0000000086a00000, 0x0000000086b00000|  0%| F|  |TAMS 0x0000000086a00000| PB 0x0000000086a00000| Untracked 
|  53|0x0000000086b00000, 0x0000000086b00000, 0x0000000086c00000|  0%| F|  |TAMS 0x0000000086b00000| PB 0x0000000086b00000| Untracked 
|  54|0x0000000086c00000, 0x0000000086c00000, 0x0000000086d00000|  0%| F|  |TAMS 0x0000000086c00000| PB 0x0000000086c00000| Untracked 
|  55|0x0000000086d00000, 0x0000000086d00000, 0x0000000086e00000|  0%| F|  |TAMS 0x0000000086d00000| PB 0x0000000086d00000| Untracked 
|  56|0x0000000086e00000, 0x0000000086e00000, 0x0000000086f00000|  0%| F|  |TAMS 0x0000000086e00000| PB 0x0000000086e00000| Untracked 
|  57|0x0000000086f00000, 0x0000000086f00000, 0x0000000087000000|  0%| F|  |TAMS 0x0000000086f00000| PB 0x0000000086f00000| Untracked 
|  58|0x0000000087000000, 0x0000000087000000, 0x0000000087100000|  0%| F|  |TAMS 0x0000000087000000| PB 0x0000000087000000| Untracked 
|  59|0x0000000087100000, 0x0000000087100000, 0x0000000087200000|  0%| F|  |TAMS 0x0000000087100000| PB 0x0000000087100000| Untracked 
|  60|0x0000000087200000, 0x0000000087200000, 0x0000000087300000|  0%| F|  |TAMS 0x0000000087200000| PB 0x0000000087200000| Untracked 
|  61|0x0000000087300000, 0x0000000087300000, 0x0000000087400000|  0%| F|  |TAMS 0x0000000087300000| PB 0x0000000087300000| Untracked 
|  62|0x0000000087400000, 0x0000000087400000, 0x0000000087500000|  0%| F|  |TAMS 0x0000000087400000| PB 0x0000000087400000| Untracked 
|  63|0x0000000087500000, 0x0000000087500000, 0x0000000087600000|  0%| F|  |TAMS 0x0000000087500000| PB 0x0000000087500000| Untracked 
|  64|0x0000000087600000, 0x0000000087600000, 0x0000000087700000|  0%| F|  |TAMS 0x0000000087600000| PB 0x0000000087600000| Untracked 
|  65|0x0000000087700000, 0x0000000087700000, 0x0000000087800000|  0%| F|  |TAMS 0x0000000087700000| PB 0x0000000087700000| Untracked 
|  66|0x0000000087800000, 0x0000000087800000, 0x0000000087900000|  0%| F|  |TAMS 0x0000000087800000| PB 0x0000000087800000| Untracked 
|  67|0x0000000087900000, 0x0000000087900000, 0x0000000087a00000|  0%| F|  |TAMS 0x0000000087900000| PB 0x0000000087900000| Untracked 
|  68|0x0000000087a00000, 0x0000000087a00000, 0x0000000087b00000|  0%| F|  |TAMS 0x0000000087a00000| PB 0x0000000087a00000| Untracked 
|  69|0x0000000087b00000, 0x0000000087b00000, 0x0000000087c00000|  0%| F|  |TAMS 0x0000000087b00000| PB 0x0000000087b00000| Untracked 
|  70|0x0000000087c00000, 0x0000000087c00000, 0x0000000087d00000|  0%| F|  |TAMS 0x0000000087c00000| PB 0x0000000087c00000| Untracked 
|  71|0x0000000087d00000, 0x0000000087d00000, 0x0000000087e00000|  0%| F|  |TAMS 0x0000000087d00000| PB 0x0000000087d00000| Untracked 
|  72|0x0000000087e00000, 0x0000000087e00000, 0x0000000087f00000|  0%| F|  |TAMS 0x0000000087e00000| PB 0x0000000087e00000| Untracked 
|  73|0x0000000087f00000, 0x0000000087f00000, 0x0000000088000000|  0%| F|  |TAMS 0x0000000087f00000| PB 0x0000000087f00000| Untracked 
|  74|0x0000000088000000, 0x0000000088000000, 0x0000000088100000|  0%| F|  |TAMS 0x0000000088000000| PB 0x0000000088000000| Untracked 
|  75|0x0000000088100000, 0x0000000088100000, 0x0000000088200000|  0%| F|  |TAMS 0x0000000088100000| PB 0x0000000088100000| Untracked 
|  76|0x0000000088200000, 0x0000000088200000, 0x0000000088300000|  0%| F|  |TAMS 0x0000000088200000| PB 0x0000000088200000| Untracked 
|  77|0x0000000088300000, 0x0000000088300000, 0x0000000088400000|  0%| F|  |TAMS 0x0000000088300000| PB 0x0000000088300000| Untracked 
|  78|0x0000000088400000, 0x0000000088400000, 0x0000000088500000|  0%| F|  |TAMS 0x0000000088400000| PB 0x0000000088400000| Untracked 
|  79|0x0000000088500000, 0x0000000088500000, 0x0000000088600000|  0%| F|  |TAMS 0x0000000088500000| PB 0x0000000088500000| Untracked 
|  80|0x0000000088600000, 0x0000000088600000, 0x0000000088700000|  0%| F|  |TAMS 0x0000000088600000| PB 0x0000000088600000| Untracked 
|  81|0x0000000088700000, 0x0000000088700000, 0x0000000088800000|  0%| F|  |TAMS 0x0000000088700000| PB 0x0000000088700000| Untracked 
|  82|0x0000000088800000, 0x0000000088800000, 0x0000000088900000|  0%| F|  |TAMS 0x0000000088800000| PB 0x0000000088800000| Untracked 
|  83|0x0000000088900000, 0x0000000088900000, 0x0000000088a00000|  0%| F|  |TAMS 0x0000000088900000| PB 0x0000000088900000| Untracked 
|  84|0x0000000088a00000, 0x0000000088a00000, 0x0000000088b00000|  0%| F|  |TAMS 0x0000000088a00000| PB 0x0000000088a00000| Untracked 
|  85|0x0000000088b00000, 0x0000000088b00000, 0x0000000088c00000|  0%| F|  |TAMS 0x0000000088b00000| PB 0x0000000088b00000| Untracked 
|  86|0x0000000088c00000, 0x0000000088c00000, 0x0000000088d00000|  0%| F|  |TAMS 0x0000000088c00000| PB 0x0000000088c00000| Untracked 
|  87|0x0000000088d00000, 0x0000000088d00000, 0x0000000088e00000|  0%| F|  |TAMS 0x0000000088d00000| PB 0x0000000088d00000| Untracked 
|  88|0x0000000088e00000, 0x0000000088e00000, 0x0000000088f00000|  0%| F|  |TAMS 0x0000000088e00000| PB 0x0000000088e00000| Untracked 
|  89|0x0000000088f00000, 0x0000000088f00000, 0x0000000089000000|  0%| F|  |TAMS 0x0000000088f00000| PB 0x0000000088f00000| Untracked 
|  90|0x0000000089000000, 0x0000000089000000, 0x0000000089100000|  0%| F|  |TAMS 0x0000000089000000| PB 0x0000000089000000| Untracked 
|  91|0x0000000089100000, 0x0000000089100000, 0x0000000089200000|  0%| F|  |TAMS 0x0000000089100000| PB 0x0000000089100000| Untracked 
|  92|0x0000000089200000, 0x0000000089200000, 0x0000000089300000|  0%| F|  |TAMS 0x0000000089200000| PB 0x0000000089200000| Untracked 
|  93|0x0000000089300000, 0x0000000089389ff8, 0x0000000089400000| 53%| E|  |TAMS 0x0000000089300000| PB 0x0000000089300000| Complete 
|  94|0x0000000089400000, 0x0000000089500000, 0x0000000089500000|100%| E|CS|TAMS 0x0000000089400000| PB 0x0000000089400000| Complete 
|  95|0x0000000089500000, 0x0000000089600000, 0x0000000089600000|100%| E|CS|TAMS 0x0000000089500000| PB 0x0000000089500000| Complete 
|  96|0x0000000089600000, 0x0000000089700000, 0x0000000089700000|100%| E|CS|TAMS 0x0000000089600000| PB 0x0000000089600000| Complete 
|  97|0x0000000089700000, 0x0000000089800000, 0x0000000089800000|100%| E|CS|TAMS 0x0000000089700000| PB 0x0000000089700000| Complete 
|  98|0x0000000089800000, 0x0000000089900000, 0x0000000089900000|100%| E|CS|TAMS 0x0000000089800000| PB 0x0000000089800000| Complete 
|  99|0x0000000089900000, 0x0000000089a00000, 0x0000000089a00000|100%| E|CS|TAMS 0x0000000089900000| PB 0x0000000089900000| Complete 
| 100|0x0000000089a00000, 0x0000000089b00000, 0x0000000089b00000|100%| E|CS|TAMS 0x0000000089a00000| PB 0x0000000089a00000| Complete 
| 101|0x0000000089b00000, 0x0000000089c00000, 0x0000000089c00000|100%| E|CS|TAMS 0x0000000089b00000| PB 0x0000000089b00000| Complete 
| 102|0x0000000089c00000, 0x0000000089d00000, 0x0000000089d00000|100%| E|CS|TAMS 0x0000000089c00000| PB 0x0000000089c00000| Complete 
| 103|0x0000000089d00000, 0x0000000089e00000, 0x0000000089e00000|100%| E|CS|TAMS 0x0000000089d00000| PB 0x0000000089d00000| Complete 
| 104|0x0000000089e00000, 0x0000000089f00000, 0x0000000089f00000|100%| E|CS|TAMS 0x0000000089e00000| PB 0x0000000089e00000| Complete 
| 105|0x0000000089f00000, 0x000000008a000000, 0x000000008a000000|100%| E|CS|TAMS 0x0000000089f00000| PB 0x0000000089f00000| Complete 
| 106|0x000000008a000000, 0x000000008a100000, 0x000000008a100000|100%| E|CS|TAMS 0x000000008a000000| PB 0x000000008a000000| Complete 
| 107|0x000000008a100000, 0x000000008a200000, 0x000000008a200000|100%| E|CS|TAMS 0x000000008a100000| PB 0x000000008a100000| Complete 
| 108|0x000000008a200000, 0x000000008a300000, 0x000000008a300000|100%| E|CS|TAMS 0x000000008a200000| PB 0x000000008a200000| Complete 
| 109|0x000000008a300000, 0x000000008a400000, 0x000000008a400000|100%| E|CS|TAMS 0x000000008a300000| PB 0x000000008a300000| Complete 
| 110|0x000000008a400000, 0x000000008a500000, 0x000000008a500000|100%| E|CS|TAMS 0x000000008a400000| PB 0x000000008a400000| Complete 
| 111|0x000000008a500000, 0x000000008a600000, 0x000000008a600000|100%| E|CS|TAMS 0x000000008a500000| PB 0x000000008a500000| Complete 
| 112|0x000000008a600000, 0x000000008a700000, 0x000000008a700000|100%| E|CS|TAMS 0x000000008a600000| PB 0x000000008a600000| Complete 
| 113|0x000000008a700000, 0x000000008a800000, 0x000000008a800000|100%| E|CS|TAMS 0x000000008a700000| PB 0x000000008a700000| Complete 
| 114|0x000000008a800000, 0x000000008a900000, 0x000000008a900000|100%| E|CS|TAMS 0x000000008a800000| PB 0x000000008a800000| Complete 
| 115|0x000000008a900000, 0x000000008aa00000, 0x000000008aa00000|100%| E|CS|TAMS 0x000000008a900000| PB 0x000000008a900000| Complete 
| 116|0x000000008aa00000, 0x000000008ab00000, 0x000000008ab00000|100%| E|CS|TAMS 0x000000008aa00000| PB 0x000000008aa00000| Complete 
| 117|0x000000008ab00000, 0x000000008ac00000, 0x000000008ac00000|100%| E|CS|TAMS 0x000000008ab00000| PB 0x000000008ab00000| Complete 
| 118|0x000000008ac00000, 0x000000008ad00000, 0x000000008ad00000|100%| E|CS|TAMS 0x000000008ac00000| PB 0x000000008ac00000| Complete 
| 119|0x000000008ad00000, 0x000000008ae00000, 0x000000008ae00000|100%| E|CS|TAMS 0x000000008ad00000| PB 0x000000008ad00000| Complete 
| 120|0x000000008ae00000, 0x000000008af00000, 0x000000008af00000|100%| E|CS|TAMS 0x000000008ae00000| PB 0x000000008ae00000| Complete 
| 121|0x000000008af00000, 0x000000008b000000, 0x000000008b000000|100%| E|CS|TAMS 0x000000008af00000| PB 0x000000008af00000| Complete 
| 122|0x000000008b000000, 0x000000008b100000, 0x000000008b100000|100%| E|CS|TAMS 0x000000008b000000| PB 0x000000008b000000| Complete 
| 123|0x000000008b100000, 0x000000008b200000, 0x000000008b200000|100%| E|CS|TAMS 0x000000008b100000| PB 0x000000008b100000| Complete 
| 124|0x000000008b200000, 0x000000008b300000, 0x000000008b300000|100%| E|CS|TAMS 0x000000008b200000| PB 0x000000008b200000| Complete 
| 125|0x000000008b300000, 0x000000008b400000, 0x000000008b400000|100%| E|CS|TAMS 0x000000008b300000| PB 0x000000008b300000| Complete 

Card table byte_map: [0x00000234e0c00000,0x00000234e0ff0000] _byte_map_base: 0x00000234e07e5000

Marking Bits: (CMBitMap*) 0x00000234c7511d50
 Bits: [0x00000234e13e0000, 0x00000234e3308000)

Polling page: 0x00000234c7570000

Metaspace:

Usage:
  Non-class:     16.98 MB used.
      Class:      2.18 MB used.
       Both:     19.15 MB used.

Virtual space:
  Non-class space:       64.00 MB reserved,      17.19 MB ( 27%) committed,  1 nodes.
      Class space:        1.00 GB reserved,       2.38 MB ( <1%) committed,  1 nodes.
             Both:        1.06 GB reserved,      19.56 MB (  2%) committed. 

Chunk freelists:
   Non-Class:  2.48 MB
       Class:  1.61 MB
        Both:  4.08 MB

MaxMetaspaceSize: unlimited
CompressedClassSpaceSize: 1.00 GB
Initial GC threshold: 21.00 MB
Current GC threshold: 21.00 MB
CDS: on
MetaspaceReclaimPolicy: balanced
 - commit_granule_bytes: 65536.
 - commit_granule_words: 8192.
 - virtual_space_node_default_size: 8388608.
 - enlarge_chunks_in_place: 1.
 - new_chunks_are_fully_committed: 0.
 - uncommit_free_chunks: 1.
 - use_allocation_guard: 0.


Internal statistics:

num_allocs_failed_limit: 0.
num_arena_births: 202.
num_arena_deaths: 0.
num_vsnodes_births: 2.
num_vsnodes_deaths: 0.
num_space_committed: 313.
num_space_uncommitted: 0.
num_chunks_returned_to_freelist: 0.
num_chunks_taken_from_freelist: 883.
num_chunk_merges: 0.
num_chunk_splits: 612.
num_chunks_enlarged: 484.
num_inconsistent_stats: 0.

CodeHeap 'non-profiled nmethods': size=120000Kb used=2269Kb max_used=2269Kb free=117731Kb
 bounds [0x00000234d8850000, 0x00000234d8ac0000, 0x00000234dfd80000]
CodeHeap 'profiled nmethods': size=120000Kb used=9296Kb max_used=9296Kb free=110703Kb
 bounds [0x00000234d0d80000, 0x00000234d16a0000, 0x00000234d82b0000]
CodeHeap 'non-nmethods': size=5760Kb used=1479Kb max_used=1548Kb free=4280Kb
 bounds [0x00000234d82b0000, 0x00000234d8520000, 0x00000234d8850000]
 total_blobs=5156 nmethods=4649 adapters=417
 compilation: enabled
              stopped_count=0, restarted_count=0
 full_count=0

Compilation events (20 events):
Event: 2.518 Thread 0x00000234e5df4d90 nmethod 4642 0x00000234d8a82590 code [0x00000234d8a82700, 0x00000234d8a827c8]
Event: 2.518 Thread 0x00000234e5df4d90 4643       3       sun.invoke.util.VerifyAccess::getClassModifiers (24 bytes)
Event: 2.518 Thread 0x00000234e5df4d90 nmethod 4643 0x00000234d1692290 code [0x00000234d1692440, 0x00000234d1692688]
Event: 2.518 Thread 0x00000234e5df4d90 4644       3       java.lang.Module::allows (60 bytes)
Event: 2.518 Thread 0x00000234e5df4d90 nmethod 4644 0x00000234d1692790 code [0x00000234d1692980, 0x00000234d1692fb0]
Event: 2.518 Thread 0x00000234e5df4d90 4645       1       java.lang.invoke.MethodHandleImpl$IntrinsicMethodHandle::getTarget (5 bytes)
Event: 2.519 Thread 0x00000234e5df4d90 nmethod 4645 0x00000234d8a82890 code [0x00000234d8a82a00, 0x00000234d8a82ac8]
Event: 2.523 Thread 0x00000234e5df4d90 4646       3       java.lang.ProcessEnvironment$CheckedEntry::getKey (5 bytes)
Event: 2.523 Thread 0x00000234e5df4d90 nmethod 4646 0x00000234d1693110 code [0x00000234d16932c0, 0x00000234d16935f0]
Event: 2.523 Thread 0x00000234e5df4d90 4647       3       java.lang.ProcessEnvironment$CheckedEntry::getKey (13 bytes)
Event: 2.524 Thread 0x00000234e5df4d90 nmethod 4647 0x00000234d1693710 code [0x00000234d16938a0, 0x00000234d1693b60]
Event: 2.529 Thread 0x00000234e5df4d90 4650       3       sun.invoke.util.Wrapper::isSubwordOrInt (20 bytes)
Event: 2.529 Thread 0x00000234e5df4d90 nmethod 4650 0x00000234d1693c10 code [0x00000234d1693dc0, 0x00000234d16941d8]
Event: 2.530 Thread 0x00000234e5dea7e0 nmethod 4622 0x00000234d8a83490 code [0x00000234d8a83700, 0x00000234d8a84df0]
Event: 2.530 Thread 0x00000234e5dea7e0 4629       4       java.util.HashMap::keysToArray (81 bytes)
Event: 2.535 Thread 0x00000234e5dea7e0 nmethod 4629 0x00000234d8a85f10 code [0x00000234d8a86080, 0x00000234d8a86410]
Event: 2.536 Thread 0x00000234e5dea7e0 4630       4       java.lang.String::lastIndexOf (12 bytes)
Event: 2.538 Thread 0x00000234e5dea7e0 nmethod 4630 0x00000234d8a86610 code [0x00000234d8a86780, 0x00000234d8a86990]
Event: 2.538 Thread 0x00000234e5dea7e0 4601       4       java.lang.String::substring (10 bytes)
Event: 2.542 Thread 0x00000234e5dea7e0 nmethod 4601 0x00000234d8a86b10 code [0x00000234d8a86ca0, 0x00000234d8a871b8]

GC Heap History (6 events):
Event: 0.537 GC heap before
{Heap before GC invocations=0 (full 0):
 garbage-first heap   total 129024K, used 22528K [0x0000000083600000, 0x0000000100000000)
  region size 1024K, 23 young (23552K), 0 survivors (0K)
 Metaspace       used 6008K, committed 6208K, reserved 1114112K
  class space    used 684K, committed 768K, reserved 1048576K
}
Event: 0.543 GC heap after
{Heap after GC invocations=1 (full 0):
 garbage-first heap   total 129024K, used 4056K [0x0000000083600000, 0x0000000100000000)
  region size 1024K, 3 young (3072K), 3 survivors (3072K)
 Metaspace       used 6008K, committed 6208K, reserved 1114112K
  class space    used 684K, committed 768K, reserved 1048576K
}
Event: 0.999 GC heap before
{Heap before GC invocations=1 (full 0):
 garbage-first heap   total 129024K, used 34776K [0x0000000083600000, 0x0000000100000000)
  region size 1024K, 33 young (33792K), 3 survivors (3072K)
 Metaspace       used 10391K, committed 10560K, reserved 1114112K
  class space    used 1223K, committed 1280K, reserved 1048576K
}
Event: 1.004 GC heap after
{Heap after GC invocations=2 (full 0):
 garbage-first heap   total 129024K, used 5808K [0x0000000083600000, 0x0000000100000000)
  region size 1024K, 2 young (2048K), 2 survivors (2048K)
 Metaspace       used 10391K, committed 10560K, reserved 1114112K
  class space    used 1223K, committed 1280K, reserved 1048576K
}
Event: 2.143 GC heap before
{Heap before GC invocations=2 (full 0):
 garbage-first heap   total 129024K, used 80560K [0x0000000083600000, 0x0000000100000000)
  region size 1024K, 75 young (76800K), 2 survivors (2048K)
 Metaspace       used 17950K, committed 18240K, reserved 1114112K
  class space    used 2016K, committed 2176K, reserved 1048576K
}
Event: 2.153 GC heap after
{Heap after GC invocations=3 (full 0):
 garbage-first heap   total 129024K, used 12074K [0x0000000083600000, 0x0000000100000000)
  region size 1024K, 8 young (8192K), 8 survivors (8192K)
 Metaspace       used 17950K, committed 18240K, reserved 1114112K
  class space    used 2016K, committed 2176K, reserved 1048576K
}

Dll operation events (12 events):
Event: 0.010 Loaded shared library C:\Program Files\Java\jdk-20\bin\java.dll
Event: 0.028 Loaded shared library C:\Program Files\Java\jdk-20\bin\jsvml.dll
Event: 0.072 Loaded shared library C:\Program Files\Java\jdk-20\bin\zip.dll
Event: 0.074 Loaded shared library C:\Program Files\Java\jdk-20\bin\instrument.dll
Event: 0.079 Loaded shared library C:\Program Files\Java\jdk-20\bin\net.dll
Event: 0.081 Loaded shared library C:\Program Files\Java\jdk-20\bin\nio.dll
Event: 0.085 Loaded shared library C:\Program Files\Java\jdk-20\bin\zip.dll
Event: 0.095 Loaded shared library C:\Program Files\JetBrains\IntelliJ IDEA 2023.2.2\bin\breakgen64.dll
Event: 0.103 Loaded shared library C:\Program Files\Java\jdk-20\bin\extnet.dll
Event: 0.175 Loaded shared library C:\Program Files\Java\jdk-20\bin\jimage.dll
Event: 0.188 Loaded shared library C:\Users\yassi\AppData\Local\Temp\jansi-2.4.0-4d5aff7d6b8fb248-jansi.dll
Event: 0.197 Loaded shared library C:\Program Files\Java\jdk-20\bin\verify.dll

Deoptimization events (20 events):
Event: 2.490 Thread 0x00000234c74b1450 DEOPT PACKING pc=0x00000234d89b92a4 sp=0x000000ed7a3fd8e0
Event: 2.490 Thread 0x00000234c74b1450 DEOPT UNPACKING pc=0x00000234d8319d22 sp=0x000000ed7a3fd728 mode 2
Event: 2.490 Thread 0x00000234c74b1450 Uncommon trap: trap_request=0xffffffc6 fr.pc=0x00000234d89ba180 relative=0x0000000000000240
Event: 2.490 Thread 0x00000234c74b1450 Uncommon trap: reason=bimorphic_or_optimized_type_check action=maybe_recompile pc=0x00000234d89ba180 method=java.util.regex.Pattern.lambda$union$3(Ljava/util/regex/Pattern$CharPredicate;Ljava/util/regex/Pattern$CharPredicate;I)Z @ 2 c2
Event: 2.490 Thread 0x00000234c74b1450 DEOPT PACKING pc=0x00000234d89ba180 sp=0x000000ed7a3fd860
Event: 2.490 Thread 0x00000234c74b1450 DEOPT UNPACKING pc=0x00000234d8319d22 sp=0x000000ed7a3fd720 mode 2
Event: 2.491 Thread 0x00000234c74b1450 Uncommon trap: trap_request=0xffffff45 fr.pc=0x00000234d8953064 relative=0x00000000000000e4
Event: 2.491 Thread 0x00000234c74b1450 Uncommon trap: reason=unstable_if action=reinterpret pc=0x00000234d8953064 method=java.util.Spliterator.getExactSizeIfKnown()J @ 9 c2
Event: 2.491 Thread 0x00000234c74b1450 DEOPT PACKING pc=0x00000234d8953064 sp=0x000000ed7a3fd960
Event: 2.491 Thread 0x00000234c74b1450 DEOPT UNPACKING pc=0x00000234d8319d22 sp=0x000000ed7a3fd8f8 mode 2
Event: 2.497 Thread 0x00000234c74b1450 Uncommon trap: trap_request=0xffffffec fr.pc=0x00000234d892e30c relative=0x000000000000008c
Event: 2.497 Thread 0x00000234c74b1450 Uncommon trap: reason=null_assert_or_unreached0 action=make_not_entrant pc=0x00000234d892e30c method=java.util.jar.JarFile.maybeInstantiateVerifier()V @ 4 c2
Event: 2.497 Thread 0x00000234c74b1450 DEOPT PACKING pc=0x00000234d892e30c sp=0x000000ed7a3fdaf0
Event: 2.497 Thread 0x00000234c74b1450 DEOPT UNPACKING pc=0x00000234d8319d22 sp=0x000000ed7a3fda80 mode 2
Event: 2.499 Thread 0x00000234c74b1450 Uncommon trap: trap_request=0xffffff45 fr.pc=0x00000234d88e9ae8 relative=0x0000000000000068
Event: 2.499 Thread 0x00000234c74b1450 Uncommon trap: reason=unstable_if action=reinterpret pc=0x00000234d88e9ae8 method=jdk.internal.module.ModuleReferenceImpl.hashCode()I @ 6 c2
Event: 2.499 Thread 0x00000234c74b1450 DEOPT PACKING pc=0x00000234d88e9ae8 sp=0x000000ed7a3fdaf0
Event: 2.499 Thread 0x00000234c74b1450 DEOPT UNPACKING pc=0x00000234d8319d22 sp=0x000000ed7a3fda80 mode 2
Event: 2.503 Thread 0x00000234c74b1450 DEOPT PACKING pc=0x00000234d0ff0ffe sp=0x000000ed7a3fdba0
Event: 2.503 Thread 0x00000234c74b1450 DEOPT UNPACKING pc=0x00000234d831a4c2 sp=0x000000ed7a3fd120 mode 0

Classes loaded (20 events):
Event: 2.530 Loading class java/util/concurrent/Executors
Event: 2.530 Loading class java/util/concurrent/Executors done
Event: 2.530 Loading class java/util/concurrent/SynchronousQueue
Event: 2.530 Loading class java/util/concurrent/SynchronousQueue done
Event: 2.530 Loading class java/util/concurrent/SynchronousQueue$TransferStack
Event: 2.530 Loading class java/util/concurrent/SynchronousQueue$Transferer
Event: 2.530 Loading class java/util/concurrent/SynchronousQueue$Transferer done
Event: 2.530 Loading class java/util/concurrent/SynchronousQueue$TransferStack done
Event: 2.530 Loading class java/util/concurrent/SynchronousQueue$TransferStack$SNode
Event: 2.530 Loading class java/util/concurrent/SynchronousQueue$TransferStack$SNode done
Event: 2.531 Loading class java/lang/ProcessImpl$2
Event: 2.531 Loading class java/lang/ProcessImpl$2 done
Event: 2.531 Loading class java/lang/Process$PipeInputStream
Event: 2.531 Loading class java/lang/Process$PipeInputStream done
Event: 2.531 Loading class jdk/internal/event/ProcessStartEvent
Event: 2.532 Loading class jdk/internal/event/ProcessStartEvent done
Event: 2.532 Loading class java/io/PipedOutputStream
Event: 2.532 Loading class java/io/PipedOutputStream done
Event: 2.533 Loading class jdk/internal/event/ThreadSleepEvent
Event: 2.533 Loading class jdk/internal/event/ThreadSleepEvent done

Classes unloaded (0 events):
No events

Classes redefined (0 events):
No events

Internal exceptions (20 events):
Event: 1.766 Thread 0x00000234c74b1450 Exception <a 'java/lang/NoSuchMethodError'{0x0000000088461960}: 'void java.lang.invoke.DirectMethodHandle$Holder.invokeSpecial(java.lang.Object, java.lang.Object, java.lang.Object, java.lang.Object, java.lang.Object, java.lang.Object)'> (0x0000000088461960) 
thrown [s\open\src\hotspot\share\interpreter\linkResolver.cpp, line 773]
Event: 1.767 Thread 0x00000234c74b1450 Exception <a 'java/lang/NoSuchMethodError'{0x000000008846cd40}: 'int java.lang.invoke.DirectMethodHandle$Holder.invokeVirtual(java.lang.Object, java.lang.Object)'> (0x000000008846cd40) 
thrown [s\open\src\hotspot\share\interpreter\linkResolver.cpp, line 773]
Event: 1.779 Thread 0x00000234c74b1450 Exception <a 'java/lang/NoSuchMethodError'{0x0000000088336048}: 'void java.lang.invoke.Invokers$Holder.invokeExact_MT(java.lang.Object, java.lang.Object, int, java.lang.Object)'> (0x0000000088336048) 
thrown [s\open\src\hotspot\share\interpreter\linkResolver.cpp, line 773]
Event: 2.473 Thread 0x00000234c74b1450 Exception <a 'sun/nio/fs/WindowsException'{0x000000008976e980}> (0x000000008976e980) 
thrown [s\open\src\hotspot\share\prims\jni.cpp, line 519]
Event: 2.473 Thread 0x00000234c74b1450 Exception <a 'sun/nio/fs/WindowsException'{0x000000008976f160}> (0x000000008976f160) 
thrown [s\open\src\hotspot\share\prims\jni.cpp, line 519]
Event: 2.482 Thread 0x00000234c74b1450 Exception <a 'sun/nio/fs/WindowsException'{0x000000008978f158}> (0x000000008978f158) 
thrown [s\open\src\hotspot\share\prims\jni.cpp, line 519]
Event: 2.482 Thread 0x00000234c74b1450 Exception <a 'sun/nio/fs/WindowsException'{0x00000000897942d8}> (0x00000000897942d8) 
thrown [s\open\src\hotspot\share\prims\jni.cpp, line 519]
Event: 2.484 Thread 0x00000234c74b1450 Exception <a 'sun/nio/fs/WindowsException'{0x0000000089795860}> (0x0000000089795860) 
thrown [s\open\src\hotspot\share\prims\jni.cpp, line 519]
Event: 2.484 Thread 0x00000234c74b1450 Exception <a 'sun/nio/fs/WindowsException'{0x0000000089796918}> (0x0000000089796918) 
thrown [s\open\src\hotspot\share\prims\jni.cpp, line 519]
Event: 2.485 Thread 0x00000234c74b1450 Exception <a 'sun/nio/fs/WindowsException'{0x00000000897975b0}> (0x00000000897975b0) 
thrown [s\open\src\hotspot\share\prims\jni.cpp, line 519]
Event: 2.485 Thread 0x00000234c74b1450 Exception <a 'sun/nio/fs/WindowsException'{0x0000000089798238}> (0x0000000089798238) 
thrown [s\open\src\hotspot\share\prims\jni.cpp, line 519]
Event: 2.485 Thread 0x00000234c74b1450 Exception <a 'sun/nio/fs/WindowsException'{0x00000000897992c8}> (0x00000000897992c8) 
thrown [s\open\src\hotspot\share\prims\jni.cpp, line 519]
Event: 2.485 Thread 0x00000234c74b1450 Exception <a 'sun/nio/fs/WindowsException'{0x0000000089799f60}> (0x0000000089799f60) 
thrown [s\open\src\hotspot\share\prims\jni.cpp, line 519]
Event: 2.485 Thread 0x00000234c74b1450 Exception <a 'sun/nio/fs/WindowsException'{0x000000008979abd0}> (0x000000008979abd0) 
thrown [s\open\src\hotspot\share\prims\jni.cpp, line 519]
Event: 2.485 Thread 0x00000234c74b1450 Exception <a 'sun/nio/fs/WindowsException'{0x000000008979bc10}> (0x000000008979bc10) 
thrown [s\open\src\hotspot\share\prims\jni.cpp, line 519]
Event: 2.486 Thread 0x00000234c74b1450 Exception <a 'sun/nio/fs/WindowsException'{0x000000008979c898}> (0x000000008979c898) 
thrown [s\open\src\hotspot\share\prims\jni.cpp, line 519]
Event: 2.527 Thread 0x00000234c74b1450 Exception <a 'java/lang/NoSuchMethodError'{0x0000000089470c50}: 'void java.lang.invoke.DirectMethodHandle$Holder.invokeStatic(java.lang.Object, long)'> (0x0000000089470c50) 
thrown [s\open\src\hotspot\share\interpreter\linkResolver.cpp, line 773]
Event: 2.528 Thread 0x00000234c74b1450 Exception <a 'java/lang/NoSuchMethodError'{0x0000000089475ee8}: 'java.lang.Object java.lang.invoke.DirectMethodHandle$Holder.newInvokeSpecial(java.lang.Object, long)'> (0x0000000089475ee8) 
thrown [s\open\src\hotspot\share\interpreter\linkResolver.cpp, line 773]
Event: 2.529 Thread 0x00000234c74b1450 Exception <a 'java/lang/NoSuchMethodError'{0x000000008947cef0}: 'java.lang.Object java.lang.invoke.DirectMethodHandle$Holder.invokeStatic(java.lang.Object, long, java.lang.Object)'> (0x000000008947cef0) 
thrown [s\open\src\hotspot\share\interpreter\linkResolver.cpp, line 773]
Event: 2.529 Thread 0x00000234c74b1450 Exception <a 'java/lang/NoSuchMethodError'{0x0000000089480678}: 'java.lang.Object java.lang.invoke.DirectMethodHandle$Holder.invokeStaticInit(java.lang.Object, long, java.lang.Object)'> (0x0000000089480678) 
thrown [s\open\src\hotspot\share\interpreter\linkResolver.cpp, line 773]

VM Operations (20 events):
Event: 1.452 Executing VM operation: HandshakeAllThreads
Event: 1.452 Executing VM operation: HandshakeAllThreads done
Event: 1.473 Executing VM operation: ICBufferFull
Event: 1.473 Executing VM operation: ICBufferFull done
Event: 1.690 Executing VM operation: ICBufferFull
Event: 1.690 Executing VM operation: ICBufferFull done
Event: 1.905 Executing VM operation: ICBufferFull
Event: 1.905 Executing VM operation: ICBufferFull done
Event: 2.143 Executing VM operation: G1CollectForAllocation
Event: 2.153 Executing VM operation: G1CollectForAllocation done
Event: 2.416 Executing VM operation: HandshakeAllThreads
Event: 2.416 Executing VM operation: HandshakeAllThreads done
Event: 2.459 Executing VM operation: ICBufferFull
Event: 2.459 Executing VM operation: ICBufferFull done
Event: 2.478 Executing VM operation: HandshakeAllThreads
Event: 2.478 Executing VM operation: HandshakeAllThreads done
Event: 2.484 Executing VM operation: HandshakeAllThreads
Event: 2.484 Executing VM operation: HandshakeAllThreads done
Event: 2.531 Executing VM operation: HandshakeAllThreads
Event: 2.531 Executing VM operation: HandshakeAllThreads done

Events (19 events):
Event: 0.028 Thread 0x00000234c74b1450 Thread added: 0x00000234c74b1450
Event: 0.040 Thread 0x00000234e5dd7b00 Thread added: 0x00000234e5dd7b00
Event: 0.040 Thread 0x00000234e5dd8900 Thread added: 0x00000234e5dd8900
Event: 0.040 Thread 0x00000234e5ddb9a0 Thread added: 0x00000234e5ddb9a0
Event: 0.040 Thread 0x00000234e5ddec00 Thread added: 0x00000234e5ddec00
Event: 0.040 Thread 0x00000234e5de2b70 Thread added: 0x00000234e5de2b70
Event: 0.040 Thread 0x00000234e5de30c0 Thread added: 0x00000234e5de30c0
Event: 0.040 Thread 0x00000234e5dea7e0 Thread added: 0x00000234e5dea7e0
Event: 0.040 Thread 0x00000234e5df4d90 Thread added: 0x00000234e5df4d90
Event: 0.058 Thread 0x00000234e5ddfba0 Thread added: 0x00000234e5ddfba0
Event: 0.096 Thread 0x00000234e5de20d0 Thread added: 0x00000234e5de20d0
Event: 0.096 Thread 0x00000234e5de10e0 Thread added: 0x00000234e5de10e0
Event: 0.122 Thread 0x00000234ea214d10 Thread added: 0x00000234ea214d10
Event: 0.507 Thread 0x00000234eabec120 Thread added: 0x00000234eabec120
Event: 2.533 Thread 0x00000234eb5bf680 Thread added: 0x00000234eb5bf680
Event: 2.533 Thread 0x00000234eb5bb6c0 Thread added: 0x00000234eb5bb6c0
Event: 2.533 Thread 0x00000234eb5be140 Thread added: 0x00000234eb5be140
Event: 2.546 Thread 0x00000234eb5bb6c0 Thread exited: 0x00000234eb5bb6c0
Event: 2.546 Thread 0x00000234eb5bf680 Thread exited: 0x00000234eb5bf680


Dynamic libraries:
0x00007ff70a440000 - 0x00007ff70a450000 	C:\Program Files\Java\jdk-20\bin\java.exe
0x00007ff939730000 - 0x00007ff939947000 	C:\WINDOWS\SYSTEM32\ntdll.dll
0x00007ff937af0000 - 0x00007ff937bb4000 	C:\WINDOWS\System32\KERNEL32.DLL
0x00007ff936f30000 - 0x00007ff9372d6000 	C:\WINDOWS\System32\KERNELBASE.dll
0x00007ff937360000 - 0x00007ff937471000 	C:\WINDOWS\System32\ucrtbase.dll
0x00007ff9120a0000 - 0x00007ff9120bb000 	C:\Program Files\Java\jdk-20\bin\VCRUNTIME140.dll
0x00007ff9134c0000 - 0x00007ff9134d9000 	C:\Program Files\Java\jdk-20\bin\jli.dll
0x00007ff937550000 - 0x00007ff937603000 	C:\WINDOWS\System32\ADVAPI32.dll
0x00007ff937610000 - 0x00007ff9376b7000 	C:\WINDOWS\System32\msvcrt.dll
0x00007ff9388e0000 - 0x00007ff938988000 	C:\WINDOWS\System32\sechost.dll
0x00007ff936a70000 - 0x00007ff936a98000 	C:\WINDOWS\System32\bcrypt.dll
0x00007ff938770000 - 0x00007ff938887000 	C:\WINDOWS\System32\RPCRT4.dll
0x00007ff9390b0000 - 0x00007ff93925e000 	C:\WINDOWS\System32\USER32.dll
0x00007ff936c80000 - 0x00007ff936ca6000 	C:\WINDOWS\System32\win32u.dll
0x00007ff937520000 - 0x00007ff937549000 	C:\WINDOWS\System32\GDI32.dll
0x00007ff911380000 - 0x00007ff911613000 	C:\WINDOWS\WinSxS\amd64_microsoft.windows.common-controls_6595b64144ccf1df_6.0.22621.2506_none_270c5ae97388e100\COMCTL32.dll
0x00007ff936e10000 - 0x00007ff936f28000 	C:\WINDOWS\System32\gdi32full.dll
0x00007ff936d70000 - 0x00007ff936e0a000 	C:\WINDOWS\System32\msvcp_win.dll
0x00007ff9307b0000 - 0x00007ff9307ba000 	C:\WINDOWS\SYSTEM32\VERSION.dll
0x00007ff938b40000 - 0x00007ff938b71000 	C:\WINDOWS\System32\IMM32.DLL
0x00007ff91bdf0000 - 0x00007ff91bdfc000 	C:\Program Files\Java\jdk-20\bin\vcruntime140_1.dll
0x00007ff9038a0000 - 0x00007ff90392e000 	C:\Program Files\Java\jdk-20\bin\msvcp140.dll
0x00007ff8d0d30000 - 0x00007ff8d19c8000 	C:\Program Files\Java\jdk-20\bin\server\jvm.dll
0x00007ff9317b0000 - 0x00007ff9317b9000 	C:\WINDOWS\SYSTEM32\WSOCK32.dll
0x00007ff9302a0000 - 0x00007ff9302d4000 	C:\WINDOWS\SYSTEM32\WINMM.dll
0x00007ff9374a0000 - 0x00007ff937511000 	C:\WINDOWS\System32\WS2_32.dll
0x00007ff935ba0000 - 0x00007ff935bb8000 	C:\WINDOWS\SYSTEM32\kernel.appcore.dll
0x00007ff91a5e0000 - 0x00007ff91a5ea000 	C:\Program Files\Java\jdk-20\bin\jimage.dll
0x00007ff933ea0000 - 0x00007ff9340d3000 	C:\WINDOWS\SYSTEM32\DBGHELP.DLL
0x00007ff938d20000 - 0x00007ff9390a9000 	C:\WINDOWS\System32\combase.dll
0x00007ff9379e0000 - 0x00007ff937ab7000 	C:\WINDOWS\System32\OLEAUT32.dll
0x00007ff922ea0000 - 0x00007ff922ed2000 	C:\WINDOWS\SYSTEM32\dbgcore.DLL
0x00007ff9372e0000 - 0x00007ff93735a000 	C:\WINDOWS\System32\bcryptPrimitives.dll
0x00007ff931c40000 - 0x00007ff931c4e000 	C:\Program Files\Java\jdk-20\bin\instrument.dll
0x00007ff910480000 - 0x00007ff9104a6000 	C:\Program Files\Java\jdk-20\bin\java.dll
0x00007ff8d71b0000 - 0x00007ff8d7287000 	C:\Program Files\Java\jdk-20\bin\jsvml.dll
0x00007ff937eb0000 - 0x00007ff93870b000 	C:\WINDOWS\System32\SHELL32.dll
0x00007ff9349e0000 - 0x00007ff9352d6000 	C:\WINDOWS\SYSTEM32\windows.storage.dll
0x00007ff9348a0000 - 0x00007ff9349de000 	C:\WINDOWS\SYSTEM32\wintypes.dll
0x00007ff937720000 - 0x00007ff937813000 	C:\WINDOWS\System32\SHCORE.dll
0x00007ff938710000 - 0x00007ff93876e000 	C:\WINDOWS\System32\shlwapi.dll
0x00007ff9369a0000 - 0x00007ff9369c6000 	C:\WINDOWS\SYSTEM32\profapi.dll
0x00007ff903c40000 - 0x00007ff903c58000 	C:\Program Files\Java\jdk-20\bin\zip.dll
0x00007ff9056f0000 - 0x00007ff905703000 	C:\Program Files\Java\jdk-20\bin\net.dll
0x00007ff9312a0000 - 0x00007ff9313d7000 	C:\WINDOWS\SYSTEM32\WINHTTP.dll
0x00007ff936020000 - 0x00007ff936089000 	C:\WINDOWS\system32\mswsock.dll
0x00007ff903c60000 - 0x00007ff903c76000 	C:\Program Files\Java\jdk-20\bin\nio.dll
0x00007ff931c20000 - 0x00007ff931c3a000 	C:\Program Files\JetBrains\IntelliJ IDEA 2023.2.2\bin\breakgen64.dll
0x00007ff9134b0000 - 0x00007ff9134b7000 	C:\Program Files\Java\jdk-20\bin\extnet.dll
0x0000000069ac0000 - 0x0000000069ae4000 	C:\Users\yassi\AppData\Local\Temp\jansi-2.4.0-4d5aff7d6b8fb248-jansi.dll
0x00007ff931bf0000 - 0x00007ff931c00000 	C:\Program Files\Java\jdk-20\bin\verify.dll

dbghelp: loaded successfully - version: 4.0.5 - missing functions: none
symbol engine: initialized successfully - sym options: 0x614 - pdb path: .;C:\Program Files\Java\jdk-20\bin;C:\WINDOWS\SYSTEM32;C:\WINDOWS\WinSxS\amd64_microsoft.windows.common-controls_6595b64144ccf1df_6.0.22621.2506_none_270c5ae97388e100;C:\Program Files\Java\jdk-20\bin\server;C:\Program Files\JetBrains\IntelliJ IDEA 2023.2.2\bin;C:\Users\yassi\AppData\Local\Temp

VM Arguments:
jvm_args: -Dmaven.multiModuleProjectDirectory=C:\Users\yassi\IdeaProjects\SuiviPi1 -Djansi.passthrough=true -Dmaven.home=C:\Program Files\JetBrains\IntelliJ IDEA 2023.2.2\plugins\maven\lib\maven3 -Dclassworlds.conf=C:\Program Files\JetBrains\IntelliJ IDEA 2023.2.2\plugins\maven\lib\maven3\bin\m2.conf -Dmaven.ext.class.path=C:\Program Files\JetBrains\IntelliJ IDEA 2023.2.2\plugins\maven\lib\maven-event-listener.jar -javaagent:C:\Program Files\JetBrains\IntelliJ IDEA 2023.2.2\lib\idea_rt.jar=59961:C:\Program Files\JetBrains\IntelliJ IDEA 2023.2.2\bin -Dfile.encoding=UTF-8 -Dsun.stdout.encoding=UTF-8 -Dsun.stderr.encoding=UTF-8 
java_command: org.codehaus.classworlds.Launcher -Didea.version=2023.2.2 org.openjfx:javafx-maven-plugin:0.0.8:run
java_class_path (initial): C:\Program Files\JetBrains\IntelliJ IDEA 2023.2.2\plugins\maven\lib\maven3\boot\plexus-classworlds-2.7.0.jar;C:\Program Files\JetBrains\IntelliJ IDEA 2023.2.2\plugins\maven\lib\maven3\boot\plexus-classworlds.license
Launcher Type: SUN_STANDARD

[Global flags]
     intx CICompilerCount                          = 4                                         {product} {ergonomic}
     uint ConcGCThreads                            = 2                                         {product} {ergonomic}
     uint G1ConcRefinementThreads                  = 8                                         {product} {ergonomic}
   size_t G1HeapRegionSize                         = 1048576                                   {product} {ergonomic}
    uintx GCDrainStackTargetSize                   = 64                                        {product} {ergonomic}
   size_t InitialHeapSize                          = 132120576                                 {product} {ergonomic}
   size_t MarkStackSize                            = 4194304                                   {product} {ergonomic}
   size_t MaxHeapSize                              = 2090860544                                {product} {ergonomic}
   size_t MaxNewSize                               = 1254096896                                {product} {ergonomic}
   size_t MinHeapDeltaBytes                        = 1048576                                   {product} {ergonomic}
   size_t MinHeapSize                              = 8388608                                   {product} {ergonomic}
    uintx NonNMethodCodeHeapSize                   = 5839372                                {pd product} {ergonomic}
    uintx NonProfiledCodeHeapSize                  = 122909434                              {pd product} {ergonomic}
    uintx ProfiledCodeHeapSize                     = 122909434                              {pd product} {ergonomic}
    uintx ReservedCodeCacheSize                    = 251658240                              {pd product} {ergonomic}
     bool SegmentedCodeCache                       = true                                      {product} {ergonomic}
   size_t SoftMaxHeapSize                          = 2090860544                             {manageable} {ergonomic}
     bool UseCompressedClassPointers               = true                           {product lp64_product} {ergonomic}
     bool UseCompressedOops                        = true                           {product lp64_product} {ergonomic}
     bool UseG1GC                                  = true                                      {product} {ergonomic}
     bool UseLargePagesIndividualAllocation        = false                                  {pd product} {ergonomic}

Logging:
Log output configuration:
 #0: stdout all=warning uptime,level,tags foldmultilines=false
 #1: stderr all=off uptime,level,tags foldmultilines=false

Environment Variables:
JAVA_HOME=C:\Program Files\Java\jdk-20
PATH=C:\Users\yassi\.jdks\jbr-17.0.8.1;C:\oraclexe\app\oracle\product\10.2.0\server\bin;C:\Program Files (x86)\Common Files\Oracle\Java\javapath;C:\windows\system32;C:\windows;C:\windows\System32\Wbem;C:\windows\System32\WindowsPowerShell\v1.0\;C:\windows\System32\OpenSSH\;C:\Program Files (x86)\NVIDIA Corporation\PhysX\Common;C:\Program Files\NVIDIA Corporation\NVIDIA NvDLISR;C:\WINDOWS\system32;C:\WINDOWS;C:\WINDOWS\System32\Wbem;C:\WINDOWS\System32\WindowsPowerShell\v1.0\;C:\WINDOWS\System32\OpenSSH\;C:\Program Files\Java\jdk-20\bin;C:\xampp\php;C:\ProgramData\ComposerSetup\bin;C:\Users\yassi\scoop\shims;C:\Users\yassi\AppData\Local\Microsoft\WindowsApps;C:\Users\yassi\AppData\Local\Programs\Microsoft VS Code\bin;C:\Users\yassi\AppData\Local\GitHubDesktop\bin;C:\Program Files\JetBrains\IntelliJ IDEA 2023.2.2\bin;;C:\Users\yassi\AppData\Roaming\Composer\vendor\bin
USERNAME=yassi
OS=Windows_NT
PROCESSOR_IDENTIFIER=Intel64 Family 6 Model 165 Stepping 2, GenuineIntel
TMP=C:\Users\yassi\AppData\Local\Temp
TEMP=C:\Users\yassi\AppData\Local\Temp




---------------  S Y S T E M  ---------------

OS:
 Windows 11 , 64 bit Build 22621 (10.0.22621.3085)
OS uptime: 1 days 6:38 hours

CPU: total 8 (initial active 8) (4 cores per cpu, 2 threads per core) family 6 model 165 stepping 2 microcode 0xf0, cx8, cmov, fxsr, ht, mmx, 3dnowpref, sse, sse2, sse3, ssse3, sse4.1, sse4.2, popcnt, lzcnt, tsc, tscinvbit, avx, avx2, aes, erms, clmul, bmi1, bmi2, adx, fma, vzeroupper, clflush, clflushopt, rdtscp, f16c, pku

Memory: 4k page, system-wide physical 7968M (740M free)
TotalPageFile size 32544M (AvailPageFile size 5M)
current process WorkingSet (physical memory assigned to process): 188M, peak: 188M
current process commit charge ("private bytes"): 271M, peak: 273M

vm_info: Java HotSpot(TM) 64-Bit Server VM (20.0.2+9-78) for windows-amd64 JRE (20.0.2+9-78), built on 2023-06-14T10:08:48Z by "mach5one" with MS VC++ 17.1 (VS2022)

END.
