#
# There is insufficient memory for the Java Runtime Environment to continue.
# Native memory allocation (malloc) failed to allocate 613376 bytes for Chunk::new
# Possible reasons:
#   The system is out of physical RAM or swap space
#   The process is running with CompressedOops enabled, and the Java Heap may be blocking the growth of the native heap
# Possible solutions:
#   Reduce memory load on the system
#   Increase physical memory or swap space
#   Check if swap backing store is full
#   Decrease Java heap size (-Xmx/-Xms)
#   Decrease number of Java threads
#   Decrease Java thread stack sizes (-Xss)
#   Set larger code cache with -XX:ReservedCodeCacheSize=
#   JVM is running with Unscaled Compressed Oops mode in which the Java heap is
#     placed in the first 4GB address space. The Java Heap base address is the
#     maximum limit for the native heap growth. Please use -XX:HeapBaseMinAddress
#     to set the Java Heap base and to place the Java Heap above 4GB virtual address.
# This output file may be truncated or incomplete.
#
#  Out of Memory Error (arena.cpp:184), pid=6940, tid=25688
#
# JRE version: Java(TM) SE Runtime Environment (20.0.2+9) (build 20.0.2+9-78)
# Java VM: Java HotSpot(TM) 64-Bit Server VM (20.0.2+9-78, mixed mode, sharing, tiered, compressed oops, compressed class ptrs, g1 gc, windows-amd64)
# No core dump will be written. Minidumps are not enabled by default on client versions of Windows
#

---------------  S U M M A R Y ------------

Command Line: -Dmaven.multiModuleProjectDirectory=C:\Users\yassi\IdeaProjects\SuiviPi1 -Djansi.passthrough=true -Dmaven.home=C:\Program Files\JetBrains\IntelliJ IDEA 2023.2.2\plugins\maven\lib\maven3 -Dclassworlds.conf=C:\Program Files\JetBrains\IntelliJ IDEA 2023.2.2\plugins\maven\lib\maven3\bin\m2.conf -Dmaven.ext.class.path=C:\Program Files\JetBrains\IntelliJ IDEA 2023.2.2\plugins\maven\lib\maven-event-listener.jar -javaagent:C:\Program Files\JetBrains\IntelliJ IDEA 2023.2.2\lib\idea_rt.jar=60033:C:\Program Files\JetBrains\IntelliJ IDEA 2023.2.2\bin -Dfile.encoding=UTF-8 -Dsun.stdout.encoding=UTF-8 -Dsun.stderr.encoding=UTF-8 org.codehaus.classworlds.Launcher -Didea.version=2023.2.2 javafx:run

Host: Intel(R) Core(TM) i5-10300H CPU @ 2.50GHz, 8 cores, 7G,  Windows 11 , 64 bit Build 22621 (10.0.22621.3085)
Time: Mon Feb 26 12:58:31 2024 Afr. centrale Ouest elapsed time: 1.471344 seconds (0d 0h 0m 1s)

---------------  T H R E A D  ---------------

Current thread (0x0000026c0b6250e0):  JavaThread "C2 CompilerThread1" daemon [_thread_in_native, id=25688, stack(0x0000009067f00000,0x0000009068000000)]


Current CompileTask:
C2:   1471 2790   !   4       java.net.URL::<init> (543 bytes)

Stack: [0x0000009067f00000,0x0000009068000000]
Native frames: (J=compiled Java code, j=interpreted, Vv=VM code, C=native code)
V  [jvm.dll+0x6bc25a]
V  [jvm.dll+0x84971a]
V  [jvm.dll+0x84b315]
V  [jvm.dll+0x84ba13]
V  [jvm.dll+0x280e4f]
V  [jvm.dll+0xc2ab1]
V  [jvm.dll+0xc2dd5]
V  [jvm.dll+0x2f611f]
V  [jvm.dll+0x5e3b0b]
V  [jvm.dll+0x254684]
V  [jvm.dll+0x254a4f]
V  [jvm.dll+0x24d23d]
V  [jvm.dll+0x24a819]
V  [jvm.dll+0x1ce761]
V  [jvm.dll+0x25a0eb]
V  [jvm.dll+0x2587c0]
V  [jvm.dll+0x3f2dd5]
V  [jvm.dll+0x7f5c76]
V  [jvm.dll+0x6baecb]
C  [ucrtbase.dll+0x29363]
C  [KERNEL32.DLL+0x1257d]
C  [ntdll.dll+0x5aa58]


---------------  P R O C E S S  ---------------

Threads class SMR info:
_java_thread_list=0x0000026c0b5a0d50, length=13, elements={
0x0000026ba9350e30, 0x0000026bc5c89110, 0x0000026bc5c89d10, 0x0000026bc5c8afe0,
0x0000026bc5c8ccc0, 0x0000026bc5c8da20, 0x0000026bc5c8f640, 0x0000026bc5c90450,
0x0000026bc5c92980, 0x0000026bc5c560c0, 0x0000026c0b1a4910, 0x0000026c0b1a4e60,
0x0000026c0b6250e0
}

Java Threads: ( => current thread )
  0x0000026ba9350e30 JavaThread "main" [_thread_in_Java, id=22120, stack(0x0000009066c00000,0x0000009066d00000)]
  0x0000026bc5c89110 JavaThread "Reference Handler" daemon [_thread_blocked, id=26300, stack(0x0000009067300000,0x0000009067400000)]
  0x0000026bc5c89d10 JavaThread "Finalizer" daemon [_thread_blocked, id=4560, stack(0x0000009067400000,0x0000009067500000)]
  0x0000026bc5c8afe0 JavaThread "Signal Dispatcher" daemon [_thread_blocked, id=25984, stack(0x0000009067500000,0x0000009067600000)]
  0x0000026bc5c8ccc0 JavaThread "Attach Listener" daemon [_thread_blocked, id=25872, stack(0x0000009067600000,0x0000009067700000)]
  0x0000026bc5c8da20 JavaThread "Service Thread" daemon [_thread_blocked, id=15760, stack(0x0000009067700000,0x0000009067800000)]
  0x0000026bc5c8f640 JavaThread "Monitor Deflation Thread" daemon [_thread_blocked, id=24016, stack(0x0000009067800000,0x0000009067900000)]
  0x0000026bc5c90450 JavaThread "C2 CompilerThread0" daemon [_thread_in_native, id=18144, stack(0x0000009067900000,0x0000009067a00000)]
  0x0000026bc5c92980 JavaThread "C1 CompilerThread0" daemon [_thread_in_native, id=1080, stack(0x0000009067a00000,0x0000009067b00000)]
  0x0000026bc5c560c0 JavaThread "Common-Cleaner" daemon [_thread_blocked, id=22096, stack(0x0000009067b00000,0x0000009067c00000)]
  0x0000026c0b1a4910 JavaThread "Monitor Ctrl-Break" daemon [_thread_in_native, id=3984, stack(0x0000009067c00000,0x0000009067d00000)]
  0x0000026c0b1a4e60 JavaThread "Notification Thread" daemon [_thread_blocked, id=15932, stack(0x0000009067d00000,0x0000009067e00000)]
=>0x0000026c0b6250e0 JavaThread "C2 CompilerThread1" daemon [_thread_in_native, id=25688, stack(0x0000009067f00000,0x0000009068000000)]

Other Threads:
  0x0000026bc5c6b580 VMThread "VM Thread" [stack: 0x0000009067200000,0x0000009067300000] [id=15164]
  0x0000026c0b1aa060 WatcherThread "VM Periodic Task Thread" [stack: 0x0000009067e00000,0x0000009067f00000] [id=26172]
  0x0000026ba93af2d0 WorkerThread "GC Thread#0" [stack: 0x0000009066d00000,0x0000009066e00000] [id=26488]
  0x0000026c0bbe4080 WorkerThread "GC Thread#1" [stack: 0x0000009068000000,0x0000009068100000] [id=16736]
  0x0000026c0bcd8340 WorkerThread "GC Thread#2" [stack: 0x0000009068100000,0x0000009068200000] [id=25280]
  0x0000026c0bddfa00 WorkerThread "GC Thread#3" [stack: 0x0000009068200000,0x0000009068300000] [id=26156]
  0x0000026c0bde9940 WorkerThread "GC Thread#4" [stack: 0x0000009068300000,0x0000009068400000] [id=15088]
  0x0000026c0bde9c10 WorkerThread "GC Thread#5" [stack: 0x0000009068400000,0x0000009068500000] [id=26076]
  0x0000026c0bde7ff0 WorkerThread "GC Thread#6" [stack: 0x0000009068500000,0x0000009068600000] [id=24376]
  0x0000026c0bde82c0 WorkerThread "GC Thread#7" [stack: 0x0000009068600000,0x0000009068700000] [id=18188]
  0x0000026ba93bfc50 ConcurrentGCThread "G1 Main Marker" [stack: 0x0000009066e00000,0x0000009066f00000] [id=24760]
  0x0000026ba93c0d30 WorkerThread "G1 Conc#0" [stack: 0x0000009066f00000,0x0000009067000000] [id=25612]
  0x0000026ba940ea80 ConcurrentGCThread "G1 Refine#0" [stack: 0x0000009067000000,0x0000009067100000] [id=7052]
  0x0000026bc5b28900 ConcurrentGCThread "G1 Service" [stack: 0x0000009067100000,0x0000009067200000] [id=16548]

Threads with active compile tasks:
C2 CompilerThread0     1511 2830       4       sun.util.locale.BaseLocale::getInstance (150 bytes)
C1 CompilerThread0     1511 2854       3       java.lang.invoke.InvokerBytecodeGenerator::isStaticallyInvocable (165 bytes)
C2 CompilerThread1     1511 2790   !   4       java.net.URL::<init> (543 bytes)

VM state: not at safepoint (normal execution)

VM Mutex/Monitor currently owned by a thread: None

Heap address: 0x0000000083600000, size: 1994 MB, Compressed Oops mode: 32-bit

CDS archive(s) mapped at: [0x0000026bc6000000-0x0000026bc6c60000-0x0000026bc6c60000), size 12976128, SharedBaseAddress: 0x0000026bc6000000, ArchiveRelocationMode: 1.
Compressed class space mapped at: 0x0000026bc7000000-0x0000026c07000000, reserved size: 1073741824
Narrow klass base: 0x0000026bc6000000, Narrow klass shift: 0, Narrow klass range: 0x100000000

GC Precious Log:
 CardTable entry size: 512
 Card Set container configuration: InlinePtr #cards 5 size 8 Array Of Cards #cards 12 size 40 Howl #buckets 4 coarsen threshold 1843 Howl Bitmap #cards 512 size 80 coarsen threshold 460 Card regions per heap region 1 cards per card region 2048
 CPUs: 8 total, 8 available
 Memory: 7968M
 Large Page Support: Disabled
 NUMA Support: Disabled
 Compressed Oops: Enabled (32-bit)
 Heap Region Size: 1M
 Heap Min Capacity: 8M
 Heap Initial Capacity: 126M
 Heap Max Capacity: 1994M
 Pre-touch: Disabled
 Parallel Workers: 8
 Concurrent Workers: 2
 Concurrent Refinement Workers: 8
 Periodic GC: Disabled

Heap:
 garbage-first heap   total 129024K, used 28609K [0x0000000083600000, 0x0000000100000000)
  region size 1024K, 25 young (25600K), 2 survivors (2048K)
 Metaspace       used 15006K, committed 15296K, reserved 1114112K
  class space    used 1762K, committed 1920K, reserved 1048576K

Heap Regions: E=young(eden), S=young(survivor), O=old, HS=humongous(starts), HC=humongous(continues), CS=collection set, F=free, OA=open archive, CA=closed archive, TAMS=top-at-mark-start, PB=parsable bottom
|   0|0x0000000083600000, 0x0000000083700000, 0x0000000083700000|100%| O|  |TAMS 0x0000000083600000| PB 0x0000000083600000| Untracked 
|   1|0x0000000083700000, 0x0000000083800000, 0x0000000083800000|100%| O|  |TAMS 0x0000000083700000| PB 0x0000000083700000| Untracked 
|   2|0x0000000083800000, 0x0000000083900000, 0x0000000083900000|100%| O|  |TAMS 0x0000000083800000| PB 0x0000000083800000| Untracked 
|   3|0x0000000083900000, 0x00000000839f4000, 0x0000000083a00000| 95%| O|  |TAMS 0x0000000083900000| PB 0x0000000083900000| Untracked 
|   4|0x0000000083a00000, 0x0000000083a00000, 0x0000000083b00000|  0%| F|  |TAMS 0x0000000083a00000| PB 0x0000000083a00000| Untracked 
|   5|0x0000000083b00000, 0x0000000083b00000, 0x0000000083c00000|  0%| F|  |TAMS 0x0000000083b00000| PB 0x0000000083b00000| Untracked 
|   6|0x0000000083c00000, 0x0000000083c00000, 0x0000000083d00000|  0%| F|  |TAMS 0x0000000083c00000| PB 0x0000000083c00000| Untracked 
|   7|0x0000000083d00000, 0x0000000083d00000, 0x0000000083e00000|  0%| F|  |TAMS 0x0000000083d00000| PB 0x0000000083d00000| Untracked 
|   8|0x0000000083e00000, 0x0000000083e00000, 0x0000000083f00000|  0%| F|  |TAMS 0x0000000083e00000| PB 0x0000000083e00000| Untracked 
|   9|0x0000000083f00000, 0x0000000083f00000, 0x0000000084000000|  0%| F|  |TAMS 0x0000000083f00000| PB 0x0000000083f00000| Untracked 
|  10|0x0000000084000000, 0x0000000084000000, 0x0000000084100000|  0%| F|  |TAMS 0x0000000084000000| PB 0x0000000084000000| Untracked 
|  11|0x0000000084100000, 0x0000000084100000, 0x0000000084200000|  0%| F|  |TAMS 0x0000000084100000| PB 0x0000000084100000| Untracked 
|  12|0x0000000084200000, 0x0000000084200000, 0x0000000084300000|  0%| F|  |TAMS 0x0000000084200000| PB 0x0000000084200000| Untracked 
|  13|0x0000000084300000, 0x0000000084300000, 0x0000000084400000|  0%| F|  |TAMS 0x0000000084300000| PB 0x0000000084300000| Untracked 
|  14|0x0000000084400000, 0x0000000084400000, 0x0000000084500000|  0%| F|  |TAMS 0x0000000084400000| PB 0x0000000084400000| Untracked 
|  15|0x0000000084500000, 0x0000000084500000, 0x0000000084600000|  0%| F|  |TAMS 0x0000000084500000| PB 0x0000000084500000| Untracked 
|  16|0x0000000084600000, 0x0000000084600000, 0x0000000084700000|  0%| F|  |TAMS 0x0000000084600000| PB 0x0000000084600000| Untracked 
|  17|0x0000000084700000, 0x0000000084700000, 0x0000000084800000|  0%| F|  |TAMS 0x0000000084700000| PB 0x0000000084700000| Untracked 
|  18|0x0000000084800000, 0x0000000084800000, 0x0000000084900000|  0%| F|  |TAMS 0x0000000084800000| PB 0x0000000084800000| Untracked 
|  19|0x0000000084900000, 0x0000000084900000, 0x0000000084a00000|  0%| F|  |TAMS 0x0000000084900000| PB 0x0000000084900000| Untracked 
|  20|0x0000000084a00000, 0x0000000084a00000, 0x0000000084b00000|  0%| F|  |TAMS 0x0000000084a00000| PB 0x0000000084a00000| Untracked 
|  21|0x0000000084b00000, 0x0000000084b00000, 0x0000000084c00000|  0%| F|  |TAMS 0x0000000084b00000| PB 0x0000000084b00000| Untracked 
|  22|0x0000000084c00000, 0x0000000084c00000, 0x0000000084d00000|  0%| F|  |TAMS 0x0000000084c00000| PB 0x0000000084c00000| Untracked 
|  23|0x0000000084d00000, 0x0000000084d00000, 0x0000000084e00000|  0%| F|  |TAMS 0x0000000084d00000| PB 0x0000000084d00000| Untracked 
|  24|0x0000000084e00000, 0x0000000084e00000, 0x0000000084f00000|  0%| F|  |TAMS 0x0000000084e00000| PB 0x0000000084e00000| Untracked 
|  25|0x0000000084f00000, 0x0000000084f00000, 0x0000000085000000|  0%| F|  |TAMS 0x0000000084f00000| PB 0x0000000084f00000| Untracked 
|  26|0x0000000085000000, 0x0000000085000000, 0x0000000085100000|  0%| F|  |TAMS 0x0000000085000000| PB 0x0000000085000000| Untracked 
|  27|0x0000000085100000, 0x0000000085100000, 0x0000000085200000|  0%| F|  |TAMS 0x0000000085100000| PB 0x0000000085100000| Untracked 
|  28|0x0000000085200000, 0x0000000085200000, 0x0000000085300000|  0%| F|  |TAMS 0x0000000085200000| PB 0x0000000085200000| Untracked 
|  29|0x0000000085300000, 0x0000000085300000, 0x0000000085400000|  0%| F|  |TAMS 0x0000000085300000| PB 0x0000000085300000| Untracked 
|  30|0x0000000085400000, 0x0000000085400000, 0x0000000085500000|  0%| F|  |TAMS 0x0000000085400000| PB 0x0000000085400000| Untracked 
|  31|0x0000000085500000, 0x0000000085500000, 0x0000000085600000|  0%| F|  |TAMS 0x0000000085500000| PB 0x0000000085500000| Untracked 
|  32|0x0000000085600000, 0x0000000085600000, 0x0000000085700000|  0%| F|  |TAMS 0x0000000085600000| PB 0x0000000085600000| Untracked 
|  33|0x0000000085700000, 0x0000000085700000, 0x0000000085800000|  0%| F|  |TAMS 0x0000000085700000| PB 0x0000000085700000| Untracked 
|  34|0x0000000085800000, 0x0000000085800000, 0x0000000085900000|  0%| F|  |TAMS 0x0000000085800000| PB 0x0000000085800000| Untracked 
|  35|0x0000000085900000, 0x0000000085900000, 0x0000000085a00000|  0%| F|  |TAMS 0x0000000085900000| PB 0x0000000085900000| Untracked 
|  36|0x0000000085a00000, 0x0000000085a00000, 0x0000000085b00000|  0%| F|  |TAMS 0x0000000085a00000| PB 0x0000000085a00000| Untracked 
|  37|0x0000000085b00000, 0x0000000085b00000, 0x0000000085c00000|  0%| F|  |TAMS 0x0000000085b00000| PB 0x0000000085b00000| Untracked 
|  38|0x0000000085c00000, 0x0000000085c00000, 0x0000000085d00000|  0%| F|  |TAMS 0x0000000085c00000| PB 0x0000000085c00000| Untracked 
|  39|0x0000000085d00000, 0x0000000085d00000, 0x0000000085e00000|  0%| F|  |TAMS 0x0000000085d00000| PB 0x0000000085d00000| Untracked 
|  40|0x0000000085e00000, 0x0000000085e00000, 0x0000000085f00000|  0%| F|  |TAMS 0x0000000085e00000| PB 0x0000000085e00000| Untracked 
|  41|0x0000000085f00000, 0x0000000085f00000, 0x0000000086000000|  0%| F|  |TAMS 0x0000000085f00000| PB 0x0000000085f00000| Untracked 
|  42|0x0000000086000000, 0x0000000086000000, 0x0000000086100000|  0%| F|  |TAMS 0x0000000086000000| PB 0x0000000086000000| Untracked 
|  43|0x0000000086100000, 0x0000000086100000, 0x0000000086200000|  0%| F|  |TAMS 0x0000000086100000| PB 0x0000000086100000| Untracked 
|  44|0x0000000086200000, 0x0000000086200000, 0x0000000086300000|  0%| F|  |TAMS 0x0000000086200000| PB 0x0000000086200000| Untracked 
|  45|0x0000000086300000, 0x0000000086300000, 0x0000000086400000|  0%| F|  |TAMS 0x0000000086300000| PB 0x0000000086300000| Untracked 
|  46|0x0000000086400000, 0x0000000086400000, 0x0000000086500000|  0%| F|  |TAMS 0x0000000086400000| PB 0x0000000086400000| Untracked 
|  47|0x0000000086500000, 0x0000000086500000, 0x0000000086600000|  0%| F|  |TAMS 0x0000000086500000| PB 0x0000000086500000| Untracked 
|  48|0x0000000086600000, 0x0000000086600000, 0x0000000086700000|  0%| F|  |TAMS 0x0000000086600000| PB 0x0000000086600000| Untracked 
|  49|0x0000000086700000, 0x0000000086700000, 0x0000000086800000|  0%| F|  |TAMS 0x0000000086700000| PB 0x0000000086700000| Untracked 
|  50|0x0000000086800000, 0x0000000086800000, 0x0000000086900000|  0%| F|  |TAMS 0x0000000086800000| PB 0x0000000086800000| Untracked 
|  51|0x0000000086900000, 0x0000000086900000, 0x0000000086a00000|  0%| F|  |TAMS 0x0000000086900000| PB 0x0000000086900000| Untracked 
|  52|0x0000000086a00000, 0x0000000086a00000, 0x0000000086b00000|  0%| F|  |TAMS 0x0000000086a00000| PB 0x0000000086a00000| Untracked 
|  53|0x0000000086b00000, 0x0000000086b00000, 0x0000000086c00000|  0%| F|  |TAMS 0x0000000086b00000| PB 0x0000000086b00000| Untracked 
|  54|0x0000000086c00000, 0x0000000086c00000, 0x0000000086d00000|  0%| F|  |TAMS 0x0000000086c00000| PB 0x0000000086c00000| Untracked 
|  55|0x0000000086d00000, 0x0000000086d00000, 0x0000000086e00000|  0%| F|  |TAMS 0x0000000086d00000| PB 0x0000000086d00000| Untracked 
|  56|0x0000000086e00000, 0x0000000086e00000, 0x0000000086f00000|  0%| F|  |TAMS 0x0000000086e00000| PB 0x0000000086e00000| Untracked 
|  57|0x0000000086f00000, 0x0000000086f00000, 0x0000000087000000|  0%| F|  |TAMS 0x0000000086f00000| PB 0x0000000086f00000| Untracked 
|  58|0x0000000087000000, 0x0000000087000000, 0x0000000087100000|  0%| F|  |TAMS 0x0000000087000000| PB 0x0000000087000000| Untracked 
|  59|0x0000000087100000, 0x0000000087100000, 0x0000000087200000|  0%| F|  |TAMS 0x0000000087100000| PB 0x0000000087100000| Untracked 
|  60|0x0000000087200000, 0x0000000087200000, 0x0000000087300000|  0%| F|  |TAMS 0x0000000087200000| PB 0x0000000087200000| Untracked 
|  61|0x0000000087300000, 0x0000000087300000, 0x0000000087400000|  0%| F|  |TAMS 0x0000000087300000| PB 0x0000000087300000| Untracked 
|  62|0x0000000087400000, 0x0000000087400000, 0x0000000087500000|  0%| F|  |TAMS 0x0000000087400000| PB 0x0000000087400000| Untracked 
|  63|0x0000000087500000, 0x0000000087500000, 0x0000000087600000|  0%| F|  |TAMS 0x0000000087500000| PB 0x0000000087500000| Untracked 
|  64|0x0000000087600000, 0x0000000087600000, 0x0000000087700000|  0%| F|  |TAMS 0x0000000087600000| PB 0x0000000087600000| Untracked 
|  65|0x0000000087700000, 0x0000000087700000, 0x0000000087800000|  0%| F|  |TAMS 0x0000000087700000| PB 0x0000000087700000| Untracked 
|  66|0x0000000087800000, 0x0000000087800000, 0x0000000087900000|  0%| F|  |TAMS 0x0000000087800000| PB 0x0000000087800000| Untracked 
|  67|0x0000000087900000, 0x0000000087900000, 0x0000000087a00000|  0%| F|  |TAMS 0x0000000087900000| PB 0x0000000087900000| Untracked 
|  68|0x0000000087a00000, 0x0000000087a00000, 0x0000000087b00000|  0%| F|  |TAMS 0x0000000087a00000| PB 0x0000000087a00000| Untracked 
|  69|0x0000000087b00000, 0x0000000087b00000, 0x0000000087c00000|  0%| F|  |TAMS 0x0000000087b00000| PB 0x0000000087b00000| Untracked 
|  70|0x0000000087c00000, 0x0000000087c00000, 0x0000000087d00000|  0%| F|  |TAMS 0x0000000087c00000| PB 0x0000000087c00000| Untracked 
|  71|0x0000000087d00000, 0x0000000087d00000, 0x0000000087e00000|  0%| F|  |TAMS 0x0000000087d00000| PB 0x0000000087d00000| Untracked 
|  72|0x0000000087e00000, 0x0000000087e00000, 0x0000000087f00000|  0%| F|  |TAMS 0x0000000087e00000| PB 0x0000000087e00000| Untracked 
|  73|0x0000000087f00000, 0x0000000087f00000, 0x0000000088000000|  0%| F|  |TAMS 0x0000000087f00000| PB 0x0000000087f00000| Untracked 
|  74|0x0000000088000000, 0x0000000088000000, 0x0000000088100000|  0%| F|  |TAMS 0x0000000088000000| PB 0x0000000088000000| Untracked 
|  75|0x0000000088100000, 0x0000000088100000, 0x0000000088200000|  0%| F|  |TAMS 0x0000000088100000| PB 0x0000000088100000| Untracked 
|  76|0x0000000088200000, 0x0000000088200000, 0x0000000088300000|  0%| F|  |TAMS 0x0000000088200000| PB 0x0000000088200000| Untracked 
|  77|0x0000000088300000, 0x0000000088300000, 0x0000000088400000|  0%| F|  |TAMS 0x0000000088300000| PB 0x0000000088300000| Untracked 
|  78|0x0000000088400000, 0x0000000088400000, 0x0000000088500000|  0%| F|  |TAMS 0x0000000088400000| PB 0x0000000088400000| Untracked 
|  79|0x0000000088500000, 0x0000000088500000, 0x0000000088600000|  0%| F|  |TAMS 0x0000000088500000| PB 0x0000000088500000| Untracked 
|  80|0x0000000088600000, 0x0000000088600000, 0x0000000088700000|  0%| F|  |TAMS 0x0000000088600000| PB 0x0000000088600000| Untracked 
|  81|0x0000000088700000, 0x0000000088700000, 0x0000000088800000|  0%| F|  |TAMS 0x0000000088700000| PB 0x0000000088700000| Untracked 
|  82|0x0000000088800000, 0x0000000088800000, 0x0000000088900000|  0%| F|  |TAMS 0x0000000088800000| PB 0x0000000088800000| Untracked 
|  83|0x0000000088900000, 0x0000000088900000, 0x0000000088a00000|  0%| F|  |TAMS 0x0000000088900000| PB 0x0000000088900000| Untracked 
|  84|0x0000000088a00000, 0x0000000088a00000, 0x0000000088b00000|  0%| F|  |TAMS 0x0000000088a00000| PB 0x0000000088a00000| Untracked 
|  85|0x0000000088b00000, 0x0000000088b00000, 0x0000000088c00000|  0%| F|  |TAMS 0x0000000088b00000| PB 0x0000000088b00000| Untracked 
|  86|0x0000000088c00000, 0x0000000088c00000, 0x0000000088d00000|  0%| F|  |TAMS 0x0000000088c00000| PB 0x0000000088c00000| Untracked 
|  87|0x0000000088d00000, 0x0000000088d00000, 0x0000000088e00000|  0%| F|  |TAMS 0x0000000088d00000| PB 0x0000000088d00000| Untracked 
|  88|0x0000000088e00000, 0x0000000088e00000, 0x0000000088f00000|  0%| F|  |TAMS 0x0000000088e00000| PB 0x0000000088e00000| Untracked 
|  89|0x0000000088f00000, 0x0000000088f00000, 0x0000000089000000|  0%| F|  |TAMS 0x0000000088f00000| PB 0x0000000088f00000| Untracked 
|  90|0x0000000089000000, 0x0000000089000000, 0x0000000089100000|  0%| F|  |TAMS 0x0000000089000000| PB 0x0000000089000000| Untracked 
|  91|0x0000000089100000, 0x00000000891fc690, 0x0000000089200000| 98%| S|CS|TAMS 0x0000000089100000| PB 0x0000000089100000| Complete 
|  92|0x0000000089200000, 0x0000000089300000, 0x0000000089300000|100%| S|CS|TAMS 0x0000000089200000| PB 0x0000000089200000| Complete 
|  93|0x0000000089300000, 0x0000000089300000, 0x0000000089400000|  0%| F|  |TAMS 0x0000000089300000| PB 0x0000000089300000| Untracked 
|  94|0x0000000089400000, 0x0000000089400000, 0x0000000089500000|  0%| F|  |TAMS 0x0000000089400000| PB 0x0000000089400000| Untracked 
|  95|0x0000000089500000, 0x0000000089500000, 0x0000000089600000|  0%| F|  |TAMS 0x0000000089500000| PB 0x0000000089500000| Untracked 
|  96|0x0000000089600000, 0x0000000089600000, 0x0000000089700000|  0%| F|  |TAMS 0x0000000089600000| PB 0x0000000089600000| Untracked 
|  97|0x0000000089700000, 0x0000000089700000, 0x0000000089800000|  0%| F|  |TAMS 0x0000000089700000| PB 0x0000000089700000| Untracked 
|  98|0x0000000089800000, 0x0000000089800000, 0x0000000089900000|  0%| F|  |TAMS 0x0000000089800000| PB 0x0000000089800000| Untracked 
|  99|0x0000000089900000, 0x0000000089900000, 0x0000000089a00000|  0%| F|  |TAMS 0x0000000089900000| PB 0x0000000089900000| Untracked 
| 100|0x0000000089a00000, 0x0000000089a00000, 0x0000000089b00000|  0%| F|  |TAMS 0x0000000089a00000| PB 0x0000000089a00000| Untracked 
| 101|0x0000000089b00000, 0x0000000089b00000, 0x0000000089c00000|  0%| F|  |TAMS 0x0000000089b00000| PB 0x0000000089b00000| Untracked 
| 102|0x0000000089c00000, 0x0000000089c00800, 0x0000000089d00000|  0%| E|  |TAMS 0x0000000089c00000| PB 0x0000000089c00000| Complete 
| 103|0x0000000089d00000, 0x0000000089e00000, 0x0000000089e00000|100%| E|CS|TAMS 0x0000000089d00000| PB 0x0000000089d00000| Complete 
| 104|0x0000000089e00000, 0x0000000089f00000, 0x0000000089f00000|100%| E|CS|TAMS 0x0000000089e00000| PB 0x0000000089e00000| Complete 
| 105|0x0000000089f00000, 0x000000008a000000, 0x000000008a000000|100%| E|CS|TAMS 0x0000000089f00000| PB 0x0000000089f00000| Complete 
| 106|0x000000008a000000, 0x000000008a100000, 0x000000008a100000|100%| E|CS|TAMS 0x000000008a000000| PB 0x000000008a000000| Complete 
| 107|0x000000008a100000, 0x000000008a200000, 0x000000008a200000|100%| E|CS|TAMS 0x000000008a100000| PB 0x000000008a100000| Complete 
| 108|0x000000008a200000, 0x000000008a300000, 0x000000008a300000|100%| E|CS|TAMS 0x000000008a200000| PB 0x000000008a200000| Complete 
| 109|0x000000008a300000, 0x000000008a400000, 0x000000008a400000|100%| E|CS|TAMS 0x000000008a300000| PB 0x000000008a300000| Complete 
| 110|0x000000008a400000, 0x000000008a500000, 0x000000008a500000|100%| E|CS|TAMS 0x000000008a400000| PB 0x000000008a400000| Complete 
| 111|0x000000008a500000, 0x000000008a600000, 0x000000008a600000|100%| E|CS|TAMS 0x000000008a500000| PB 0x000000008a500000| Complete 
| 112|0x000000008a600000, 0x000000008a700000, 0x000000008a700000|100%| E|CS|TAMS 0x000000008a600000| PB 0x000000008a600000| Complete 
| 113|0x000000008a700000, 0x000000008a800000, 0x000000008a800000|100%| E|CS|TAMS 0x000000008a700000| PB 0x000000008a700000| Complete 
| 114|0x000000008a800000, 0x000000008a900000, 0x000000008a900000|100%| E|CS|TAMS 0x000000008a800000| PB 0x000000008a800000| Complete 
| 115|0x000000008a900000, 0x000000008aa00000, 0x000000008aa00000|100%| E|CS|TAMS 0x000000008a900000| PB 0x000000008a900000| Complete 
| 116|0x000000008aa00000, 0x000000008ab00000, 0x000000008ab00000|100%| E|CS|TAMS 0x000000008aa00000| PB 0x000000008aa00000| Complete 
| 117|0x000000008ab00000, 0x000000008ac00000, 0x000000008ac00000|100%| E|CS|TAMS 0x000000008ab00000| PB 0x000000008ab00000| Complete 
| 118|0x000000008ac00000, 0x000000008ad00000, 0x000000008ad00000|100%| E|CS|TAMS 0x000000008ac00000| PB 0x000000008ac00000| Complete 
| 119|0x000000008ad00000, 0x000000008ae00000, 0x000000008ae00000|100%| E|CS|TAMS 0x000000008ad00000| PB 0x000000008ad00000| Complete 
| 120|0x000000008ae00000, 0x000000008af00000, 0x000000008af00000|100%| E|CS|TAMS 0x000000008ae00000| PB 0x000000008ae00000| Complete 
| 121|0x000000008af00000, 0x000000008b000000, 0x000000008b000000|100%| E|CS|TAMS 0x000000008af00000| PB 0x000000008af00000| Complete 
| 122|0x000000008b000000, 0x000000008b100000, 0x000000008b100000|100%| E|CS|TAMS 0x000000008b000000| PB 0x000000008b000000| Complete 
| 123|0x000000008b100000, 0x000000008b200000, 0x000000008b200000|100%| E|CS|TAMS 0x000000008b100000| PB 0x000000008b100000| Complete 
| 124|0x000000008b200000, 0x000000008b300000, 0x000000008b300000|100%| E|CS|TAMS 0x000000008b200000| PB 0x000000008b200000| Complete 
| 125|0x000000008b300000, 0x000000008b400000, 0x000000008b400000|100%| E|CS|TAMS 0x000000008b300000| PB 0x000000008b300000| Complete 

Card table byte_map: [0x0000026bc0b40000,0x0000026bc0f30000] _byte_map_base: 0x0000026bc0725000

Marking Bits: (CMBitMap*) 0x0000026ba93af810
 Bits: [0x0000026bc1320000, 0x0000026bc3248000)

Polling page: 0x0000026ba8b10000

Metaspace:

Usage:
  Non-class:     12.97 MB used.
      Class:      1.72 MB used.
       Both:     14.70 MB used.

Virtual space:
  Non-class space:       64.00 MB reserved,      13.06 MB ( 20%) committed,  1 nodes.
      Class space:        1.00 GB reserved,       1.88 MB ( <1%) committed,  1 nodes.
             Both:        1.06 GB reserved,      14.94 MB (  1%) committed. 

Chunk freelists:
   Non-Class:  2.69 MB
       Class:  2.16 MB
        Both:  4.85 MB

MaxMetaspaceSize: unlimited
CompressedClassSpaceSize: 1.00 GB
Initial GC threshold: 21.00 MB
Current GC threshold: 21.00 MB
CDS: on
MetaspaceReclaimPolicy: balanced
 - commit_granule_bytes: 65536.
 - commit_granule_words: 8192.
 - virtual_space_node_default_size: 8388608.
 - enlarge_chunks_in_place: 1.
 - new_chunks_are_fully_committed: 0.
 - uncommit_free_chunks: 1.
 - use_allocation_guard: 0.


Internal statistics:

num_allocs_failed_limit: 0.
num_arena_births: 160.
num_arena_deaths: 0.
num_vsnodes_births: 2.
num_vsnodes_deaths: 0.
num_space_committed: 240.
num_space_uncommitted: 0.
num_chunks_returned_to_freelist: 0.
num_chunks_taken_from_freelist: 645.
num_chunk_merges: 0.
num_chunk_splits: 455.
num_chunks_enlarged: 366.
num_inconsistent_stats: 0.

CodeHeap 'non-profiled nmethods': size=120000Kb used=1019Kb max_used=1019Kb free=118980Kb
 bounds [0x0000026bb8ef0000, 0x0000026bb9160000, 0x0000026bc0420000]
CodeHeap 'profiled nmethods': size=120000Kb used=5430Kb max_used=5430Kb free=114569Kb
 bounds [0x0000026bb1420000, 0x0000026bb1970000, 0x0000026bb8950000]
CodeHeap 'non-nmethods': size=5760Kb used=1461Kb max_used=1491Kb free=4298Kb
 bounds [0x0000026bb8950000, 0x0000026bb8bc0000, 0x0000026bb8ef0000]
 total_blobs=3347 nmethods=2854 adapters=403
 compilation: enabled
              stopped_count=0, restarted_count=0
 full_count=0

Compilation events (20 events):
Event: 1.456 Thread 0x0000026bc5c92980 2804       3       jdk.internal.misc.CDS::isDumpingArchive (4 bytes)
Event: 1.457 Thread 0x0000026bc5c92980 nmethod 2804 0x0000026bb1953910 code [0x0000026bb1953aa0, 0x0000026bb1953b90]
Event: 1.457 Thread 0x0000026bc5c92980 2803       1       java.lang.invoke.DirectMethodHandle::isCrackable (5 bytes)
Event: 1.457 Thread 0x0000026bc5c92980 nmethod 2803 0x0000026bb8feb890 code [0x0000026bb8feba00, 0x0000026bb8febad0]
Event: 1.457 Thread 0x0000026bc5c90450 2805       4       java.util.regex.Pattern$$Lambda$22/0x800000032::is (9 bytes)
Event: 1.457 Thread 0x0000026bc5c92980 2807       3       java.util.regex.Pattern$$Lambda$26/0x0000026bc7061e40::is (5 bytes)
Event: 1.457 Thread 0x0000026bc5c92980 nmethod 2807 0x0000026bb1953c10 code [0x0000026bb1953da0, 0x0000026bb1954020]
Event: 1.457 Thread 0x0000026bc5c92980 2808       3       java.util.regex.Pattern::lambda$DOT$11 (34 bytes)
Event: 1.457 Thread 0x0000026bc5c92980 nmethod 2808 0x0000026bb1954110 code [0x0000026bb19542a0, 0x0000026bb19544a0]
Event: 1.458 Thread 0x0000026bc5c92980 2809       3       com.google.inject.internal.InjectorImpl::getProviderOrThrow (35 bytes)
Event: 1.459 Thread 0x0000026bc5c92980 nmethod 2809 0x0000026bb1954510 code [0x0000026bb19546c0, 0x0000026bb1954b08]
Event: 1.459 Thread 0x0000026bc5c92980 2810       3       com.google.inject.internal.InjectorImpl$1::<init> (20 bytes)
Event: 1.459 Thread 0x0000026bc5c90450 nmethod 2805 0x0000026bb8febb90 code [0x0000026bb8febd20, 0x0000026bb8febff0]
Event: 1.459 Thread 0x0000026bc5c92980 nmethod 2810 0x0000026bb1954c90 code [0x0000026bb1954e20, 0x0000026bb19550a0]
Event: 1.459 Thread 0x0000026bc5c90450 2806       4       java.lang.Character::codePointAt (51 bytes)
Event: 1.460 Thread 0x0000026bc5c90450 nmethod 2806 0x0000026bb8fec310 code [0x0000026bb8fec4a0, 0x0000026bb8fec648]
Event: 1.463 Thread 0x0000026bc5c92980 2811   !   3       com.google.inject.internal.FactoryProxy::get (29 bytes)
Event: 1.463 Thread 0x0000026bc5c92980 nmethod 2811 0x0000026bb1955190 code [0x0000026bb1955340, 0x0000026bb1955608]
Event: 1.468 Thread 0x0000026bc5c92980 2812       3       java.lang.Character::codePointBefore (48 bytes)
Event: 1.468 Thread 0x0000026bc5c92980 nmethod 2812 0x0000026bb1955790 code [0x0000026bb1955960, 0x0000026bb1955f20]

GC Heap History (4 events):
Event: 0.591 GC heap before
{Heap before GC invocations=0 (full 0):
 garbage-first heap   total 129024K, used 22528K [0x0000000083600000, 0x0000000100000000)
  region size 1024K, 23 young (23552K), 0 survivors (0K)
 Metaspace       used 6009K, committed 6208K, reserved 1114112K
  class space    used 685K, committed 768K, reserved 1048576K
}
Event: 0.597 GC heap after
{Heap after GC invocations=1 (full 0):
 garbage-first heap   total 129024K, used 3906K [0x0000000083600000, 0x0000000100000000)
  region size 1024K, 3 young (3072K), 3 survivors (3072K)
 Metaspace       used 6009K, committed 6208K, reserved 1114112K
  class space    used 685K, committed 768K, reserved 1048576K
}
Event: 1.080 GC heap before
{Heap before GC invocations=1 (full 0):
 garbage-first heap   total 129024K, used 34626K [0x0000000083600000, 0x0000000100000000)
  region size 1024K, 33 young (33792K), 3 survivors (3072K)
 Metaspace       used 10394K, committed 10560K, reserved 1114112K
  class space    used 1224K, committed 1280K, reserved 1048576K
}
Event: 1.085 GC heap after
{Heap after GC invocations=2 (full 0):
 garbage-first heap   total 129024K, used 6081K [0x0000000083600000, 0x0000000100000000)
  region size 1024K, 2 young (2048K), 2 survivors (2048K)
 Metaspace       used 10394K, committed 10560K, reserved 1114112K
  class space    used 1224K, committed 1280K, reserved 1048576K
}

Dll operation events (12 events):
Event: 0.010 Loaded shared library C:\Program Files\Java\jdk-20\bin\java.dll
Event: 0.031 Loaded shared library C:\Program Files\Java\jdk-20\bin\jsvml.dll
Event: 0.076 Loaded shared library C:\Program Files\Java\jdk-20\bin\zip.dll
Event: 0.078 Loaded shared library C:\Program Files\Java\jdk-20\bin\instrument.dll
Event: 0.082 Loaded shared library C:\Program Files\Java\jdk-20\bin\net.dll
Event: 0.084 Loaded shared library C:\Program Files\Java\jdk-20\bin\nio.dll
Event: 0.087 Loaded shared library C:\Program Files\Java\jdk-20\bin\zip.dll
Event: 0.098 Loaded shared library C:\Program Files\JetBrains\IntelliJ IDEA 2023.2.2\bin\breakgen64.dll
Event: 0.105 Loaded shared library C:\Program Files\Java\jdk-20\bin\extnet.dll
Event: 0.181 Loaded shared library C:\Program Files\Java\jdk-20\bin\jimage.dll
Event: 0.194 Loaded shared library C:\Users\yassi\AppData\Local\Temp\jansi-2.4.0-e898b4ca5901d351-jansi.dll
Event: 0.202 Loaded shared library C:\Program Files\Java\jdk-20\bin\verify.dll

Deoptimization events (20 events):
Event: 1.397 Thread 0x0000026ba9350e30 DEOPT PACKING pc=0x0000026bb8fb5770 sp=0x0000009066cf9920
Event: 1.397 Thread 0x0000026ba9350e30 DEOPT UNPACKING pc=0x0000026bb89b9d22 sp=0x0000009066cf9858 mode 2
Event: 1.410 Thread 0x0000026ba9350e30 Uncommon trap: trap_request=0xffffff45 fr.pc=0x0000026bb8fdcca4 relative=0x0000000000000aa4
Event: 1.410 Thread 0x0000026ba9350e30 Uncommon trap: reason=unstable_if action=reinterpret pc=0x0000026bb8fdcca4 method=org.eclipse.sisu.inject.InjectorBindings.isAssignableFrom(Lcom/google/inject/TypeLiteral;Lcom/google/inject/Binding;)Z @ 14 c2
Event: 1.410 Thread 0x0000026ba9350e30 DEOPT PACKING pc=0x0000026bb8fdcca4 sp=0x0000009066cfdd30
Event: 1.410 Thread 0x0000026ba9350e30 DEOPT UNPACKING pc=0x0000026bb89b9d22 sp=0x0000009066cfdd00 mode 2
Event: 1.420 Thread 0x0000026ba9350e30 Uncommon trap: trap_request=0x000000e1 fr.pc=0x0000026bb8f22a58 relative=0x00000000000000d8
Event: 1.420 Thread 0x0000026ba9350e30 Uncommon trap: reason=unloaded action=reinterpret pc=0x0000026bb8f22a58 method=org.codehaus.plexus.util.xml.pull.MXParser.more()C @ 22 c2
Event: 1.420 Thread 0x0000026ba9350e30 DEOPT PACKING pc=0x0000026bb8f22a58 sp=0x0000009066cfebb0
Event: 1.420 Thread 0x0000026ba9350e30 DEOPT UNPACKING pc=0x0000026bb89b9d22 sp=0x0000009066cfeb50 mode 2
Event: 1.425 Thread 0x0000026ba9350e30 Uncommon trap: trap_request=0xffffffde fr.pc=0x0000026bb8fba8e0 relative=0x0000000000000860
Event: 1.425 Thread 0x0000026ba9350e30 Uncommon trap: reason=class_check action=maybe_recompile pc=0x0000026bb8fba8e0 method=java.util.regex.Pattern$Start.match(Ljava/util/regex/Matcher;ILjava/lang/CharSequence;)Z @ 44 c2
Event: 1.425 Thread 0x0000026ba9350e30 DEOPT PACKING pc=0x0000026bb8fba8e0 sp=0x0000009066cfec60
Event: 1.425 Thread 0x0000026ba9350e30 DEOPT UNPACKING pc=0x0000026bb89b9d22 sp=0x0000009066cfebb0 mode 2
Event: 1.430 Thread 0x0000026ba9350e30 Uncommon trap: trap_request=0xffffffde fr.pc=0x0000026bb8fba8e0 relative=0x0000000000000860
Event: 1.430 Thread 0x0000026ba9350e30 Uncommon trap: reason=class_check action=maybe_recompile pc=0x0000026bb8fba8e0 method=java.util.regex.Pattern$Start.match(Ljava/util/regex/Matcher;ILjava/lang/CharSequence;)Z @ 44 c2
Event: 1.430 Thread 0x0000026ba9350e30 DEOPT PACKING pc=0x0000026bb8fba8e0 sp=0x0000009066cfed40
Event: 1.430 Thread 0x0000026ba9350e30 DEOPT UNPACKING pc=0x0000026bb89b9d22 sp=0x0000009066cfec90 mode 2
Event: 1.454 Thread 0x0000026ba9350e30 DEOPT PACKING pc=0x0000026bb16a4de4 sp=0x0000009066cfe980
Event: 1.454 Thread 0x0000026ba9350e30 DEOPT UNPACKING pc=0x0000026bb89ba4c2 sp=0x0000009066cfde48 mode 0

Classes loaded (20 events):
Event: 1.453 Loading class java/net/URL$ThreadTrackHolder
Event: 1.453 Loading class java/net/URL$ThreadTrackHolder done
Event: 1.453 Loading class jdk/internal/misc/ThreadTracker
Event: 1.453 Loading class jdk/internal/misc/ThreadTracker done
Event: 1.453 Loading class jdk/internal/misc/ThreadTracker$ThreadRef
Event: 1.453 Loading class jdk/internal/misc/ThreadTracker$ThreadRef done
Event: 1.453 Loading class java/net/URL$2
Event: 1.453 Loading class java/net/URL$2 done
Event: 1.453 Loading class java/net/URL$1
Event: 1.453 Loading class java/net/URL$1 done
Event: 1.454 Loading class java/net/spi/URLStreamHandlerProvider
Event: 1.454 Loading class java/net/spi/URLStreamHandlerProvider done
Event: 1.454 Loading class sun/net/www/protocol/https/Handler
Event: 1.454 Loading class sun/net/www/protocol/http/Handler
Event: 1.455 Loading class sun/net/www/protocol/http/Handler done
Event: 1.455 Loading class sun/net/www/protocol/https/Handler done
Event: 1.456 Loading class java/util/regex/Pattern$Pos
Event: 1.456 Loading class java/util/regex/Pattern$Pos done
Event: 1.459 Loading class java/util/ArrayList$SubList$1
Event: 1.459 Loading class java/util/ArrayList$SubList$1 done

Classes unloaded (0 events):
No events

Classes redefined (0 events):
No events

Internal exceptions (20 events):
Event: 0.415 Thread 0x0000026ba9350e30 Exception <a 'java/lang/NoSuchMethodError'{0x000000008a5ffc78}: 'java.lang.Object java.lang.invoke.DirectMethodHandle$Holder.invokeInterface(java.lang.Object, java.lang.Object)'> (0x000000008a5ffc78) 
thrown [s\open\src\hotspot\share\interpreter\linkResolver.cpp, line 773]
Event: 0.428 Thread 0x0000026ba9350e30 Exception <a 'java/lang/NoSuchMethodError'{0x000000008a497170}: 'int java.lang.invoke.DirectMethodHandle$Holder.invokeStatic(java.lang.Object, java.lang.Object, java.lang.Object, java.lang.Object)'> (0x000000008a497170) 
thrown [s\open\src\hotspot\share\interpreter\linkResolver.cpp, line 773]
Event: 0.429 Thread 0x0000026ba9350e30 Exception <a 'java/lang/NoSuchMethodError'{0x000000008a49a828}: 'java.lang.Object java.lang.invoke.Invokers$Holder.invokeExact_MT(java.lang.Object, java.lang.Object, java.lang.Object, java.lang.Object, java.lang.Object, java.lang.Object)'> (0x000000008a49a828) 
thrown [s\open\src\hotspot\share\interpreter\linkResolver.cpp, line 773]
Event: 0.431 Thread 0x0000026ba9350e30 Exception <a 'java/lang/NoSuchMethodError'{0x000000008a4aac98}: 'int java.lang.invoke.DirectMethodHandle$Holder.invokeSpecialIFC(java.lang.Object, java.lang.Object, java.lang.Object, java.lang.Object, java.lang.Object)'> (0x000000008a4aac98) 
thrown [s\open\src\hotspot\share\interpreter\linkResolver.cpp, line 773]
Event: 0.472 Thread 0x0000026ba9350e30 Exception <a 'java/lang/NoSuchMethodError'{0x000000008a233210}: 'java.lang.Object java.lang.invoke.DirectMethodHandle$Holder.newInvokeSpecial(java.lang.Object, java.lang.Object, java.lang.Object, java.lang.Object, java.lang.Object)'> (0x000000008a233210) 
thrown [s\open\src\hotspot\share\interpreter\linkResolver.cpp, line 773]
Event: 0.497 Thread 0x0000026ba9350e30 Exception <a 'java/lang/NoSuchMethodError'{0x000000008a12d948}: 'int java.lang.invoke.DirectMethodHandle$Holder.invokeStaticInit(java.lang.Object, java.lang.Object)'> (0x000000008a12d948) 
thrown [s\open\src\hotspot\share\interpreter\linkResolver.cpp, line 773]
Event: 0.503 Thread 0x0000026ba9350e30 Exception <a 'java/lang/NoClassDefFoundError'{0x000000008a162770}: javax/enterprise/inject/Typed> (0x000000008a162770) 
thrown [s\open\src\hotspot\share\classfile\systemDictionary.cpp, line 294]
Event: 1.125 Thread 0x0000026ba9350e30 Exception <a 'java/lang/NoSuchMethodError'{0x000000008b162040}: 'void java.lang.invoke.DirectMethodHandle$Holder.invokeStaticInit(java.lang.Object, java.lang.Object, java.lang.Object)'> (0x000000008b162040) 
thrown [s\open\src\hotspot\share\interpreter\linkResolver.cpp, line 773]
Event: 1.128 Thread 0x0000026ba9350e30 Exception <a 'java/lang/ExceptionInInitializerError'{0x000000008b18bd48}> (0x000000008b18bd48) 
thrown [s\open\src\hotspot\share\oops\instanceKlass.cpp, line 1160]
Event: 1.151 Thread 0x0000026ba9350e30 Exception <a 'java/lang/NoSuchMethodError'{0x000000008b09b238}: 'long java.lang.invoke.DirectMethodHandle$Holder.invokeStatic(java.lang.Object, java.lang.Object, int)'> (0x000000008b09b238) 
thrown [s\open\src\hotspot\share\interpreter\linkResolver.cpp, line 773]
Event: 1.152 Thread 0x0000026ba9350e30 Exception <a 'java/lang/NoSuchMethodError'{0x000000008b0ae6d0}: 'java.lang.Object java.lang.invoke.DirectMethodHandle$Holder.invokeStatic(java.lang.Object, java.lang.Object, java.lang.Object, java.lang.Object, int)'> (0x000000008b0ae6d0) 
thrown [s\open\src\hotspot\share\interpreter\linkResolver.cpp, line 773]
Event: 1.153 Thread 0x0000026ba9350e30 Exception <a 'java/lang/NoSuchMethodError'{0x000000008b0b65e8}: 'java.lang.Object java.lang.invoke.DirectMethodHandle$Holder.invokeSpecial(java.lang.Object, java.lang.Object, java.lang.Object, java.lang.Object, long)'> (0x000000008b0b65e8) 
thrown [s\open\src\hotspot\share\interpreter\linkResolver.cpp, line 773]
Event: 1.154 Thread 0x0000026ba9350e30 Exception <a 'java/lang/NoSuchMethodError'{0x000000008b0c20d8}: 'java.lang.Object java.lang.invoke.DirectMethodHandle$Holder.invokeSpecial(java.lang.Object, java.lang.Object, java.lang.Object, int, java.lang.Object)'> (0x000000008b0c20d8) 
thrown [s\open\src\hotspot\share\interpreter\linkResolver.cpp, line 773]
Event: 1.154 Thread 0x0000026ba9350e30 Exception <a 'java/lang/NoSuchMethodError'{0x000000008b0ca1f8}: 'int java.lang.invoke.DirectMethodHandle$Holder.invokeSpecial(java.lang.Object, java.lang.Object, java.lang.Object, int)'> (0x000000008b0ca1f8) 
thrown [s\open\src\hotspot\share\interpreter\linkResolver.cpp, line 773]
Event: 1.157 Thread 0x0000026ba9350e30 Implicit null exception at 0x0000026bb8f7e7a0 to 0x0000026bb8f7e8f4
Event: 1.158 Thread 0x0000026ba9350e30 Exception <a 'java/lang/NoSuchMethodError'{0x000000008b0eedb0}: 'java.lang.Object java.lang.invoke.Invokers$Holder.invokeExact_MT(java.lang.Object, int, java.lang.Object)'> (0x000000008b0eedb0) 
thrown [s\open\src\hotspot\share\interpreter\linkResolver.cpp, line 773]
Event: 1.309 Thread 0x0000026ba9350e30 Exception <a 'java/lang/NoSuchMethodError'{0x000000008a7c3be0}: 'void java.lang.invoke.Invokers$Holder.invokeExact_MT(java.lang.Object, java.lang.Object, java.lang.Object, java.lang.Object)'> (0x000000008a7c3be0) 
thrown [s\open\src\hotspot\share\interpreter\linkResolver.cpp, line 773]
Event: 1.322 Thread 0x0000026ba9350e30 Exception <a 'java/lang/NoClassDefFoundError'{0x000000008a64dda0}: com/google/inject/servlet/ServletModuleTargetVisitor> (0x000000008a64dda0) 
thrown [s\open\src\hotspot\share\classfile\systemDictionary.cpp, line 294]
Event: 1.368 Thread 0x0000026ba9350e30 Exception <a 'java/lang/NoSuchMethodError'{0x000000008a4fdb80}: 'void java.lang.invoke.DirectMethodHandle$Holder.invokeVirtual(java.lang.Object, java.lang.Object)'> (0x000000008a4fdb80) 
thrown [s\open\src\hotspot\share\interpreter\linkResolver.cpp, line 773]
Event: 1.387 Thread 0x0000026ba9350e30 Exception <a 'java/lang/NoSuchMethodError'{0x000000008a38ca40}: 'java.lang.Object java.lang.invoke.DirectMethodHandle$Holder.invokeStaticInit(java.lang.Object, int, int, int, int)'> (0x000000008a38ca40) 
thrown [s\open\src\hotspot\share\interpreter\linkResolver.cpp, line 773]

VM Operations (20 events):
Event: 1.186 Executing VM operation: HandshakeAllThreads
Event: 1.186 Executing VM operation: HandshakeAllThreads done
Event: 1.187 Executing VM operation: HandshakeAllThreads
Event: 1.187 Executing VM operation: HandshakeAllThreads done
Event: 1.220 Executing VM operation: HandshakeAllThreads
Event: 1.220 Executing VM operation: HandshakeAllThreads done
Event: 1.305 Executing VM operation: HandshakeAllThreads
Event: 1.305 Executing VM operation: HandshakeAllThreads done
Event: 1.311 Executing VM operation: ICBufferFull
Event: 1.311 Executing VM operation: ICBufferFull done
Event: 1.376 Executing VM operation: HandshakeAllThreads
Event: 1.376 Executing VM operation: HandshakeAllThreads done
Event: 1.396 Executing VM operation: HandshakeAllThreads
Event: 1.397 Executing VM operation: HandshakeAllThreads done
Event: 1.421 Executing VM operation: HandshakeAllThreads
Event: 1.421 Executing VM operation: HandshakeAllThreads done
Event: 1.454 Executing VM operation: HandshakeAllThreads
Event: 1.454 Executing VM operation: HandshakeAllThreads done
Event: 1.455 Executing VM operation: HandshakeAllThreads
Event: 1.455 Executing VM operation: HandshakeAllThreads done

Events (13 events):
Event: 0.031 Thread 0x0000026ba9350e30 Thread added: 0x0000026ba9350e30
Event: 0.041 Thread 0x0000026bc5c89110 Thread added: 0x0000026bc5c89110
Event: 0.041 Thread 0x0000026bc5c89d10 Thread added: 0x0000026bc5c89d10
Event: 0.042 Thread 0x0000026bc5c8afe0 Thread added: 0x0000026bc5c8afe0
Event: 0.042 Thread 0x0000026bc5c8ccc0 Thread added: 0x0000026bc5c8ccc0
Event: 0.042 Thread 0x0000026bc5c8da20 Thread added: 0x0000026bc5c8da20
Event: 0.042 Thread 0x0000026bc5c8f640 Thread added: 0x0000026bc5c8f640
Event: 0.042 Thread 0x0000026bc5c90450 Thread added: 0x0000026bc5c90450
Event: 0.042 Thread 0x0000026bc5c92980 Thread added: 0x0000026bc5c92980
Event: 0.059 Thread 0x0000026bc5c560c0 Thread added: 0x0000026bc5c560c0
Event: 0.098 Thread 0x0000026c0b1a4910 Thread added: 0x0000026c0b1a4910
Event: 0.098 Thread 0x0000026c0b1a4e60 Thread added: 0x0000026c0b1a4e60
Event: 0.339 Thread 0x0000026c0b6250e0 Thread added: 0x0000026c0b6250e0


Dynamic libraries:
0x00007ff70a440000 - 0x00007ff70a450000 	C:\Program Files\Java\jdk-20\bin\java.exe
0x00007ff939730000 - 0x00007ff939947000 	C:\WINDOWS\SYSTEM32\ntdll.dll
0x00007ff937af0000 - 0x00007ff937bb4000 	C:\WINDOWS\System32\KERNEL32.DLL
0x00007ff936f30000 - 0x00007ff9372d6000 	C:\WINDOWS\System32\KERNELBASE.dll
0x00007ff937360000 - 0x00007ff937471000 	C:\WINDOWS\System32\ucrtbase.dll
0x00007ff9134c0000 - 0x00007ff9134d9000 	C:\Program Files\Java\jdk-20\bin\jli.dll
0x00007ff9120a0000 - 0x00007ff9120bb000 	C:\Program Files\Java\jdk-20\bin\VCRUNTIME140.dll
0x00007ff937550000 - 0x00007ff937603000 	C:\WINDOWS\System32\ADVAPI32.dll
0x00007ff937610000 - 0x00007ff9376b7000 	C:\WINDOWS\System32\msvcrt.dll
0x00007ff9388e0000 - 0x00007ff938988000 	C:\WINDOWS\System32\sechost.dll
0x00007ff936a70000 - 0x00007ff936a98000 	C:\WINDOWS\System32\bcrypt.dll
0x00007ff938770000 - 0x00007ff938887000 	C:\WINDOWS\System32\RPCRT4.dll
0x00007ff9390b0000 - 0x00007ff93925e000 	C:\WINDOWS\System32\USER32.dll
0x00007ff936c80000 - 0x00007ff936ca6000 	C:\WINDOWS\System32\win32u.dll
0x00007ff937520000 - 0x00007ff937549000 	C:\WINDOWS\System32\GDI32.dll
0x00007ff936e10000 - 0x00007ff936f28000 	C:\WINDOWS\System32\gdi32full.dll
0x00007ff911380000 - 0x00007ff911613000 	C:\WINDOWS\WinSxS\amd64_microsoft.windows.common-controls_6595b64144ccf1df_6.0.22621.2506_none_270c5ae97388e100\COMCTL32.dll
0x00007ff936d70000 - 0x00007ff936e0a000 	C:\WINDOWS\System32\msvcp_win.dll
0x00007ff9307b0000 - 0x00007ff9307ba000 	C:\WINDOWS\SYSTEM32\VERSION.dll
0x00007ff938b40000 - 0x00007ff938b71000 	C:\WINDOWS\System32\IMM32.DLL
0x00007ff91bdf0000 - 0x00007ff91bdfc000 	C:\Program Files\Java\jdk-20\bin\vcruntime140_1.dll
0x00007ff9038a0000 - 0x00007ff90392e000 	C:\Program Files\Java\jdk-20\bin\msvcp140.dll
0x00007ff8d0d30000 - 0x00007ff8d19c8000 	C:\Program Files\Java\jdk-20\bin\server\jvm.dll
0x00007ff9317b0000 - 0x00007ff9317b9000 	C:\WINDOWS\SYSTEM32\WSOCK32.dll
0x00007ff9302a0000 - 0x00007ff9302d4000 	C:\WINDOWS\SYSTEM32\WINMM.dll
0x00007ff9374a0000 - 0x00007ff937511000 	C:\WINDOWS\System32\WS2_32.dll
0x00007ff935ba0000 - 0x00007ff935bb8000 	C:\WINDOWS\SYSTEM32\kernel.appcore.dll
0x00007ff91a5e0000 - 0x00007ff91a5ea000 	C:\Program Files\Java\jdk-20\bin\jimage.dll
0x00007ff933ea0000 - 0x00007ff9340d3000 	C:\WINDOWS\SYSTEM32\DBGHELP.DLL
0x00007ff938d20000 - 0x00007ff9390a9000 	C:\WINDOWS\System32\combase.dll
0x00007ff9379e0000 - 0x00007ff937ab7000 	C:\WINDOWS\System32\OLEAUT32.dll
0x00007ff922ea0000 - 0x00007ff922ed2000 	C:\WINDOWS\SYSTEM32\dbgcore.DLL
0x00007ff9372e0000 - 0x00007ff93735a000 	C:\WINDOWS\System32\bcryptPrimitives.dll
0x00007ff931c60000 - 0x00007ff931c6e000 	C:\Program Files\Java\jdk-20\bin\instrument.dll
0x00007ff910480000 - 0x00007ff9104a6000 	C:\Program Files\Java\jdk-20\bin\java.dll
0x00007ff8d71b0000 - 0x00007ff8d7287000 	C:\Program Files\Java\jdk-20\bin\jsvml.dll
0x00007ff937eb0000 - 0x00007ff93870b000 	C:\WINDOWS\System32\SHELL32.dll
0x00007ff9349e0000 - 0x00007ff9352d6000 	C:\WINDOWS\SYSTEM32\windows.storage.dll
0x00007ff9348a0000 - 0x00007ff9349de000 	C:\WINDOWS\SYSTEM32\wintypes.dll
0x00007ff937720000 - 0x00007ff937813000 	C:\WINDOWS\System32\SHCORE.dll
0x00007ff938710000 - 0x00007ff93876e000 	C:\WINDOWS\System32\shlwapi.dll
0x00007ff9369a0000 - 0x00007ff9369c6000 	C:\WINDOWS\SYSTEM32\profapi.dll
0x00007ff903c40000 - 0x00007ff903c58000 	C:\Program Files\Java\jdk-20\bin\zip.dll
0x00007ff9056f0000 - 0x00007ff905703000 	C:\Program Files\Java\jdk-20\bin\net.dll
0x00007ff9312a0000 - 0x00007ff9313d7000 	C:\WINDOWS\SYSTEM32\WINHTTP.dll
0x00007ff936020000 - 0x00007ff936089000 	C:\WINDOWS\system32\mswsock.dll
0x00007ff903c60000 - 0x00007ff903c76000 	C:\Program Files\Java\jdk-20\bin\nio.dll
0x00007ff931c40000 - 0x00007ff931c5a000 	C:\Program Files\JetBrains\IntelliJ IDEA 2023.2.2\bin\breakgen64.dll
0x00007ff9134b0000 - 0x00007ff9134b7000 	C:\Program Files\Java\jdk-20\bin\extnet.dll
0x0000000069ac0000 - 0x0000000069ae4000 	C:\Users\yassi\AppData\Local\Temp\jansi-2.4.0-e898b4ca5901d351-jansi.dll
0x00007ff931c30000 - 0x00007ff931c40000 	C:\Program Files\Java\jdk-20\bin\verify.dll

dbghelp: loaded successfully - version: 4.0.5 - missing functions: none
symbol engine: initialized successfully - sym options: 0x614 - pdb path: .;C:\Program Files\Java\jdk-20\bin;C:\WINDOWS\SYSTEM32;C:\WINDOWS\WinSxS\amd64_microsoft.windows.common-controls_6595b64144ccf1df_6.0.22621.2506_none_270c5ae97388e100;C:\Program Files\Java\jdk-20\bin\server;C:\Program Files\JetBrains\IntelliJ IDEA 2023.2.2\bin;C:\Users\yassi\AppData\Local\Temp

VM Arguments:
jvm_args: -Dmaven.multiModuleProjectDirectory=C:\Users\yassi\IdeaProjects\SuiviPi1 -Djansi.passthrough=true -Dmaven.home=C:\Program Files\JetBrains\IntelliJ IDEA 2023.2.2\plugins\maven\lib\maven3 -Dclassworlds.conf=C:\Program Files\JetBrains\IntelliJ IDEA 2023.2.2\plugins\maven\lib\maven3\bin\m2.conf -Dmaven.ext.class.path=C:\Program Files\JetBrains\IntelliJ IDEA 2023.2.2\plugins\maven\lib\maven-event-listener.jar -javaagent:C:\Program Files\JetBrains\IntelliJ IDEA 2023.2.2\lib\idea_rt.jar=60033:C:\Program Files\JetBrains\IntelliJ IDEA 2023.2.2\bin -Dfile.encoding=UTF-8 -Dsun.stdout.encoding=UTF-8 -Dsun.stderr.encoding=UTF-8 
java_command: org.codehaus.classworlds.Launcher -Didea.version=2023.2.2 javafx:run
java_class_path (initial): C:\Program Files\JetBrains\IntelliJ IDEA 2023.2.2\plugins\maven\lib\maven3\boot\plexus-classworlds-2.7.0.jar;C:\Program Files\JetBrains\IntelliJ IDEA 2023.2.2\plugins\maven\lib\maven3\boot\plexus-classworlds.license
Launcher Type: SUN_STANDARD

[Global flags]
     intx CICompilerCount                          = 4                                         {product} {ergonomic}
     uint ConcGCThreads                            = 2                                         {product} {ergonomic}
     uint G1ConcRefinementThreads                  = 8                                         {product} {ergonomic}
   size_t G1HeapRegionSize                         = 1048576                                   {product} {ergonomic}
    uintx GCDrainStackTargetSize                   = 64                                        {product} {ergonomic}
   size_t InitialHeapSize                          = 132120576                                 {product} {ergonomic}
   size_t MarkStackSize                            = 4194304                                   {product} {ergonomic}
   size_t MaxHeapSize                              = 2090860544                                {product} {ergonomic}
   size_t MaxNewSize                               = 1254096896                                {product} {ergonomic}
   size_t MinHeapDeltaBytes                        = 1048576                                   {product} {ergonomic}
   size_t MinHeapSize                              = 8388608                                   {product} {ergonomic}
    uintx NonNMethodCodeHeapSize                   = 5839372                                {pd product} {ergonomic}
    uintx NonProfiledCodeHeapSize                  = 122909434                              {pd product} {ergonomic}
    uintx ProfiledCodeHeapSize                     = 122909434                              {pd product} {ergonomic}
    uintx ReservedCodeCacheSize                    = 251658240                              {pd product} {ergonomic}
     bool SegmentedCodeCache                       = true                                      {product} {ergonomic}
   size_t SoftMaxHeapSize                          = 2090860544                             {manageable} {ergonomic}
     bool UseCompressedClassPointers               = true                           {product lp64_product} {ergonomic}
     bool UseCompressedOops                        = true                           {product lp64_product} {ergonomic}
     bool UseG1GC                                  = true                                      {product} {ergonomic}
     bool UseLargePagesIndividualAllocation        = false                                  {pd product} {ergonomic}

Logging:
Log output configuration:
 #0: stdout all=warning uptime,level,tags foldmultilines=false
 #1: stderr all=off uptime,level,tags foldmultilines=false

Environment Variables:
JAVA_HOME=C:\Program Files\Java\jdk-20
PATH=C:\Users\yassi\.jdks\jbr-17.0.8.1;C:\oraclexe\app\oracle\product\10.2.0\server\bin;C:\Program Files (x86)\Common Files\Oracle\Java\javapath;C:\windows\system32;C:\windows;C:\windows\System32\Wbem;C:\windows\System32\WindowsPowerShell\v1.0\;C:\windows\System32\OpenSSH\;C:\Program Files (x86)\NVIDIA Corporation\PhysX\Common;C:\Program Files\NVIDIA Corporation\NVIDIA NvDLISR;C:\WINDOWS\system32;C:\WINDOWS;C:\WINDOWS\System32\Wbem;C:\WINDOWS\System32\WindowsPowerShell\v1.0\;C:\WINDOWS\System32\OpenSSH\;C:\Program Files\Java\jdk-20\bin;C:\xampp\php;C:\ProgramData\ComposerSetup\bin;C:\Users\yassi\scoop\shims;C:\Users\yassi\AppData\Local\Microsoft\WindowsApps;C:\Users\yassi\AppData\Local\Programs\Microsoft VS Code\bin;C:\Users\yassi\AppData\Local\GitHubDesktop\bin;C:\Program Files\JetBrains\IntelliJ IDEA 2023.2.2\bin;;C:\Users\yassi\AppData\Roaming\Composer\vendor\bin
USERNAME=yassi
OS=Windows_NT
PROCESSOR_IDENTIFIER=Intel64 Family 6 Model 165 Stepping 2, GenuineIntel
TMP=C:\Users\yassi\AppData\Local\Temp
TEMP=C:\Users\yassi\AppData\Local\Temp




---------------  S Y S T E M  ---------------

OS:
 Windows 11 , 64 bit Build 22621 (10.0.22621.3085)
OS uptime: 1 days 6:45 hours

CPU: total 8 (initial active 8) (4 cores per cpu, 2 threads per core) family 6 model 165 stepping 2 microcode 0xf0, cx8, cmov, fxsr, ht, mmx, 3dnowpref, sse, sse2, sse3, ssse3, sse4.1, sse4.2, popcnt, lzcnt, tsc, tscinvbit, avx, avx2, aes, erms, clmul, bmi1, bmi2, adx, fma, vzeroupper, clflush, clflushopt, rdtscp, f16c, pku

Memory: 4k page, system-wide physical 7968M (471M free)
TotalPageFile size 32544M (AvailPageFile size 3M)
current process WorkingSet (physical memory assigned to process): 116M, peak: 116M
current process commit charge ("private bytes"): 244M, peak: 245M

vm_info: Java HotSpot(TM) 64-Bit Server VM (20.0.2+9-78) for windows-amd64 JRE (20.0.2+9-78), built on 2023-06-14T10:08:48Z by "mach5one" with MS VC++ 17.1 (VS2022)

END.
